@!@!@STARTMSG 2262:0 @!@!@
TLC2 Version 2.13 of 18 July 2018
@!@!@ENDMSG 2262 @!@!@
@!@!@STARTMSG 2187:0 @!@!@
Running breadth-first search Model-Checking with fp 99 and seed 943186359222153208 with 2 workers on 4 cores with 1205MB heap and 2710MB offheap memory [pid: 23328] (Windows 10 10.0 amd64, Oracle Corporation 11.0.3 x86_64, OffHeapDiskFPSet, DiskStateQueue).
@!@!@ENDMSG 2187 @!@!@
@!@!@STARTMSG 2220:0 @!@!@
Starting SANY...
@!@!@ENDMSG 2220 @!@!@
Parsing file E:\421\Assignment 3\Ass3SinclaShau.toolbox\Model_1\MC.tla
Parsing file E:\421\Assignment 3\Ass3SinclaShau.toolbox\Model_1\Ass3SinclaShau.tla
Parsing file D:\Current work\489\tlaplus-master\tlaplus-master2\git\tla-visualisation\tlatools\class\tla2sany\StandardModules\TLC.tla
Parsing file D:\Current work\489\tlaplus-master\tlaplus-master2\git\tla-visualisation\tlatools\class\tla2sany\StandardModules\Naturals.tla
Parsing file D:\Current work\489\tlaplus-master\tlaplus-master2\git\tla-visualisation\tlatools\class\tla2sany\StandardModules\Integers.tla
Parsing file D:\Current work\489\tlaplus-master\tlaplus-master2\git\tla-visualisation\tlatools\class\tla2sany\StandardModules\Sequences.tla
Parsing file D:\Current work\489\tlaplus-master\tlaplus-master2\git\tla-visualisation\tlatools\class\tla2sany\StandardModules\Bags.tla
Parsing file D:\Current work\489\tlaplus-master\tlaplus-master2\git\tla-visualisation\tlatools\class\tla2sany\StandardModules\FiniteSets.tla
Parsing file E:\421\Assignment 3\Ass3SinclaShau.toolbox\Model_1\DataWire.tla
Parsing file E:\421\Assignment 3\Ass3SinclaShau.toolbox\Model_1\Sender.tla
Parsing file E:\421\Assignment 3\Ass3SinclaShau.toolbox\Model_1\Receiver.tla
Semantic processing of module Naturals
Semantic processing of module Integers
Semantic processing of module Sequences
Semantic processing of module FiniteSets
Semantic processing of module TLC
Semantic processing of module Bags
Semantic processing of module DataWire
Semantic processing of module Sender
Semantic processing of module Receiver
Semantic processing of module Ass3SinclaShau
Semantic processing of module MC
@!@!@STARTMSG 2219:0 @!@!@
SANY finished.
@!@!@ENDMSG 2219 @!@!@
@!@!@STARTMSG 2185:0 @!@!@
Starting... (2019-06-13 00:38:38)
@!@!@ENDMSG 2185 @!@!@
@!@!@STARTMSG 2212:0 @!@!@
Implied-temporal checking--satisfiability problem has 13 branches.
@!@!@ENDMSG 2212 @!@!@
@!@!@STARTMSG 2189:0 @!@!@
Computing initial states...
@!@!@ENDMSG 2189 @!@!@
@!@!@STARTMSG 2190:0 @!@!@
Finished computing initial states: 1 distinct state generated at 2019-06-13 00:38:39.
@!@!@ENDMSG 2190 @!@!@
@!@!@STARTMSG 2192:0 @!@!@
Checking 13 branches of temporal properties for the current state space with 30658 total distinct states at (2019-06-13 00:38:42)
@!@!@ENDMSG 2192 @!@!@
@!@!@STARTMSG 2267:0 @!@!@
Finished checking temporal properties in 00s at 2019-06-13 00:38:43
@!@!@ENDMSG 2267 @!@!@
@!@!@STARTMSG 2200:0 @!@!@
Progress(37) at 2019-06-13 00:38:43: 6,574 states generated (6,574 s/min), 2,510 distinct states found (2,510 ds/min), 258 states left on queue.
@!@!@ENDMSG 2200 @!@!@
@!@!@STARTMSG 1000:1 @!@!@
TLC threw an unexpected exception.
This was probably caused by an error in the spec or model.
See the User Output or TLC Console for clues to what happened.
The exception was a java.lang.RuntimeException
: Attempted to check equality of integer 6 with non-integer:
"FIN"
@!@!@ENDMSG 1000 @!@!@
@!@!@STARTMSG 2121:1 @!@!@
The behavior up to this point is:
@!@!@ENDMSG 2121 @!@!@
@!@!@STARTMSG 2217:4 @!@!@
1: <Initial predicate>
/\ senderState = "opening"
/\ receiveDataQueue = <<>>
/\ messOut = <<>>
/\ sendReqQueue = <<>>
/\ requestNum = 1
/\ reqNum = -1
/\ synNum = -1
/\ receiveReqQueue = <<>>
/\ windowStart = 1
/\ sequenceNum = 1
/\ receieverState = "ready"
/\ windowEnd = 4
/\ sendDataQueue = <<>>

@!@!@ENDMSG 2217 @!@!@
@!@!@STARTMSG 2217:4 @!@!@
2: <senderChannel line 48, col 20 to line 49, col 112 of module Ass3SinclaShau>
/\ senderState = "opening"
/\ receiveDataQueue = <<>>
/\ messOut = <<>>
/\ sendReqQueue = <<>>
/\ requestNum = 1
/\ reqNum = -1
/\ synNum = -1
/\ receiveReqQueue = <<>>
/\ windowStart = 1
/\ sequenceNum = 1
/\ receieverState = "ready"
/\ windowEnd = 4
/\ sendDataQueue = <<1, 0, 1>>

@!@!@ENDMSG 2217 @!@!@
@!@!@STARTMSG 2217:4 @!@!@
3: <dataChannel line 42, col 17 to line 43, col 166 of module Ass3SinclaShau>
/\ senderState = "opening"
/\ receiveDataQueue = <<1, 0, 1>>
/\ messOut = <<>>
/\ sendReqQueue = <<>>
/\ requestNum = 1
/\ reqNum = -1
/\ synNum = -1
/\ receiveReqQueue = <<>>
/\ windowStart = 1
/\ sequenceNum = 1
/\ receieverState = "ready"
/\ windowEnd = 4
/\ sendDataQueue = <<>>

@!@!@ENDMSG 2217 @!@!@
@!@!@STARTMSG 2217:4 @!@!@
4: <receiverChannel line 51, col 20 to line 52, col 124 of module Ass3SinclaShau>
/\ senderState = "opening"
/\ receiveDataQueue = <<1, 0, 1>>
/\ messOut = <<>>
/\ sendReqQueue = <<>>
/\ requestNum = 1
/\ reqNum = -1
/\ synNum = 2
/\ receiveReqQueue = <<>>
/\ windowStart = 1
/\ sequenceNum = 1
/\ receieverState = "SYN-RECIVED"
/\ windowEnd = 4
/\ sendDataQueue = <<>>

@!@!@ENDMSG 2217 @!@!@
@!@!@STARTMSG 2217:4 @!@!@
5: <receiverChannel line 51, col 20 to line 52, col 124 of module Ass3SinclaShau>
/\ senderState = "opening"
/\ receiveDataQueue = <<>>
/\ messOut = <<>>
/\ sendReqQueue = <<1, 1, 2, 1>>
/\ requestNum = 1
/\ reqNum = -1
/\ synNum = 2
/\ receiveReqQueue = <<>>
/\ windowStart = 1
/\ sequenceNum = 1
/\ receieverState = "SYN-RECIVED"
/\ windowEnd = 4
/\ sendDataQueue = <<>>

@!@!@ENDMSG 2217 @!@!@
@!@!@STARTMSG 2217:4 @!@!@
6: <reqChannel line 45, col 16 to line 46, col 167 of module Ass3SinclaShau>
/\ senderState = "opening"
/\ receiveDataQueue = <<>>
/\ messOut = <<>>
/\ sendReqQueue = <<>>
/\ requestNum = 1
/\ reqNum = -1
/\ synNum = 2
/\ receiveReqQueue = <<1, 1, 2, 1>>
/\ windowStart = 1
/\ sequenceNum = 1
/\ receieverState = "SYN-RECIVED"
/\ windowEnd = 4
/\ sendDataQueue = <<>>

@!@!@ENDMSG 2217 @!@!@
@!@!@STARTMSG 2217:4 @!@!@
7: <senderChannel line 48, col 20 to line 49, col 112 of module Ass3SinclaShau>
/\ senderState = "SYN_ACK_receive D"
/\ receiveDataQueue = <<>>
/\ messOut = <<>>
/\ sendReqQueue = <<>>
/\ requestNum = 1
/\ reqNum = 2
/\ synNum = 2
/\ receiveReqQueue = <<>>
/\ windowStart = 1
/\ sequenceNum = 1
/\ receieverState = "SYN-RECIVED"
/\ windowEnd = 4
/\ sendDataQueue = <<>>

@!@!@ENDMSG 2217 @!@!@
@!@!@STARTMSG 2217:4 @!@!@
8: <senderChannel line 48, col 20 to line 49, col 112 of module Ass3SinclaShau>
/\ senderState = "SYN_ACK_receive D"
/\ receiveDataQueue = <<>>
/\ messOut = <<>>
/\ sendReqQueue = <<>>
/\ requestNum = 1
/\ reqNum = 2
/\ synNum = 2
/\ receiveReqQueue = <<>>
/\ windowStart = 1
/\ sequenceNum = 1
/\ receieverState = "SYN-RECIVED"
/\ windowEnd = 4
/\ sendDataQueue = <<0, 1, 2, 2>>

@!@!@ENDMSG 2217 @!@!@
@!@!@STARTMSG 2217:4 @!@!@
9: <dataChannel line 42, col 17 to line 43, col 166 of module Ass3SinclaShau>
/\ senderState = "SYN_ACK_receive D"
/\ receiveDataQueue = <<0, 1, 2, 2>>
/\ messOut = <<>>
/\ sendReqQueue = <<>>
/\ requestNum = 1
/\ reqNum = 2
/\ synNum = 2
/\ receiveReqQueue = <<>>
/\ windowStart = 1
/\ sequenceNum = 1
/\ receieverState = "SYN-RECIVED"
/\ windowEnd = 4
/\ sendDataQueue = <<>>

@!@!@ENDMSG 2217 @!@!@
@!@!@STARTMSG 2217:4 @!@!@
10: <senderChannel line 48, col 20 to line 49, col 112 of module Ass3SinclaShau>
/\ senderState = "SYN_ACK_receive D"
/\ receiveDataQueue = <<0, 1, 2, 2>>
/\ messOut = <<>>
/\ sendReqQueue = <<>>
/\ requestNum = 1
/\ reqNum = 2
/\ synNum = 2
/\ receiveReqQueue = <<>>
/\ windowStart = 1
/\ sequenceNum = 1
/\ receieverState = "SYN-RECIVED"
/\ windowEnd = 4
/\ sendDataQueue = <<0, 1, 2, 2>>

@!@!@ENDMSG 2217 @!@!@
@!@!@STARTMSG 2217:4 @!@!@
11: <receiverChannel line 51, col 20 to line 52, col 124 of module Ass3SinclaShau>
/\ senderState = "SYN_ACK_receive D"
/\ receiveDataQueue = <<>>
/\ messOut = <<>>
/\ sendReqQueue = <<>>
/\ requestNum = 1
/\ reqNum = 2
/\ synNum = 2
/\ receiveReqQueue = <<>>
/\ windowStart = 1
/\ sequenceNum = 1
/\ receieverState = "WAIT-FOR-DATA"
/\ windowEnd = 4
/\ sendDataQueue = <<0, 1, 2, 2>>

@!@!@ENDMSG 2217 @!@!@
@!@!@STARTMSG 2217:4 @!@!@
12: <dataChannel line 42, col 17 to line 43, col 166 of module Ass3SinclaShau>
/\ senderState = "SYN_ACK_receive D"
/\ receiveDataQueue = <<0, 1, 2, 2>>
/\ messOut = <<>>
/\ sendReqQueue = <<>>
/\ requestNum = 1
/\ reqNum = 2
/\ synNum = 2
/\ receiveReqQueue = <<>>
/\ windowStart = 1
/\ sequenceNum = 1
/\ receieverState = "WAIT-FOR-DATA"
/\ windowEnd = 4
/\ sendDataQueue = <<>>

@!@!@ENDMSG 2217 @!@!@
@!@!@STARTMSG 2217:4 @!@!@
13: <receiverChannel line 51, col 20 to line 52, col 124 of module Ass3SinclaShau>
/\ senderState = "SYN_ACK_receive D"
/\ receiveDataQueue = <<>>
/\ messOut = <<>>
/\ sendReqQueue = <<1>>
/\ requestNum = 1
/\ reqNum = 2
/\ synNum = 2
/\ receiveReqQueue = <<>>
/\ windowStart = 1
/\ sequenceNum = 1
/\ receieverState = "WAIT-FOR-DATA"
/\ windowEnd = 4
/\ sendDataQueue = <<>>

@!@!@ENDMSG 2217 @!@!@
@!@!@STARTMSG 2217:4 @!@!@
14: <reqChannel line 45, col 16 to line 46, col 167 of module Ass3SinclaShau>
/\ senderState = "SYN_ACK_receive D"
/\ receiveDataQueue = <<>>
/\ messOut = <<>>
/\ sendReqQueue = <<>>
/\ requestNum = 1
/\ reqNum = 2
/\ synNum = 2
/\ receiveReqQueue = <<1>>
/\ windowStart = 1
/\ sequenceNum = 1
/\ receieverState = "WAIT-FOR-DATA"
/\ windowEnd = 4
/\ sendDataQueue = <<>>

@!@!@ENDMSG 2217 @!@!@
@!@!@STARTMSG 2217:4 @!@!@
15: <senderChannel line 48, col 20 to line 49, col 112 of module Ass3SinclaShau>
/\ senderState = "open"
/\ receiveDataQueue = <<>>
/\ messOut = <<>>
/\ sendReqQueue = <<>>
/\ requestNum = 1
/\ reqNum = 2
/\ synNum = 2
/\ receiveReqQueue = <<1>>
/\ windowStart = 1
/\ sequenceNum = 1
/\ receieverState = "WAIT-FOR-DATA"
/\ windowEnd = 4
/\ sendDataQueue = <<>>

@!@!@ENDMSG 2217 @!@!@
@!@!@STARTMSG 2217:4 @!@!@
16: <senderChannel line 48, col 20 to line 49, col 112 of module Ass3SinclaShau>
/\ senderState = "open"
/\ receiveDataQueue = <<>>
/\ messOut = <<>>
/\ sendReqQueue = <<>>
/\ requestNum = 1
/\ reqNum = 2
/\ synNum = 2
/\ receiveReqQueue = <<>>
/\ windowStart = 1
/\ sequenceNum = 2
/\ receieverState = "WAIT-FOR-DATA"
/\ windowEnd = 4
/\ sendDataQueue = <<1, "a">>

@!@!@ENDMSG 2217 @!@!@
@!@!@STARTMSG 2217:4 @!@!@
17: <dataChannel line 42, col 17 to line 43, col 166 of module Ass3SinclaShau>
/\ senderState = "open"
/\ receiveDataQueue = <<1, "a">>
/\ messOut = <<>>
/\ sendReqQueue = <<>>
/\ requestNum = 1
/\ reqNum = 2
/\ synNum = 2
/\ receiveReqQueue = <<>>
/\ windowStart = 1
/\ sequenceNum = 2
/\ receieverState = "WAIT-FOR-DATA"
/\ windowEnd = 4
/\ sendDataQueue = <<>>

@!@!@ENDMSG 2217 @!@!@
@!@!@STARTMSG 2217:4 @!@!@
18: <receiverChannel line 51, col 20 to line 52, col 124 of module Ass3SinclaShau>
/\ senderState = "open"
/\ receiveDataQueue = <<1, "a">>
/\ messOut = <<>>
/\ sendReqQueue = <<>>
/\ requestNum = 1
/\ reqNum = 2
/\ synNum = 2
/\ receiveReqQueue = <<>>
/\ windowStart = 1
/\ sequenceNum = 2
/\ receieverState = "open"
/\ windowEnd = 4
/\ sendDataQueue = <<>>

@!@!@ENDMSG 2217 @!@!@
@!@!@STARTMSG 2217:4 @!@!@
19: <receiverChannel line 51, col 20 to line 52, col 124 of module Ass3SinclaShau>
/\ senderState = "open"
/\ receiveDataQueue = <<>>
/\ messOut = <<"a">>
/\ sendReqQueue = <<2>>
/\ requestNum = 2
/\ reqNum = 2
/\ synNum = 2
/\ receiveReqQueue = <<>>
/\ windowStart = 1
/\ sequenceNum = 2
/\ receieverState = "open"
/\ windowEnd = 4
/\ sendDataQueue = <<>>

@!@!@ENDMSG 2217 @!@!@
@!@!@STARTMSG 2217:4 @!@!@
20: <reqChannel line 45, col 16 to line 46, col 167 of module Ass3SinclaShau>
/\ senderState = "open"
/\ receiveDataQueue = <<>>
/\ messOut = <<"a">>
/\ sendReqQueue = <<>>
/\ requestNum = 2
/\ reqNum = 2
/\ synNum = 2
/\ receiveReqQueue = <<2>>
/\ windowStart = 1
/\ sequenceNum = 2
/\ receieverState = "open"
/\ windowEnd = 4
/\ sendDataQueue = <<>>

@!@!@ENDMSG 2217 @!@!@
@!@!@STARTMSG 2217:4 @!@!@
21: <senderChannel line 48, col 20 to line 49, col 112 of module Ass3SinclaShau>
/\ senderState = "open"
/\ receiveDataQueue = <<>>
/\ messOut = <<"a">>
/\ sendReqQueue = <<>>
/\ requestNum = 2
/\ reqNum = 2
/\ synNum = 2
/\ receiveReqQueue = <<>>
/\ windowStart = 2
/\ sequenceNum = 3
/\ receieverState = "open"
/\ windowEnd = 5
/\ sendDataQueue = <<2, "b">>

@!@!@ENDMSG 2217 @!@!@
@!@!@STARTMSG 2217:4 @!@!@
22: <dataChannel line 42, col 17 to line 43, col 166 of module Ass3SinclaShau>
/\ senderState = "open"
/\ receiveDataQueue = <<2, "b">>
/\ messOut = <<"a">>
/\ sendReqQueue = <<>>
/\ requestNum = 2
/\ reqNum = 2
/\ synNum = 2
/\ receiveReqQueue = <<>>
/\ windowStart = 2
/\ sequenceNum = 3
/\ receieverState = "open"
/\ windowEnd = 5
/\ sendDataQueue = <<>>

@!@!@ENDMSG 2217 @!@!@
@!@!@STARTMSG 2217:4 @!@!@
23: <senderChannel line 48, col 20 to line 49, col 112 of module Ass3SinclaShau>
/\ senderState = "open"
/\ receiveDataQueue = <<2, "b">>
/\ messOut = <<"a">>
/\ sendReqQueue = <<>>
/\ requestNum = 2
/\ reqNum = 2
/\ synNum = 2
/\ receiveReqQueue = <<>>
/\ windowStart = 2
/\ sequenceNum = 4
/\ receieverState = "open"
/\ windowEnd = 5
/\ sendDataQueue = <<3, "c">>

@!@!@ENDMSG 2217 @!@!@
@!@!@STARTMSG 2217:4 @!@!@
24: <receiverChannel line 51, col 20 to line 52, col 124 of module Ass3SinclaShau>
/\ senderState = "open"
/\ receiveDataQueue = <<>>
/\ messOut = <<"a", "b">>
/\ sendReqQueue = <<3>>
/\ requestNum = 3
/\ reqNum = 2
/\ synNum = 2
/\ receiveReqQueue = <<>>
/\ windowStart = 2
/\ sequenceNum = 4
/\ receieverState = "open"
/\ windowEnd = 5
/\ sendDataQueue = <<3, "c">>

@!@!@ENDMSG 2217 @!@!@
@!@!@STARTMSG 2217:4 @!@!@
25: <dataChannel line 42, col 17 to line 43, col 166 of module Ass3SinclaShau>
/\ senderState = "open"
/\ receiveDataQueue = <<3, "c">>
/\ messOut = <<"a", "b">>
/\ sendReqQueue = <<3>>
/\ requestNum = 3
/\ reqNum = 2
/\ synNum = 2
/\ receiveReqQueue = <<>>
/\ windowStart = 2
/\ sequenceNum = 4
/\ receieverState = "open"
/\ windowEnd = 5
/\ sendDataQueue = <<>>

@!@!@ENDMSG 2217 @!@!@
@!@!@STARTMSG 2217:4 @!@!@
26: <senderChannel line 48, col 20 to line 49, col 112 of module Ass3SinclaShau>
/\ senderState = "open"
/\ receiveDataQueue = <<3, "c">>
/\ messOut = <<"a", "b">>
/\ sendReqQueue = <<3>>
/\ requestNum = 3
/\ reqNum = 2
/\ synNum = 2
/\ receiveReqQueue = <<>>
/\ windowStart = 2
/\ sequenceNum = 5
/\ receieverState = "open"
/\ windowEnd = 5
/\ sendDataQueue = <<4, "d">>

@!@!@ENDMSG 2217 @!@!@
@!@!@STARTMSG 2217:4 @!@!@
27: <receiverChannel line 51, col 20 to line 52, col 124 of module Ass3SinclaShau>
/\ senderState = "open"
/\ receiveDataQueue = <<>>
/\ messOut = <<"a", "b", "c">>
/\ sendReqQueue = <<4>>
/\ requestNum = 4
/\ reqNum = 2
/\ synNum = 2
/\ receiveReqQueue = <<>>
/\ windowStart = 2
/\ sequenceNum = 5
/\ receieverState = "open"
/\ windowEnd = 5
/\ sendDataQueue = <<4, "d">>

@!@!@ENDMSG 2217 @!@!@
@!@!@STARTMSG 2217:4 @!@!@
28: <dataChannel line 42, col 17 to line 43, col 166 of module Ass3SinclaShau>
/\ senderState = "open"
/\ receiveDataQueue = <<4, "d">>
/\ messOut = <<"a", "b", "c">>
/\ sendReqQueue = <<4>>
/\ requestNum = 4
/\ reqNum = 2
/\ synNum = 2
/\ receiveReqQueue = <<>>
/\ windowStart = 2
/\ sequenceNum = 5
/\ receieverState = "open"
/\ windowEnd = 5
/\ sendDataQueue = <<>>

@!@!@ENDMSG 2217 @!@!@
@!@!@STARTMSG 2217:4 @!@!@
29: <senderChannel line 48, col 20 to line 49, col 112 of module Ass3SinclaShau>
/\ senderState = "open"
/\ receiveDataQueue = <<4, "d">>
/\ messOut = <<"a", "b", "c">>
/\ sendReqQueue = <<4>>
/\ requestNum = 4
/\ reqNum = 2
/\ synNum = 2
/\ receiveReqQueue = <<>>
/\ windowStart = 2
/\ sequenceNum = 2
/\ receieverState = "open"
/\ windowEnd = 5
/\ sendDataQueue = <<5, "e">>

@!@!@ENDMSG 2217 @!@!@
@!@!@STARTMSG 2217:4 @!@!@
30: <receiverChannel line 51, col 20 to line 52, col 124 of module Ass3SinclaShau>
/\ senderState = "open"
/\ receiveDataQueue = <<>>
/\ messOut = <<"a", "b", "c", "d">>
/\ sendReqQueue = <<5>>
/\ requestNum = 5
/\ reqNum = 2
/\ synNum = 2
/\ receiveReqQueue = <<>>
/\ windowStart = 2
/\ sequenceNum = 2
/\ receieverState = "open"
/\ windowEnd = 5
/\ sendDataQueue = <<5, "e">>

@!@!@ENDMSG 2217 @!@!@
@!@!@STARTMSG 2217:4 @!@!@
31: <dataChannel line 42, col 17 to line 43, col 166 of module Ass3SinclaShau>
/\ senderState = "open"
/\ receiveDataQueue = <<5, "e">>
/\ messOut = <<"a", "b", "c", "d">>
/\ sendReqQueue = <<5>>
/\ requestNum = 5
/\ reqNum = 2
/\ synNum = 2
/\ receiveReqQueue = <<>>
/\ windowStart = 2
/\ sequenceNum = 2
/\ receieverState = "open"
/\ windowEnd = 5
/\ sendDataQueue = <<>>

@!@!@ENDMSG 2217 @!@!@
@!@!@STARTMSG 2217:4 @!@!@
32: <senderChannel line 48, col 20 to line 49, col 112 of module Ass3SinclaShau>
/\ senderState = "open"
/\ receiveDataQueue = <<5, "e">>
/\ messOut = <<"a", "b", "c", "d">>
/\ sendReqQueue = <<5>>
/\ requestNum = 5
/\ reqNum = 2
/\ synNum = 2
/\ receiveReqQueue = <<>>
/\ windowStart = 2
/\ sequenceNum = 3
/\ receieverState = "open"
/\ windowEnd = 5
/\ sendDataQueue = <<2, "b">>

@!@!@ENDMSG 2217 @!@!@
@!@!@STARTMSG 2217:4 @!@!@
33: <receiverChannel line 51, col 20 to line 52, col 124 of module Ass3SinclaShau>
/\ senderState = "open"
/\ receiveDataQueue = <<>>
/\ messOut = <<"a", "b", "c", "d", "e">>
/\ sendReqQueue = <<6>>
/\ requestNum = 6
/\ reqNum = 2
/\ synNum = 2
/\ receiveReqQueue = <<>>
/\ windowStart = 2
/\ sequenceNum = 3
/\ receieverState = "open"
/\ windowEnd = 5
/\ sendDataQueue = <<2, "b">>

@!@!@ENDMSG 2217 @!@!@
@!@!@STARTMSG 2217:4 @!@!@
34: <dataChannel line 42, col 17 to line 43, col 166 of module Ass3SinclaShau>
/\ senderState = "open"
/\ receiveDataQueue = <<2, "b">>
/\ messOut = <<"a", "b", "c", "d", "e">>
/\ sendReqQueue = <<6>>
/\ requestNum = 6
/\ reqNum = 2
/\ synNum = 2
/\ receiveReqQueue = <<>>
/\ windowStart = 2
/\ sequenceNum = 3
/\ receieverState = "open"
/\ windowEnd = 5
/\ sendDataQueue = <<>>

@!@!@ENDMSG 2217 @!@!@
@!@!@STARTMSG 2217:4 @!@!@
35: <reqChannel line 45, col 16 to line 46, col 167 of module Ass3SinclaShau>
/\ senderState = "open"
/\ receiveDataQueue = <<2, "b">>
/\ messOut = <<"a", "b", "c", "d", "e">>
/\ sendReqQueue = <<>>
/\ requestNum = 6
/\ reqNum = 2
/\ synNum = 2
/\ receiveReqQueue = <<6>>
/\ windowStart = 2
/\ sequenceNum = 3
/\ receieverState = "open"
/\ windowEnd = 5
/\ sendDataQueue = <<>>

@!@!@ENDMSG 2217 @!@!@
@!@!@STARTMSG 2217:4 @!@!@
36: <senderChannel line 48, col 20 to line 49, col 112 of module Ass3SinclaShau>
/\ senderState = "closing"
/\ receiveDataQueue = <<2, "b">>
/\ messOut = <<"a", "b", "c", "d", "e">>
/\ sendReqQueue = <<>>
/\ requestNum = 6
/\ reqNum = 2
/\ synNum = 2
/\ receiveReqQueue = <<>>
/\ windowStart = 2
/\ sequenceNum = 3
/\ receieverState = "open"
/\ windowEnd = 5
/\ sendDataQueue = <<>>

@!@!@ENDMSG 2217 @!@!@
@!@!@STARTMSG 2217:4 @!@!@
37: <receiverChannel line 51, col 20 to line 52, col 124 of module Ass3SinclaShau>
/\ senderState = "closing"
/\ receiveDataQueue = <<>>
/\ messOut = <<"a", "b", "c", "d", "e">>
/\ sendReqQueue = <<6>>
/\ requestNum = 6
/\ reqNum = 2
/\ synNum = 2
/\ receiveReqQueue = <<>>
/\ windowStart = 2
/\ sequenceNum = 3
/\ receieverState = "open"
/\ windowEnd = 5
/\ sendDataQueue = <<>>

@!@!@ENDMSG 2217 @!@!@
@!@!@STARTMSG 2217:4 @!@!@
38: <reqChannel line 45, col 16 to line 46, col 167 of module Ass3SinclaShau>
/\ senderState = "closing"
/\ receiveDataQueue = <<>>
/\ messOut = <<"a", "b", "c", "d", "e">>
/\ sendReqQueue = <<>>
/\ requestNum = 6
/\ reqNum = 2
/\ synNum = 2
/\ receiveReqQueue = <<6>>
/\ windowStart = 2
/\ sequenceNum = 3
/\ receieverState = "open"
/\ windowEnd = 5
/\ sendDataQueue = <<>>

@!@!@ENDMSG 2217 @!@!@
@!@!@STARTMSG 2103:1 @!@!@
The error occurred when TLC was evaluating the nested
expressions at the following positions:
0. Line 48, column 20 to line 49, column 112 in Ass3SinclaShau
1. Line 48, column 24 to line 48, column 34 in Ass3SinclaShau
2. Line 30, column 1 to line 30, column 109 in Ass3SinclaShau
3. Line 250, column 9 to line 250, column 43 in Sender
4. Line 250, column 9 to line 250, column 33 in Sender
5. Line 250, column 31 to line 250, column 33 in Sender
6. Line 217, column 8 to line 233, column 69 in Sender
7. Line 217, column 11 to line 217, column 27 in Sender
8. Line 218, column 11 to line 227, column 35 in Sender
9. Line 219, column 19 to line 225, column 46 in Sender
10. Line 219, column 22 to line 225, column 46 in Sender
11. Line 220, column 30 to line 223, column 57 in Sender
12. Line 220, column 33 to line 223, column 57 in Sender
13. Line 220, column 36 to line 220, column 56 in Sender


@!@!@ENDMSG 2103 @!@!@
@!@!@STARTMSG 2201:0 @!@!@
The coverage statistics at 2019-06-13 00:38:44
@!@!@ENDMSG 2201 @!@!@
@!@!@STARTMSG 2773:0 @!@!@
<Init line 35, col 1 to line 35, col 4 of module Ass3SinclaShau>: 2
@!@!@ENDMSG 2773 @!@!@
@!@!@STARTMSG 2221:0 @!@!@
  line 35, col 10 to line 38, col 25 of module Ass3SinclaShau: 2
@!@!@ENDMSG 2221 @!@!@
@!@!@STARTMSG 2772:0 @!@!@
<dataChannel line 42, col 1 to line 42, col 11 of module Ass3SinclaShau>: 750:1725
@!@!@ENDMSG 2772 @!@!@
@!@!@STARTMSG 2221:0 @!@!@
  line 28, col 1 to line 28, col 86 of module Ass3SinclaShau: 54135
@!@!@ENDMSG 2221 @!@!@
@!@!@STARTMSG 2221:0 @!@!@
  line 28, col 45 to line 28, col 57 of module Ass3SinclaShau: 540567
@!@!@ENDMSG 2221 @!@!@
@!@!@STARTMSG 2221:0 @!@!@
  line 28, col 71 to line 28, col 86 of module Ass3SinclaShau: 313817
@!@!@ENDMSG 2221 @!@!@
@!@!@STARTMSG 2221:0 @!@!@
  line 60, col 16 to line 60, col 28 of module DataWire: 3395
@!@!@ENDMSG 2221 @!@!@
@!@!@STARTMSG 2221:0 @!@!@
  |line 60, col 16 to line 60, col 21 of module DataWire: 2820
@!@!@ENDMSG 2221 @!@!@
@!@!@STARTMSG 2221:0 @!@!@
  |line 60, col 25 to line 60, col 28 of module DataWire: 2820
@!@!@ENDMSG 2221 @!@!@
@!@!@STARTMSG 2221:0 @!@!@
  line 60, col 33 to line 60, col 46 of module DataWire: 1900
@!@!@ENDMSG 2221 @!@!@
@!@!@STARTMSG 2221:0 @!@!@
  |line 60, col 33 to line 60, col 39 of module DataWire: 1325
@!@!@ENDMSG 2221 @!@!@
@!@!@STARTMSG 2221:0 @!@!@
  |line 60, col 43 to line 60, col 46 of module DataWire: 1325
@!@!@ENDMSG 2221 @!@!@
@!@!@STARTMSG 2221:0 @!@!@
  line 61, col 16 to line 61, col 32 of module DataWire: 575
@!@!@ENDMSG 2221 @!@!@
@!@!@STARTMSG 2221:0 @!@!@
  line 62, col 16 to line 62, col 29 of module DataWire: 575
@!@!@ENDMSG 2221 @!@!@
@!@!@STARTMSG 2221:0 @!@!@
  line 64, col 15 to line 64, col 27 of module DataWire: 3395
@!@!@ENDMSG 2221 @!@!@
@!@!@STARTMSG 2221:0 @!@!@
  |line 64, col 15 to line 64, col 20 of module DataWire: 2820
@!@!@ENDMSG 2221 @!@!@
@!@!@STARTMSG 2221:0 @!@!@
  |line 64, col 24 to line 64, col 27 of module DataWire: 2820
@!@!@ENDMSG 2221 @!@!@
@!@!@STARTMSG 2221:0 @!@!@
  line 64, col 32 to line 64, col 45 of module DataWire: 1900
@!@!@ENDMSG 2221 @!@!@
@!@!@STARTMSG 2221:0 @!@!@
  |line 64, col 32 to line 64, col 38 of module DataWire: 1325
@!@!@ENDMSG 2221 @!@!@
@!@!@STARTMSG 2221:0 @!@!@
  |line 64, col 42 to line 64, col 45 of module DataWire: 1325
@!@!@ENDMSG 2221 @!@!@
@!@!@STARTMSG 2221:0 @!@!@
  line 65, col 15 to line 65, col 41 of module DataWire: 575
@!@!@ENDMSG 2221 @!@!@
@!@!@STARTMSG 2221:0 @!@!@
  line 66, col 15 to line 66, col 28 of module DataWire: 575
@!@!@ENDMSG 2221 @!@!@
@!@!@STARTMSG 2221:0 @!@!@
  line 68, col 12 to line 68, col 24 of module DataWire: 3395
@!@!@ENDMSG 2221 @!@!@
@!@!@STARTMSG 2221:0 @!@!@
  |line 68, col 12 to line 68, col 17 of module DataWire: 2820
@!@!@ENDMSG 2221 @!@!@
@!@!@STARTMSG 2221:0 @!@!@
  |line 68, col 21 to line 68, col 24 of module DataWire: 2820
@!@!@ENDMSG 2221 @!@!@
@!@!@STARTMSG 2221:0 @!@!@
  line 68, col 29 to line 68, col 42 of module DataWire: 1900
@!@!@ENDMSG 2221 @!@!@
@!@!@STARTMSG 2221:0 @!@!@
  |line 68, col 29 to line 68, col 35 of module DataWire: 1325
@!@!@ENDMSG 2221 @!@!@
@!@!@STARTMSG 2221:0 @!@!@
  |line 68, col 39 to line 68, col 42 of module DataWire: 1325
@!@!@ENDMSG 2221 @!@!@
@!@!@STARTMSG 2221:0 @!@!@
  line 69, col 12 to line 69, col 26 of module DataWire: 575
@!@!@ENDMSG 2221 @!@!@
@!@!@STARTMSG 2221:0 @!@!@
  line 70, col 12 to line 70, col 25 of module DataWire: 575
@!@!@ENDMSG 2221 @!@!@
@!@!@STARTMSG 2221:0 @!@!@
  line 43, col 21 to line 43, col 166 of module Ass3SinclaShau: 1725
@!@!@ENDMSG 2221 @!@!@
@!@!@STARTMSG 2772:0 @!@!@
<reqChannel line 45, col 1 to line 45, col 10 of module Ass3SinclaShau>: 1168:1629
@!@!@ENDMSG 2772 @!@!@
@!@!@STARTMSG 2221:0 @!@!@
  line 29, col 1 to line 29, col 83 of module Ass3SinclaShau: 543
@!@!@ENDMSG 2221 @!@!@
@!@!@STARTMSG 2221:0 @!@!@
  line 29, col 44 to line 29, col 55 of module Ass3SinclaShau: 8976
@!@!@ENDMSG 2221 @!@!@
@!@!@STARTMSG 2221:0 @!@!@
  line 29, col 69 to line 29, col 83 of module Ass3SinclaShau: 3198
@!@!@ENDMSG 2221 @!@!@
@!@!@STARTMSG 2221:0 @!@!@
  line 60, col 16 to line 60, col 28 of module DataWire: 3354
@!@!@ENDMSG 2221 @!@!@
@!@!@STARTMSG 2221:0 @!@!@
  |line 60, col 16 to line 60, col 21 of module DataWire: 2811
@!@!@ENDMSG 2221 @!@!@
@!@!@STARTMSG 2221:0 @!@!@
  |line 60, col 25 to line 60, col 28 of module DataWire: 2811
@!@!@ENDMSG 2221 @!@!@
@!@!@STARTMSG 2221:0 @!@!@
  line 60, col 33 to line 60, col 46 of module DataWire: 1609
@!@!@ENDMSG 2221 @!@!@
@!@!@STARTMSG 2221:0 @!@!@
  |line 60, col 33 to line 60, col 39 of module DataWire: 1066
@!@!@ENDMSG 2221 @!@!@
@!@!@STARTMSG 2221:0 @!@!@
  |line 60, col 43 to line 60, col 46 of module DataWire: 1066
@!@!@ENDMSG 2221 @!@!@
@!@!@STARTMSG 2221:0 @!@!@
  line 61, col 16 to line 61, col 32 of module DataWire: 543
@!@!@ENDMSG 2221 @!@!@
@!@!@STARTMSG 2221:0 @!@!@
  line 62, col 16 to line 62, col 29 of module DataWire: 543
@!@!@ENDMSG 2221 @!@!@
@!@!@STARTMSG 2221:0 @!@!@
  line 64, col 15 to line 64, col 27 of module DataWire: 3354
@!@!@ENDMSG 2221 @!@!@
@!@!@STARTMSG 2221:0 @!@!@
  |line 64, col 15 to line 64, col 20 of module DataWire: 2811
@!@!@ENDMSG 2221 @!@!@
@!@!@STARTMSG 2221:0 @!@!@
  |line 64, col 24 to line 64, col 27 of module DataWire: 2811
@!@!@ENDMSG 2221 @!@!@
@!@!@STARTMSG 2221:0 @!@!@
  line 64, col 32 to line 64, col 45 of module DataWire: 1609
@!@!@ENDMSG 2221 @!@!@
@!@!@STARTMSG 2221:0 @!@!@
  |line 64, col 32 to line 64, col 38 of module DataWire: 1066
@!@!@ENDMSG 2221 @!@!@
@!@!@STARTMSG 2221:0 @!@!@
  |line 64, col 42 to line 64, col 45 of module DataWire: 1066
@!@!@ENDMSG 2221 @!@!@
@!@!@STARTMSG 2221:0 @!@!@
  line 65, col 15 to line 65, col 41 of module DataWire: 543
@!@!@ENDMSG 2221 @!@!@
@!@!@STARTMSG 2221:0 @!@!@
  line 66, col 15 to line 66, col 28 of module DataWire: 543
@!@!@ENDMSG 2221 @!@!@
@!@!@STARTMSG 2221:0 @!@!@
  line 68, col 12 to line 68, col 24 of module DataWire: 3354
@!@!@ENDMSG 2221 @!@!@
@!@!@STARTMSG 2221:0 @!@!@
  |line 68, col 12 to line 68, col 17 of module DataWire: 2811
@!@!@ENDMSG 2221 @!@!@
@!@!@STARTMSG 2221:0 @!@!@
  |line 68, col 21 to line 68, col 24 of module DataWire: 2811
@!@!@ENDMSG 2221 @!@!@
@!@!@STARTMSG 2221:0 @!@!@
  line 68, col 29 to line 68, col 42 of module DataWire: 1609
@!@!@ENDMSG 2221 @!@!@
@!@!@STARTMSG 2221:0 @!@!@
  |line 68, col 29 to line 68, col 35 of module DataWire: 1066
@!@!@ENDMSG 2221 @!@!@
@!@!@STARTMSG 2221:0 @!@!@
  |line 68, col 39 to line 68, col 42 of module DataWire: 1066
@!@!@ENDMSG 2221 @!@!@
@!@!@STARTMSG 2221:0 @!@!@
  line 69, col 12 to line 69, col 26 of module DataWire: 543
@!@!@ENDMSG 2221 @!@!@
@!@!@STARTMSG 2221:0 @!@!@
  line 70, col 12 to line 70, col 25 of module DataWire: 543
@!@!@ENDMSG 2221 @!@!@
@!@!@STARTMSG 2221:0 @!@!@
  line 46, col 20 to line 46, col 167 of module Ass3SinclaShau: 1629
@!@!@ENDMSG 2221 @!@!@
@!@!@STARTMSG 2772:0 @!@!@
<senderChannel line 48, col 1 to line 48, col 13 of module Ass3SinclaShau>: 648:3056
@!@!@ENDMSG 2772 @!@!@
@!@!@STARTMSG 2221:0 @!@!@
  line 30, col 1 to line 30, col 109 of module Ass3SinclaShau: 689
@!@!@ENDMSG 2221 @!@!@
@!@!@STARTMSG 2221:0 @!@!@
  line 30, col 1 to line 30, col 109 of module Ass3SinclaShau: 11214
@!@!@ENDMSG 2221 @!@!@
@!@!@STARTMSG 2221:0 @!@!@
  line 30, col 1 to line 30, col 109 of module Ass3SinclaShau: 3715
@!@!@ENDMSG 2221 @!@!@
@!@!@STARTMSG 2221:0 @!@!@
  line 30, col 1 to line 30, col 109 of module Ass3SinclaShau: 8345
@!@!@ENDMSG 2221 @!@!@
@!@!@STARTMSG 2221:0 @!@!@
  line 30, col 1 to line 30, col 109 of module Ass3SinclaShau: 2374
@!@!@ENDMSG 2221 @!@!@
@!@!@STARTMSG 2221:0 @!@!@
  line 30, col 1 to line 30, col 109 of module Ass3SinclaShau: 2086
@!@!@ENDMSG 2221 @!@!@
@!@!@STARTMSG 2221:0 @!@!@
  line 30, col 1 to line 30, col 109 of module Ass3SinclaShau: 118
@!@!@ENDMSG 2221 @!@!@
@!@!@STARTMSG 2221:0 @!@!@
  line 30, col 44 to line 30, col 56 of module Ass3SinclaShau: 5376
@!@!@ENDMSG 2221 @!@!@
@!@!@STARTMSG 2221:0 @!@!@
  line 30, col 73 to line 30, col 87 of module Ass3SinclaShau: 11732
@!@!@ENDMSG 2221 @!@!@
@!@!@STARTMSG 2221:0 @!@!@
  line 30, col 99 to line 30, col 109 of module Ass3SinclaShau: 17707
@!@!@ENDMSG 2221 @!@!@
@!@!@STARTMSG 2221:0 @!@!@
  line 156, col 12 to line 156, col 25 of module Sender: 4764
@!@!@ENDMSG 2221 @!@!@
@!@!@STARTMSG 2221:0 @!@!@
  |line 156, col 12 to line 156, col 16 of module Sender: 2806
@!@!@ENDMSG 2221 @!@!@
@!@!@STARTMSG 2221:0 @!@!@
  line 156, col 31 to line 156, col 45 of module Sender: 3872
@!@!@ENDMSG 2221 @!@!@
@!@!@STARTMSG 2221:0 @!@!@
  |line 156, col 31 to line 156, col 38 of module Sender: 2530
@!@!@ENDMSG 2221 @!@!@
@!@!@STARTMSG 2221:0 @!@!@
  |line 156, col 42 to line 156, col 45 of module Sender: 2530
@!@!@ENDMSG 2221 @!@!@
@!@!@STARTMSG 2221:0 @!@!@
  line 156, col 50 to line 156, col 66 of module Sender: 3988
@!@!@ENDMSG 2221 @!@!@
@!@!@STARTMSG 2221:0 @!@!@
  |line 156, col 50 to line 156, col 59 of module Sender: 2530
@!@!@ENDMSG 2221 @!@!@
@!@!@STARTMSG 2221:0 @!@!@
  |line 156, col 63 to line 156, col 66 of module Sender: 2530
@!@!@ENDMSG 2221 @!@!@
@!@!@STARTMSG 2221:0 @!@!@
  line 157, col 15 to line 157, col 63 of module Sender: 2800
@!@!@ENDMSG 2221 @!@!@
@!@!@STARTMSG 2221:0 @!@!@
  |line 157, col 15 to line 157, col 31 of module Sender: 2800
@!@!@ENDMSG 2221 @!@!@
@!@!@STARTMSG 2221:0 @!@!@
  |line 157, col 36 to line 157, col 63 of module Sender: 2300
@!@!@ENDMSG 2221 @!@!@
@!@!@STARTMSG 2221:0 @!@!@
  line 158, col 26 to line 158, col 56 of module Sender: 1204
@!@!@ENDMSG 2221 @!@!@
@!@!@STARTMSG 2221:0 @!@!@
  line 159, col 34 to line 159, col 51 of module Sender: 142
@!@!@ENDMSG 2221 @!@!@
@!@!@STARTMSG 2221:0 @!@!@
  line 160, col 34 to line 160, col 71 of module Sender: 142
@!@!@ENDMSG 2221 @!@!@
@!@!@STARTMSG 2221:0 @!@!@
  line 161, col 37 to line 161, col 63 of module Sender: 1062
@!@!@ENDMSG 2221 @!@!@
@!@!@STARTMSG 2221:0 @!@!@
  line 162, col 42 to line 163, col 72 of module Sender: 687
@!@!@ENDMSG 2221 @!@!@
@!@!@STARTMSG 2221:0 @!@!@
  line 164, col 45 to line 164, col 48 of module Sender: 375
@!@!@ENDMSG 2221 @!@!@
@!@!@STARTMSG 2221:0 @!@!@
  line 165, col 45 to line 166, col 69 of module Sender: 375
@!@!@ENDMSG 2221 @!@!@
@!@!@STARTMSG 2221:0 @!@!@
  line 167, col 34 to line 167, col 47 of module Sender: 1062
@!@!@ENDMSG 2221 @!@!@
@!@!@STARTMSG 2221:0 @!@!@
  line 168, col 23 to line 168, col 26 of module Sender: 1596
@!@!@ENDMSG 2221 @!@!@
@!@!@STARTMSG 2221:0 @!@!@
  line 169, col 23 to line 169, col 67 of module Sender: 1596
@!@!@ENDMSG 2221 @!@!@
@!@!@STARTMSG 2221:0 @!@!@
  line 170, col 12 to line 170, col 29 of module Sender: 2800
@!@!@ENDMSG 2221 @!@!@
@!@!@STARTMSG 2221:0 @!@!@
  line 171, col 15 to line 171, col 105 of module Sender: 2800
@!@!@ENDMSG 2221 @!@!@
@!@!@STARTMSG 2221:0 @!@!@
  |line 171, col 15 to line 171, col 83 of module Sender: 2800
@!@!@ENDMSG 2221 @!@!@
@!@!@STARTMSG 2221:0 @!@!@
  ||line 171, col 15 to line 171, col 48 of module Sender: 2800
@!@!@ENDMSG 2221 @!@!@
@!@!@STARTMSG 2221:0 @!@!@
  |||line 171, col 15 to line 171, col 29 of module Sender: 2800
@!@!@ENDMSG 2221 @!@!@
@!@!@STARTMSG 2221:0 @!@!@
  |||line 171, col 34 to line 171, col 48 of module Sender: 2184
@!@!@ENDMSG 2221 @!@!@
@!@!@STARTMSG 2221:0 @!@!@
  ||line 171, col 53 to line 171, col 83 of module Sender: 2184
@!@!@ENDMSG 2221 @!@!@
@!@!@STARTMSG 2221:0 @!@!@
  |line 171, col 88 to line 171, col 105 of module Sender: 2184
@!@!@ENDMSG 2221 @!@!@
@!@!@STARTMSG 2221:0 @!@!@
  line 172, col 23 to line 172, col 72 of module Sender: 2086
@!@!@ENDMSG 2221 @!@!@
@!@!@STARTMSG 2221:0 @!@!@
  line 173, col 26 to line 173, col 83 of module Sender: 2086
@!@!@ENDMSG 2221 @!@!@
@!@!@STARTMSG 2221:0 @!@!@
  |line 173, col 26 to line 173, col 49 of module Sender: 2086
@!@!@ENDMSG 2221 @!@!@
@!@!@STARTMSG 2221:0 @!@!@
  |line 173, col 54 to line 173, col 83 of module Sender: 1613
@!@!@ENDMSG 2221 @!@!@
@!@!@STARTMSG 2221:0 @!@!@
  line 174, col 31 to line 174, col 63 of module Sender: 1046
@!@!@ENDMSG 2221 @!@!@
@!@!@STARTMSG 2221:0 @!@!@
  line 175, col 31 to line 175, col 60 of module Sender: 1040
@!@!@ENDMSG 2221 @!@!@
@!@!@STARTMSG 2221:0 @!@!@
  line 176, col 23 to line 176, col 26 of module Sender: 714
@!@!@ENDMSG 2221 @!@!@
@!@!@STARTMSG 2221:0 @!@!@
  line 177, col 23 to line 177, col 59 of module Sender: 714
@!@!@ENDMSG 2221 @!@!@
@!@!@STARTMSG 2221:0 @!@!@
  line 178, col 12 to line 178, col 27 of module Sender: 2800
@!@!@ENDMSG 2221 @!@!@
@!@!@STARTMSG 2221:0 @!@!@
  line 180, col 11 to line 180, col 27 of module Sender: 2835
@!@!@ENDMSG 2221 @!@!@
@!@!@STARTMSG 2221:0 @!@!@
  |line 180, col 11 to line 180, col 15 of module Sender: 2806
@!@!@ENDMSG 2221 @!@!@
@!@!@STARTMSG 2221:0 @!@!@
  line 180, col 32 to line 180, col 46 of module Sender: 75
@!@!@ENDMSG 2221 @!@!@
@!@!@STARTMSG 2221:0 @!@!@
  |line 180, col 32 to line 180, col 39 of module Sender: 46
@!@!@ENDMSG 2221 @!@!@
@!@!@STARTMSG 2221:0 @!@!@
  |line 180, col 43 to line 180, col 46 of module Sender: 46
@!@!@ENDMSG 2221 @!@!@
@!@!@STARTMSG 2221:0 @!@!@
  line 181, col 14 to line 181, col 30 of module Sender: 29
@!@!@ENDMSG 2221 @!@!@
@!@!@STARTMSG 2221:0 @!@!@
  line 182, col 25 to line 182, col 49 of module Sender: 13
@!@!@ENDMSG 2221 @!@!@
@!@!@STARTMSG 2221:0 @!@!@
  line 183, col 36 to line 183, col 108 of module Sender: 13
@!@!@ENDMSG 2221 @!@!@
@!@!@STARTMSG 2221:0 @!@!@
  |line 183, col 36 to line 183, col 73 of module Sender: 13
@!@!@ENDMSG 2221 @!@!@
@!@!@STARTMSG 2221:0 @!@!@
  ||line 183, col 36 to line 183, col 52 of module Sender: 13
@!@!@ENDMSG 2221 @!@!@
@!@!@STARTMSG 2221:0 @!@!@
  ||line 183, col 57 to line 183, col 73 of module Sender: 7
@!@!@ENDMSG 2221 @!@!@
@!@!@STARTMSG 2221:0 @!@!@
  |line 183, col 78 to line 183, col 108 of module Sender: 7
@!@!@ENDMSG 2221 @!@!@
@!@!@STARTMSG 2221:0 @!@!@
  line 184, col 41 to line 185, col 71 of module Sender: 7
@!@!@ENDMSG 2221 @!@!@
@!@!@STARTMSG 2221:0 @!@!@
  line 186, col 44 to line 186, col 47 of module Sender: 6
@!@!@ENDMSG 2221 @!@!@
@!@!@STARTMSG 2221:0 @!@!@
  line 187, col 44 to line 187, col 72 of module Sender: 6
@!@!@ENDMSG 2221 @!@!@
@!@!@STARTMSG 2221:0 @!@!@
  line 189, col 33 to line 189, col 61 of module Sender: 0
@!@!@ENDMSG 2221 @!@!@
@!@!@STARTMSG 2221:0 @!@!@
  line 190, col 22 to line 190, col 39 of module Sender: 13
@!@!@ENDMSG 2221 @!@!@
@!@!@STARTMSG 2221:0 @!@!@
  line 191, col 22 to line 191, col 25 of module Sender: 16
@!@!@ENDMSG 2221 @!@!@
@!@!@STARTMSG 2221:0 @!@!@
  line 192, col 22 to line 192, col 62 of module Sender: 16
@!@!@ENDMSG 2221 @!@!@
@!@!@STARTMSG 2221:0 @!@!@
  line 193, col 14 to line 193, col 31 of module Sender: 29
@!@!@ENDMSG 2221 @!@!@
@!@!@STARTMSG 2221:0 @!@!@
  line 194, col 19 to line 194, col 54 of module Sender: 22
@!@!@ENDMSG 2221 @!@!@
@!@!@STARTMSG 2221:0 @!@!@
  line 195, col 22 to line 195, col 25 of module Sender: 7
@!@!@ENDMSG 2221 @!@!@
@!@!@STARTMSG 2221:0 @!@!@
  line 196, col 22 to line 196, col 39 of module Sender: 7
@!@!@ENDMSG 2221 @!@!@
@!@!@STARTMSG 2221:0 @!@!@
  line 197, col 11 to line 197, col 61 of module Sender: 29
@!@!@ENDMSG 2221 @!@!@
@!@!@STARTMSG 2221:0 @!@!@
  line 199, col 11 to line 199, col 37 of module Sender: 2901
@!@!@ENDMSG 2221 @!@!@
@!@!@STARTMSG 2221:0 @!@!@
  |line 199, col 11 to line 199, col 15 of module Sender: 2806
@!@!@ENDMSG 2221 @!@!@
@!@!@STARTMSG 2221:0 @!@!@
  line 200, col 14 to line 200, col 30 of module Sender: 95
@!@!@ENDMSG 2221 @!@!@
@!@!@STARTMSG 2221:0 @!@!@
  line 201, col 25 to line 201, col 49 of module Sender: 57
@!@!@ENDMSG 2221 @!@!@
@!@!@STARTMSG 2221:0 @!@!@
  line 202, col 36 to line 202, col 83 of module Sender: 57
@!@!@ENDMSG 2221 @!@!@
@!@!@STARTMSG 2221:0 @!@!@
  |line 202, col 36 to line 202, col 54 of module Sender: 57
@!@!@ENDMSG 2221 @!@!@
@!@!@STARTMSG 2221:0 @!@!@
  |line 202, col 59 to line 202, col 83 of module Sender: 34
@!@!@ENDMSG 2221 @!@!@
@!@!@STARTMSG 2221:0 @!@!@
  line 203, col 44 to line 203, col 58 of module Sender: 11
@!@!@ENDMSG 2221 @!@!@
@!@!@STARTMSG 2221:0 @!@!@
  line 204, col 44 to line 204, col 63 of module Sender: 11
@!@!@ENDMSG 2221 @!@!@
@!@!@STARTMSG 2221:0 @!@!@
  line 205, col 41 to line 206, col 57 of module Sender: 46
@!@!@ENDMSG 2221 @!@!@
@!@!@STARTMSG 2221:0 @!@!@
  line 209, col 22 to line 209, col 25 of module Sender: 38
@!@!@ENDMSG 2221 @!@!@
@!@!@STARTMSG 2221:0 @!@!@
  line 210, col 22 to line 210, col 54 of module Sender: 38
@!@!@ENDMSG 2221 @!@!@
@!@!@STARTMSG 2221:0 @!@!@
  line 211, col 14 to line 211, col 41 of module Sender: 95
@!@!@ENDMSG 2221 @!@!@
@!@!@STARTMSG 2221:0 @!@!@
  line 212, col 19 to line 212, col 66 of module Sender: 84
@!@!@ENDMSG 2221 @!@!@
@!@!@STARTMSG 2221:0 @!@!@
  line 213, col 22 to line 213, col 25 of module Sender: 11
@!@!@ENDMSG 2221 @!@!@
@!@!@STARTMSG 2221:0 @!@!@
  line 214, col 22 to line 214, col 39 of module Sender: 11
@!@!@ENDMSG 2221 @!@!@
@!@!@STARTMSG 2221:0 @!@!@
  line 215, col 11 to line 215, col 69 of module Sender: 95
@!@!@ENDMSG 2221 @!@!@
@!@!@STARTMSG 2221:0 @!@!@
  line 217, col 11 to line 217, col 27 of module Sender: 2938
@!@!@ENDMSG 2221 @!@!@
@!@!@STARTMSG 2221:0 @!@!@
  |line 217, col 11 to line 217, col 15 of module Sender: 2806
@!@!@ENDMSG 2221 @!@!@
@!@!@STARTMSG 2221:0 @!@!@
  line 218, col 14 to line 218, col 30 of module Sender: 135
@!@!@ENDMSG 2221 @!@!@
@!@!@STARTMSG 2221:0 @!@!@
  line 219, col 25 to line 219, col 49 of module Sender: 4
@!@!@ENDMSG 2221 @!@!@
@!@!@STARTMSG 2221:0 @!@!@
  line 220, col 36 to line 220, col 56 of module Sender: 4
@!@!@ENDMSG 2221 @!@!@
@!@!@STARTMSG 2221:0 @!@!@
  line 222, col 41 to line 223, col 57 of module Sender: 1
@!@!@ENDMSG 2221 @!@!@
@!@!@STARTMSG 2221:0 @!@!@
  line 226, col 19 to line 227, col 35 of module Sender: 131
@!@!@ENDMSG 2221 @!@!@
@!@!@STARTMSG 2221:0 @!@!@
  line 228, col 11 to line 228, col 28 of module Sender: 132
@!@!@ENDMSG 2221 @!@!@
@!@!@STARTMSG 2221:0 @!@!@
  line 229, col 14 to line 229, col 31 of module Sender: 132
@!@!@ENDMSG 2221 @!@!@
@!@!@STARTMSG 2221:0 @!@!@
  line 230, col 19 to line 230, col 39 of module Sender: 132
@!@!@ENDMSG 2221 @!@!@
@!@!@STARTMSG 2221:0 @!@!@
  line 232, col 22 to line 232, col 39 of module Sender: 0
@!@!@ENDMSG 2221 @!@!@
@!@!@STARTMSG 2221:0 @!@!@
  line 233, col 11 to line 233, col 69 of module Sender: 132
@!@!@ENDMSG 2221 @!@!@
@!@!@STARTMSG 2221:0 @!@!@
  line 235, col 14 to line 235, col 51 of module Sender: 2803
@!@!@ENDMSG 2221 @!@!@
@!@!@STARTMSG 2221:0 @!@!@
  line 247, col 25 to line 247, col 42 of module Sender: 0
@!@!@ENDMSG 2221 @!@!@
@!@!@STARTMSG 2221:0 @!@!@
  line 248, col 14 to line 248, col 72 of module Sender: 0
@!@!@ENDMSG 2221 @!@!@
@!@!@STARTMSG 2221:0 @!@!@
  line 49, col 24 to line 49, col 112 of module Ass3SinclaShau: 3056
@!@!@ENDMSG 2221 @!@!@
@!@!@STARTMSG 2772:0 @!@!@
<receiverChannel line 51, col 1 to line 51, col 15 of module Ass3SinclaShau>: 400:1705
@!@!@ENDMSG 2772 @!@!@
@!@!@STARTMSG 2221:0 @!@!@
  line 31, col 1 to line 31, col 135 of module Ass3SinclaShau: 2217
@!@!@ENDMSG 2221 @!@!@
@!@!@STARTMSG 2221:0 @!@!@
  line 31, col 1 to line 31, col 135 of module Ass3SinclaShau: 1698
@!@!@ENDMSG 2221 @!@!@
@!@!@STARTMSG 2221:0 @!@!@
  line 31, col 1 to line 31, col 135 of module Ass3SinclaShau: 54
@!@!@ENDMSG 2221 @!@!@
@!@!@STARTMSG 2221:0 @!@!@
  line 31, col 76 to line 31, col 91 of module Ass3SinclaShau: 12329
@!@!@ENDMSG 2221 @!@!@
@!@!@STARTMSG 2221:0 @!@!@
  line 31, col 104 to line 31, col 110 of module Ass3SinclaShau: 190
@!@!@ENDMSG 2221 @!@!@
@!@!@STARTMSG 2221:0 @!@!@
  line 31, col 122 to line 31, col 135 of module Ass3SinclaShau: 17461
@!@!@ENDMSG 2221 @!@!@
@!@!@STARTMSG 2221:0 @!@!@
  line 138, col 15 to line 138, col 32 of module Receiver: 4305
@!@!@ENDMSG 2221 @!@!@
@!@!@STARTMSG 2221:0 @!@!@
  |line 138, col 15 to line 138, col 25 of module Receiver: 2791
@!@!@ENDMSG 2221 @!@!@
@!@!@STARTMSG 2221:0 @!@!@
  |line 138, col 29 to line 138, col 32 of module Receiver: 2791
@!@!@ENDMSG 2221 @!@!@
@!@!@STARTMSG 2221:0 @!@!@
  line 138, col 37 to line 138, col 50 of module Receiver: 3212
@!@!@ENDMSG 2221 @!@!@
@!@!@STARTMSG 2221:0 @!@!@
  |line 138, col 37 to line 138, col 41 of module Receiver: 1698
@!@!@ENDMSG 2221 @!@!@
@!@!@STARTMSG 2221:0 @!@!@
  line 139, col 18 to line 139, col 46 of module Receiver: 1514
@!@!@ENDMSG 2221 @!@!@
@!@!@STARTMSG 2221:0 @!@!@
  line 140, col 29 to line 140, col 47 of module Receiver: 882
@!@!@ENDMSG 2221 @!@!@
@!@!@STARTMSG 2221:0 @!@!@
  line 141, col 37 to line 141, col 54 of module Receiver: 15
@!@!@ENDMSG 2221 @!@!@
@!@!@STARTMSG 2221:0 @!@!@
  line 142, col 37 to line 142, col 79 of module Receiver: 15
@!@!@ENDMSG 2221 @!@!@
@!@!@STARTMSG 2221:0 @!@!@
  line 143, col 41 to line 143, col 67 of module Receiver: 867
@!@!@ENDMSG 2221 @!@!@
@!@!@STARTMSG 2221:0 @!@!@
  line 144, col 45 to line 145, col 75 of module Receiver: 190
@!@!@ENDMSG 2221 @!@!@
@!@!@STARTMSG 2221:0 @!@!@
  line 146, col 48 to line 146, col 51 of module Receiver: 677
@!@!@ENDMSG 2221 @!@!@
@!@!@STARTMSG 2221:0 @!@!@
  line 147, col 48 to line 147, col 81 of module Receiver: 677
@!@!@ENDMSG 2221 @!@!@
@!@!@STARTMSG 2221:0 @!@!@
  line 148, col 37 to line 148, col 62 of module Receiver: 867
@!@!@ENDMSG 2221 @!@!@
@!@!@STARTMSG 2221:0 @!@!@
  line 149, col 37 to line 149, col 50 of module Receiver: 867
@!@!@ENDMSG 2221 @!@!@
@!@!@STARTMSG 2221:0 @!@!@
  line 150, col 26 to line 150, col 29 of module Receiver: 632
@!@!@ENDMSG 2221 @!@!@
@!@!@STARTMSG 2221:0 @!@!@
  line 151, col 26 to line 151, col 75 of module Receiver: 632
@!@!@ENDMSG 2221 @!@!@
@!@!@STARTMSG 2221:0 @!@!@
  line 152, col 15 to line 152, col 33 of module Receiver: 1514
@!@!@ENDMSG 2221 @!@!@
@!@!@STARTMSG 2221:0 @!@!@
  line 153, col 15 to line 153, col 30 of module Receiver: 1514
@!@!@ENDMSG 2221 @!@!@
@!@!@STARTMSG 2221:0 @!@!@
  line 155, col 15 to line 155, col 29 of module Receiver: 2796
@!@!@ENDMSG 2221 @!@!@
@!@!@STARTMSG 2221:0 @!@!@
  |line 155, col 15 to line 155, col 19 of module Receiver: 2791
@!@!@ENDMSG 2221 @!@!@
@!@!@STARTMSG 2221:0 @!@!@
  line 155, col 34 to line 155, col 51 of module Receiver: 12
@!@!@ENDMSG 2221 @!@!@
@!@!@STARTMSG 2221:0 @!@!@
  |line 155, col 34 to line 155, col 44 of module Receiver: 7
@!@!@ENDMSG 2221 @!@!@
@!@!@STARTMSG 2221:0 @!@!@
  |line 155, col 48 to line 155, col 51 of module Receiver: 7
@!@!@ENDMSG 2221 @!@!@
@!@!@STARTMSG 2221:0 @!@!@
  line 156, col 18 to line 156, col 43 of module Receiver: 5
@!@!@ENDMSG 2221 @!@!@
@!@!@STARTMSG 2221:0 @!@!@
  line 157, col 29 to line 157, col 68 of module Receiver: 5
@!@!@ENDMSG 2221 @!@!@
@!@!@STARTMSG 2221:0 @!@!@
  |line 157, col 29 to line 157, col 46 of module Receiver: 5
@!@!@ENDMSG 2221 @!@!@
@!@!@STARTMSG 2221:0 @!@!@
  |line 157, col 51 to line 157, col 68 of module Receiver: 3
@!@!@ENDMSG 2221 @!@!@
@!@!@STARTMSG 2221:0 @!@!@
  line 158, col 37 to line 158, col 64 of module Receiver: 3
@!@!@ENDMSG 2221 @!@!@
@!@!@STARTMSG 2221:0 @!@!@
  line 159, col 37 to line 159, col 58 of module Receiver: 3
@!@!@ENDMSG 2221 @!@!@
@!@!@STARTMSG 2221:0 @!@!@
  line 160, col 37 to line 160, col 57 of module Receiver: 3
@!@!@ENDMSG 2221 @!@!@
@!@!@STARTMSG 2221:0 @!@!@
  line 161, col 37 to line 161, col 55 of module Receiver: 2
@!@!@ENDMSG 2221 @!@!@
@!@!@STARTMSG 2221:0 @!@!@
  line 162, col 37 to line 162, col 65 of module Receiver: 2
@!@!@ENDMSG 2221 @!@!@
@!@!@STARTMSG 2221:0 @!@!@
  line 164, col 26 to line 164, col 54 of module Receiver: 0
@!@!@ENDMSG 2221 @!@!@
@!@!@STARTMSG 2221:0 @!@!@
  line 165, col 15 to line 165, col 57 of module Receiver: 5
@!@!@ENDMSG 2221 @!@!@
@!@!@STARTMSG 2221:0 @!@!@
  line 167, col 18 to line 167, col 38 of module Receiver: 2845
@!@!@ENDMSG 2221 @!@!@
@!@!@STARTMSG 2221:0 @!@!@
  |line 167, col 18 to line 167, col 22 of module Receiver: 2791
@!@!@ENDMSG 2221 @!@!@
@!@!@STARTMSG 2221:0 @!@!@
  line 167, col 43 to line 167, col 60 of module Receiver: 132
@!@!@ENDMSG 2221 @!@!@
@!@!@STARTMSG 2221:0 @!@!@
  |line 167, col 43 to line 167, col 53 of module Receiver: 78
@!@!@ENDMSG 2221 @!@!@
@!@!@STARTMSG 2221:0 @!@!@
  |line 167, col 57 to line 167, col 60 of module Receiver: 78
@!@!@ENDMSG 2221 @!@!@
@!@!@STARTMSG 2221:0 @!@!@
  line 168, col 21 to line 168, col 46 of module Receiver: 54
@!@!@ENDMSG 2221 @!@!@
@!@!@STARTMSG 2221:0 @!@!@
  line 169, col 32 to line 169, col 157 of module Receiver: 54
@!@!@ENDMSG 2221 @!@!@
@!@!@STARTMSG 2221:0 @!@!@
  |line 169, col 32 to line 169, col 122 of module Receiver: 54
@!@!@ENDMSG 2221 @!@!@
@!@!@STARTMSG 2221:0 @!@!@
  ||line 169, col 32 to line 169, col 95 of module Receiver: 54
@!@!@ENDMSG 2221 @!@!@
@!@!@STARTMSG 2221:0 @!@!@
  |||line 169, col 32 to line 169, col 73 of module Receiver: 54
@!@!@ENDMSG 2221 @!@!@
@!@!@STARTMSG 2221:0 @!@!@
  ||||line 169, col 32 to line 169, col 51 of module Receiver: 54
@!@!@ENDMSG 2221 @!@!@
@!@!@STARTMSG 2221:0 @!@!@
  ||||line 169, col 56 to line 169, col 73 of module Receiver: 11
@!@!@ENDMSG 2221 @!@!@
@!@!@STARTMSG 2221:0 @!@!@
  |||line 169, col 78 to line 169, col 95 of module Receiver: 11
@!@!@ENDMSG 2221 @!@!@
@!@!@STARTMSG 2221:0 @!@!@
  ||line 169, col 100 to line 169, col 122 of module Receiver: 11
@!@!@ENDMSG 2221 @!@!@
@!@!@STARTMSG 2221:0 @!@!@
  |line 169, col 127 to line 169, col 157 of module Receiver: 11
@!@!@ENDMSG 2221 @!@!@
@!@!@STARTMSG 2221:0 @!@!@
  line 170, col 37 to line 170, col 63 of module Receiver: 11
@!@!@ENDMSG 2221 @!@!@
@!@!@STARTMSG 2221:0 @!@!@
  line 171, col 37 to line 172, col 53 of module Receiver: 43
@!@!@ENDMSG 2221 @!@!@
@!@!@STARTMSG 2221:0 @!@!@
  line 173, col 29 to line 173, col 47 of module Receiver: 54
@!@!@ENDMSG 2221 @!@!@
@!@!@STARTMSG 2221:0 @!@!@
  line 176, col 21 to line 176, col 42 of module Receiver: 54
@!@!@ENDMSG 2221 @!@!@
@!@!@STARTMSG 2221:0 @!@!@
  line 177, col 26 to line 177, col 67 of module Receiver: 43
@!@!@ENDMSG 2221 @!@!@
@!@!@STARTMSG 2221:0 @!@!@
  line 178, col 29 to line 178, col 32 of module Receiver: 11
@!@!@ENDMSG 2221 @!@!@
@!@!@STARTMSG 2221:0 @!@!@
  line 179, col 29 to line 179, col 45 of module Receiver: 11
@!@!@ENDMSG 2221 @!@!@
@!@!@STARTMSG 2221:0 @!@!@
  line 180, col 18 to line 180, col 59 of module Receiver: 54
@!@!@ENDMSG 2221 @!@!@
@!@!@STARTMSG 2221:0 @!@!@
  line 182, col 16 to line 182, col 33 of module Receiver: 2916
@!@!@ENDMSG 2221 @!@!@
@!@!@STARTMSG 2221:0 @!@!@
  |line 182, col 16 to line 182, col 26 of module Receiver: 2791
@!@!@ENDMSG 2221 @!@!@
@!@!@STARTMSG 2221:0 @!@!@
  |line 182, col 30 to line 182, col 33 of module Receiver: 2791
@!@!@ENDMSG 2221 @!@!@
@!@!@STARTMSG 2221:0 @!@!@
  line 182, col 38 to line 182, col 60 of module Receiver: 1823
@!@!@ENDMSG 2221 @!@!@
@!@!@STARTMSG 2221:0 @!@!@
  |line 182, col 38 to line 182, col 42 of module Receiver: 1698
@!@!@ENDMSG 2221 @!@!@
@!@!@STARTMSG 2221:0 @!@!@
  line 183, col 19 to line 183, col 44 of module Receiver: 125
@!@!@ENDMSG 2221 @!@!@
@!@!@STARTMSG 2221:0 @!@!@
  line 184, col 30 to line 184, col 56 of module Receiver: 125
@!@!@ENDMSG 2221 @!@!@
@!@!@STARTMSG 2221:0 @!@!@
  line 185, col 35 to line 185, col 52 of module Receiver: 11
@!@!@ENDMSG 2221 @!@!@
@!@!@STARTMSG 2221:0 @!@!@
  line 186, col 35 to line 187, col 51 of module Receiver: 114
@!@!@ENDMSG 2221 @!@!@
@!@!@STARTMSG 2221:0 @!@!@
  line 190, col 19 to line 190, col 42 of module Receiver: 125
@!@!@ENDMSG 2221 @!@!@
@!@!@STARTMSG 2221:0 @!@!@
  line 191, col 24 to line 192, col 45 of module Receiver: 114
@!@!@ENDMSG 2221 @!@!@
@!@!@STARTMSG 2221:0 @!@!@
  line 193, col 27 to line 193, col 30 of module Receiver: 11
@!@!@ENDMSG 2221 @!@!@
@!@!@STARTMSG 2221:0 @!@!@
  line 194, col 27 to line 194, col 62 of module Receiver: 11
@!@!@ENDMSG 2221 @!@!@
@!@!@STARTMSG 2221:0 @!@!@
  line 195, col 16 to line 195, col 57 of module Receiver: 125
@!@!@ENDMSG 2221 @!@!@
@!@!@STARTMSG 2221:0 @!@!@
  line 197, col 15 to line 197, col 32 of module Receiver: 2791
@!@!@ENDMSG 2221 @!@!@
@!@!@STARTMSG 2221:0 @!@!@
  line 197, col 37 to line 197, col 53 of module Receiver: 1698
@!@!@ENDMSG 2221 @!@!@
@!@!@STARTMSG 2221:0 @!@!@
  line 208, col 26 to line 208, col 42 of module Receiver: 0
@!@!@ENDMSG 2221 @!@!@
@!@!@STARTMSG 2221:0 @!@!@
  line 209, col 15 to line 209, col 69 of module Receiver: 0
@!@!@ENDMSG 2221 @!@!@
@!@!@STARTMSG 2221:0 @!@!@
  line 211, col 15 to line 211, col 31 of module Receiver: 2797
@!@!@ENDMSG 2221 @!@!@
@!@!@STARTMSG 2221:0 @!@!@
  |line 211, col 15 to line 211, col 19 of module Receiver: 2791
@!@!@ENDMSG 2221 @!@!@
@!@!@STARTMSG 2221:0 @!@!@
  line 211, col 36 to line 211, col 51 of module Receiver: 2792
@!@!@ENDMSG 2221 @!@!@
@!@!@STARTMSG 2221:0 @!@!@
  |line 211, col 36 to line 211, col 40 of module Receiver: 2791
@!@!@ENDMSG 2221 @!@!@
@!@!@STARTMSG 2221:0 @!@!@
  line 212, col 15 to line 212, col 31 of module Receiver: 7
@!@!@ENDMSG 2221 @!@!@
@!@!@STARTMSG 2221:0 @!@!@
  line 213, col 15 to line 213, col 34 of module Receiver: 7
@!@!@ENDMSG 2221 @!@!@
@!@!@STARTMSG 2221:0 @!@!@
  line 214, col 15 to line 214, col 69 of module Receiver: 7
@!@!@ENDMSG 2221 @!@!@
@!@!@STARTMSG 2221:0 @!@!@
  line 52, col 23 to line 52, col 124 of module Ass3SinclaShau: 1705
@!@!@ENDMSG 2221 @!@!@
@!@!@STARTMSG 2202:0 @!@!@
End of statistics.
@!@!@ENDMSG 2202 @!@!@
@!@!@STARTMSG 2200:0 @!@!@
Progress(39) at 2019-06-13 00:38:44: 8,003 states generated (62,653 s/min), 2,967 distinct states found (23,228 ds/min), 189 states left on queue.
@!@!@ENDMSG 2200 @!@!@
@!@!@STARTMSG 2199:0 @!@!@
8003 states generated, 2967 distinct states found, 189 states left on queue.
@!@!@ENDMSG 2199 @!@!@
@!@!@STARTMSG 2194:0 @!@!@
The depth of the complete state graph search is 39.
@!@!@ENDMSG 2194 @!@!@
@!@!@STARTMSG 2268:0 @!@!@
The average outdegree of the complete state graph is 1 (minimum is 0, the maximum 6 and the 95th percentile is 4).
@!@!@ENDMSG 2268 @!@!@
@!@!@STARTMSG 2186:0 @!@!@
Finished in 8106ms at (2019-06-13 00:38:44)
@!@!@ENDMSG 2186 @!@!@
