@!@!@STARTMSG 2262:0 @!@!@
TLC2 Version 2.13 of 18 July 2018
@!@!@ENDMSG 2262 @!@!@
@!@!@STARTMSG 2187:0 @!@!@
Running breadth-first search Model-Checking with fp 108 and seed -2672514674966300143 with 2 workers on 4 cores with 1205MB heap and 2710MB offheap memory [pid: 20156] (Windows 10 10.0 amd64, Oracle Corporation 11.0.3 x86_64, OffHeapDiskFPSet, DiskStateQueue).
@!@!@ENDMSG 2187 @!@!@
@!@!@STARTMSG 2220:0 @!@!@
Starting SANY...
@!@!@ENDMSG 2220 @!@!@
Parsing file E:\421\Assignment 3\Ass3SinclaShau.toolbox\Model_1\MC.tla
Parsing file E:\421\Assignment 3\Ass3SinclaShau.toolbox\Model_1\Ass3SinclaShau.tla
Parsing file D:\Current work\489\tlaplus-master\tlaplus-master2\git\tla-visualisation\tlatools\class\tla2sany\StandardModules\TLC.tla
Parsing file D:\Current work\489\tlaplus-master\tlaplus-master2\git\tla-visualisation\tlatools\class\tla2sany\StandardModules\Naturals.tla
Parsing file D:\Current work\489\tlaplus-master\tlaplus-master2\git\tla-visualisation\tlatools\class\tla2sany\StandardModules\Integers.tla
Parsing file D:\Current work\489\tlaplus-master\tlaplus-master2\git\tla-visualisation\tlatools\class\tla2sany\StandardModules\Sequences.tla
Parsing file D:\Current work\489\tlaplus-master\tlaplus-master2\git\tla-visualisation\tlatools\class\tla2sany\StandardModules\Bags.tla
Parsing file D:\Current work\489\tlaplus-master\tlaplus-master2\git\tla-visualisation\tlatools\class\tla2sany\StandardModules\FiniteSets.tla
Parsing file E:\421\Assignment 3\Ass3SinclaShau.toolbox\Model_1\DataWire.tla
Parsing file E:\421\Assignment 3\Ass3SinclaShau.toolbox\Model_1\Sender.tla
Parsing file E:\421\Assignment 3\Ass3SinclaShau.toolbox\Model_1\Reciver.tla
Semantic processing of module Naturals
Semantic processing of module Integers
Semantic processing of module Sequences
Semantic processing of module FiniteSets
Semantic processing of module TLC
Semantic processing of module Bags
Semantic processing of module DataWire
Semantic processing of module Sender
Semantic processing of module Reciver
Semantic processing of module Ass3SinclaShau
Semantic processing of module MC
@!@!@STARTMSG 2219:0 @!@!@
SANY finished.
@!@!@ENDMSG 2219 @!@!@
@!@!@STARTMSG 2185:0 @!@!@
Starting... (2019-06-12 23:56:30)
@!@!@ENDMSG 2185 @!@!@
@!@!@STARTMSG 2212:0 @!@!@
Implied-temporal checking--satisfiability problem has 13 branches.
@!@!@ENDMSG 2212 @!@!@
@!@!@STARTMSG 2189:0 @!@!@
Computing initial states...
@!@!@ENDMSG 2189 @!@!@
@!@!@STARTMSG 2190:0 @!@!@
Finished computing initial states: 1 distinct state generated at 2019-06-12 23:56:32.
@!@!@ENDMSG 2190 @!@!@
@!@!@STARTMSG 2114:1 @!@!@
Deadlock reached.
@!@!@ENDMSG 2114 @!@!@
@!@!@STARTMSG 2121:1 @!@!@
The behavior up to this point is:
@!@!@ENDMSG 2121 @!@!@
@!@!@STARTMSG 2217:4 @!@!@
1: <Initial predicate>
/\ senderState = "opening"
/\ receiveDataQueue = <<>>
/\ messOut = <<>>
/\ sendReqQueue = <<>>
/\ requestNum = 1
/\ reqNum = -1
/\ synNum = -1
/\ receiveReqQueue = <<>>
/\ windowStart = 1
/\ reciverState = "ready"
/\ sequenceNum = 1
/\ windowEnd = 4
/\ sendDataQueue = <<>>

@!@!@ENDMSG 2217 @!@!@
@!@!@STARTMSG 2217:4 @!@!@
2: <senderChannel line 48, col 20 to line 49, col 110 of module Ass3SinclaShau>
/\ senderState = "opening"
/\ receiveDataQueue = <<>>
/\ messOut = <<>>
/\ sendReqQueue = <<>>
/\ requestNum = 1
/\ reqNum = -1
/\ synNum = -1
/\ receiveReqQueue = <<>>
/\ windowStart = 1
/\ reciverState = "ready"
/\ sequenceNum = 1
/\ windowEnd = 4
/\ sendDataQueue = <<1, 0, 1>>

@!@!@ENDMSG 2217 @!@!@
@!@!@STARTMSG 2217:4 @!@!@
3: <dataChannel line 42, col 17 to line 43, col 164 of module Ass3SinclaShau>
/\ senderState = "opening"
/\ receiveDataQueue = <<1, 0, 1>>
/\ messOut = <<>>
/\ sendReqQueue = <<>>
/\ requestNum = 1
/\ reqNum = -1
/\ synNum = -1
/\ receiveReqQueue = <<>>
/\ windowStart = 1
/\ reciverState = "ready"
/\ sequenceNum = 1
/\ windowEnd = 4
/\ sendDataQueue = <<>>

@!@!@ENDMSG 2217 @!@!@
@!@!@STARTMSG 2217:4 @!@!@
4: <reciverChannel line 51, col 19 to line 52, col 124 of module Ass3SinclaShau>
/\ senderState = "opening"
/\ receiveDataQueue = <<1, 0, 1>>
/\ messOut = <<>>
/\ sendReqQueue = <<>>
/\ requestNum = 1
/\ reqNum = -1
/\ synNum = 2
/\ receiveReqQueue = <<>>
/\ windowStart = 1
/\ reciverState = "SYN-RECIVED"
/\ sequenceNum = 1
/\ windowEnd = 4
/\ sendDataQueue = <<>>

@!@!@ENDMSG 2217 @!@!@
@!@!@STARTMSG 2217:4 @!@!@
5: <reciverChannel line 51, col 19 to line 52, col 124 of module Ass3SinclaShau>
/\ senderState = "opening"
/\ receiveDataQueue = <<>>
/\ messOut = <<>>
/\ sendReqQueue = <<1, 1, 2, 1>>
/\ requestNum = 1
/\ reqNum = -1
/\ synNum = 2
/\ receiveReqQueue = <<>>
/\ windowStart = 1
/\ reciverState = "SYN-RECIVED"
/\ sequenceNum = 1
/\ windowEnd = 4
/\ sendDataQueue = <<>>

@!@!@ENDMSG 2217 @!@!@
@!@!@STARTMSG 2217:4 @!@!@
6: <reqChannel line 45, col 16 to line 46, col 165 of module Ass3SinclaShau>
/\ senderState = "opening"
/\ receiveDataQueue = <<>>
/\ messOut = <<>>
/\ sendReqQueue = <<>>
/\ requestNum = 1
/\ reqNum = -1
/\ synNum = 2
/\ receiveReqQueue = <<1, 1, 2, 1>>
/\ windowStart = 1
/\ reciverState = "SYN-RECIVED"
/\ sequenceNum = 1
/\ windowEnd = 4
/\ sendDataQueue = <<>>

@!@!@ENDMSG 2217 @!@!@
@!@!@STARTMSG 2217:4 @!@!@
7: <senderChannel line 48, col 20 to line 49, col 110 of module Ass3SinclaShau>
/\ senderState = "SYN_ACK_RECIVED"
/\ receiveDataQueue = <<>>
/\ messOut = <<>>
/\ sendReqQueue = <<>>
/\ requestNum = 1
/\ reqNum = 2
/\ synNum = 2
/\ receiveReqQueue = <<>>
/\ windowStart = 1
/\ reciverState = "SYN-RECIVED"
/\ sequenceNum = 1
/\ windowEnd = 4
/\ sendDataQueue = <<>>

@!@!@ENDMSG 2217 @!@!@
@!@!@STARTMSG 2217:4 @!@!@
8: <senderChannel line 48, col 20 to line 49, col 110 of module Ass3SinclaShau>
/\ senderState = "SYN_ACK_RECIVED"
/\ receiveDataQueue = <<>>
/\ messOut = <<>>
/\ sendReqQueue = <<>>
/\ requestNum = 1
/\ reqNum = 2
/\ synNum = 2
/\ receiveReqQueue = <<>>
/\ windowStart = 1
/\ reciverState = "SYN-RECIVED"
/\ sequenceNum = 1
/\ windowEnd = 4
/\ sendDataQueue = <<0, 1, 2, 2>>

@!@!@ENDMSG 2217 @!@!@
@!@!@STARTMSG 2217:4 @!@!@
9: <dataChannel line 42, col 17 to line 43, col 164 of module Ass3SinclaShau>
/\ senderState = "SYN_ACK_RECIVED"
/\ receiveDataQueue = <<0, 1, 2, 2>>
/\ messOut = <<>>
/\ sendReqQueue = <<>>
/\ requestNum = 1
/\ reqNum = 2
/\ synNum = 2
/\ receiveReqQueue = <<>>
/\ windowStart = 1
/\ reciverState = "SYN-RECIVED"
/\ sequenceNum = 1
/\ windowEnd = 4
/\ sendDataQueue = <<>>

@!@!@ENDMSG 2217 @!@!@
@!@!@STARTMSG 2217:4 @!@!@
10: <reciverChannel line 51, col 19 to line 52, col 124 of module Ass3SinclaShau>
/\ senderState = "SYN_ACK_RECIVED"
/\ receiveDataQueue = <<>>
/\ messOut = <<>>
/\ sendReqQueue = <<>>
/\ requestNum = 1
/\ reqNum = 2
/\ synNum = 2
/\ receiveReqQueue = <<>>
/\ windowStart = 1
/\ reciverState = "WAIT-FOR-DATA"
/\ sequenceNum = 1
/\ windowEnd = 4
/\ sendDataQueue = <<>>

@!@!@ENDMSG 2217 @!@!@
@!@!@STARTMSG 2217:4 @!@!@
11: <senderChannel line 48, col 20 to line 49, col 110 of module Ass3SinclaShau>
/\ senderState = "SYN_ACK_RECIVED"
/\ receiveDataQueue = <<>>
/\ messOut = <<>>
/\ sendReqQueue = <<>>
/\ requestNum = 1
/\ reqNum = 2
/\ synNum = 2
/\ receiveReqQueue = <<>>
/\ windowStart = 1
/\ reciverState = "WAIT-FOR-DATA"
/\ sequenceNum = 1
/\ windowEnd = 4
/\ sendDataQueue = <<0, 1, 2, 2>>

@!@!@ENDMSG 2217 @!@!@
@!@!@STARTMSG 2217:4 @!@!@
12: <dataChannel line 42, col 17 to line 43, col 164 of module Ass3SinclaShau>
/\ senderState = "SYN_ACK_RECIVED"
/\ receiveDataQueue = <<CORRUPT_DATA>>
/\ messOut = <<>>
/\ sendReqQueue = <<>>
/\ requestNum = 1
/\ reqNum = 2
/\ synNum = 2
/\ receiveReqQueue = <<>>
/\ windowStart = 1
/\ reciverState = "WAIT-FOR-DATA"
/\ sequenceNum = 1
/\ windowEnd = 4
/\ sendDataQueue = <<>>

@!@!@ENDMSG 2217 @!@!@
@!@!@STARTMSG 2217:4 @!@!@
13: <reciverChannel line 51, col 19 to line 52, col 124 of module Ass3SinclaShau>
/\ senderState = "SYN_ACK_RECIVED"
/\ receiveDataQueue = <<>>
/\ messOut = <<>>
/\ sendReqQueue = <<1>>
/\ requestNum = 1
/\ reqNum = 2
/\ synNum = 2
/\ receiveReqQueue = <<>>
/\ windowStart = 1
/\ reciverState = "WAIT-FOR-DATA"
/\ sequenceNum = 1
/\ windowEnd = 4
/\ sendDataQueue = <<>>

@!@!@ENDMSG 2217 @!@!@
@!@!@STARTMSG 2217:4 @!@!@
14: <reqChannel line 45, col 16 to line 46, col 165 of module Ass3SinclaShau>
/\ senderState = "SYN_ACK_RECIVED"
/\ receiveDataQueue = <<>>
/\ messOut = <<>>
/\ sendReqQueue = <<>>
/\ requestNum = 1
/\ reqNum = 2
/\ synNum = 2
/\ receiveReqQueue = <<1>>
/\ windowStart = 1
/\ reciverState = "WAIT-FOR-DATA"
/\ sequenceNum = 1
/\ windowEnd = 4
/\ sendDataQueue = <<>>

@!@!@ENDMSG 2217 @!@!@
@!@!@STARTMSG 2217:4 @!@!@
15: <senderChannel line 48, col 20 to line 49, col 110 of module Ass3SinclaShau>
/\ senderState = "open"
/\ receiveDataQueue = <<>>
/\ messOut = <<>>
/\ sendReqQueue = <<>>
/\ requestNum = 1
/\ reqNum = 2
/\ synNum = 2
/\ receiveReqQueue = <<1>>
/\ windowStart = 1
/\ reciverState = "WAIT-FOR-DATA"
/\ sequenceNum = 1
/\ windowEnd = 4
/\ sendDataQueue = <<>>

@!@!@ENDMSG 2217 @!@!@
@!@!@STARTMSG 2217:4 @!@!@
16: <senderChannel line 48, col 20 to line 49, col 110 of module Ass3SinclaShau>
/\ senderState = "open"
/\ receiveDataQueue = <<>>
/\ messOut = <<>>
/\ sendReqQueue = <<>>
/\ requestNum = 1
/\ reqNum = 2
/\ synNum = 2
/\ receiveReqQueue = <<>>
/\ windowStart = 1
/\ reciverState = "WAIT-FOR-DATA"
/\ sequenceNum = 2
/\ windowEnd = 4
/\ sendDataQueue = <<1, "a">>

@!@!@ENDMSG 2217 @!@!@
@!@!@STARTMSG 2217:4 @!@!@
17: <dataChannel line 42, col 17 to line 43, col 164 of module Ass3SinclaShau>
/\ senderState = "open"
/\ receiveDataQueue = <<1, "a">>
/\ messOut = <<>>
/\ sendReqQueue = <<>>
/\ requestNum = 1
/\ reqNum = 2
/\ synNum = 2
/\ receiveReqQueue = <<>>
/\ windowStart = 1
/\ reciverState = "WAIT-FOR-DATA"
/\ sequenceNum = 2
/\ windowEnd = 4
/\ sendDataQueue = <<>>

@!@!@ENDMSG 2217 @!@!@
@!@!@STARTMSG 2217:4 @!@!@
18: <senderChannel line 48, col 20 to line 49, col 110 of module Ass3SinclaShau>
/\ senderState = "open"
/\ receiveDataQueue = <<1, "a">>
/\ messOut = <<>>
/\ sendReqQueue = <<>>
/\ requestNum = 1
/\ reqNum = 2
/\ synNum = 2
/\ receiveReqQueue = <<>>
/\ windowStart = 1
/\ reciverState = "WAIT-FOR-DATA"
/\ sequenceNum = 3
/\ windowEnd = 4
/\ sendDataQueue = <<2, "b">>

@!@!@ENDMSG 2217 @!@!@
@!@!@STARTMSG 2217:4 @!@!@
19: <reciverChannel line 51, col 19 to line 52, col 124 of module Ass3SinclaShau>
/\ senderState = "open"
/\ receiveDataQueue = <<1, "a">>
/\ messOut = <<>>
/\ sendReqQueue = <<>>
/\ requestNum = 1
/\ reqNum = 2
/\ synNum = 2
/\ receiveReqQueue = <<>>
/\ windowStart = 1
/\ reciverState = "open"
/\ sequenceNum = 3
/\ windowEnd = 4
/\ sendDataQueue = <<2, "b">>

@!@!@ENDMSG 2217 @!@!@
@!@!@STARTMSG 2217:4 @!@!@
20: <reciverChannel line 51, col 19 to line 52, col 124 of module Ass3SinclaShau>
/\ senderState = "open"
/\ receiveDataQueue = <<>>
/\ messOut = <<"a">>
/\ sendReqQueue = <<2>>
/\ requestNum = 2
/\ reqNum = 2
/\ synNum = 2
/\ receiveReqQueue = <<>>
/\ windowStart = 1
/\ reciverState = "open"
/\ sequenceNum = 3
/\ windowEnd = 4
/\ sendDataQueue = <<2, "b">>

@!@!@ENDMSG 2217 @!@!@
@!@!@STARTMSG 2217:4 @!@!@
21: <dataChannel line 42, col 17 to line 43, col 164 of module Ass3SinclaShau>
/\ senderState = "open"
/\ receiveDataQueue = <<2, "b">>
/\ messOut = <<"a">>
/\ sendReqQueue = <<2>>
/\ requestNum = 2
/\ reqNum = 2
/\ synNum = 2
/\ receiveReqQueue = <<>>
/\ windowStart = 1
/\ reciverState = "open"
/\ sequenceNum = 3
/\ windowEnd = 4
/\ sendDataQueue = <<>>

@!@!@ENDMSG 2217 @!@!@
@!@!@STARTMSG 2217:4 @!@!@
22: <senderChannel line 48, col 20 to line 49, col 110 of module Ass3SinclaShau>
/\ senderState = "open"
/\ receiveDataQueue = <<2, "b">>
/\ messOut = <<"a">>
/\ sendReqQueue = <<2>>
/\ requestNum = 2
/\ reqNum = 2
/\ synNum = 2
/\ receiveReqQueue = <<>>
/\ windowStart = 1
/\ reciverState = "open"
/\ sequenceNum = 4
/\ windowEnd = 4
/\ sendDataQueue = <<3, "c">>

@!@!@ENDMSG 2217 @!@!@
@!@!@STARTMSG 2217:4 @!@!@
23: <reciverChannel line 51, col 19 to line 52, col 124 of module Ass3SinclaShau>
/\ senderState = "open"
/\ receiveDataQueue = <<>>
/\ messOut = <<"a", "b">>
/\ sendReqQueue = <<3>>
/\ requestNum = 3
/\ reqNum = 2
/\ synNum = 2
/\ receiveReqQueue = <<>>
/\ windowStart = 1
/\ reciverState = "open"
/\ sequenceNum = 4
/\ windowEnd = 4
/\ sendDataQueue = <<3, "c">>

@!@!@ENDMSG 2217 @!@!@
@!@!@STARTMSG 2217:4 @!@!@
24: <dataChannel line 42, col 17 to line 43, col 164 of module Ass3SinclaShau>
/\ senderState = "open"
/\ receiveDataQueue = <<3, "c">>
/\ messOut = <<"a", "b">>
/\ sendReqQueue = <<3>>
/\ requestNum = 3
/\ reqNum = 2
/\ synNum = 2
/\ receiveReqQueue = <<>>
/\ windowStart = 1
/\ reciverState = "open"
/\ sequenceNum = 4
/\ windowEnd = 4
/\ sendDataQueue = <<>>

@!@!@ENDMSG 2217 @!@!@
@!@!@STARTMSG 2217:4 @!@!@
25: <senderChannel line 48, col 20 to line 49, col 110 of module Ass3SinclaShau>
/\ senderState = "open"
/\ receiveDataQueue = <<3, "c">>
/\ messOut = <<"a", "b">>
/\ sendReqQueue = <<3>>
/\ requestNum = 3
/\ reqNum = 2
/\ synNum = 2
/\ receiveReqQueue = <<>>
/\ windowStart = 1
/\ reciverState = "open"
/\ sequenceNum = 1
/\ windowEnd = 4
/\ sendDataQueue = <<4, "d">>

@!@!@ENDMSG 2217 @!@!@
@!@!@STARTMSG 2217:4 @!@!@
26: <reciverChannel line 51, col 19 to line 52, col 124 of module Ass3SinclaShau>
/\ senderState = "open"
/\ receiveDataQueue = <<>>
/\ messOut = <<"a", "b", "c">>
/\ sendReqQueue = <<4>>
/\ requestNum = 4
/\ reqNum = 2
/\ synNum = 2
/\ receiveReqQueue = <<>>
/\ windowStart = 1
/\ reciverState = "open"
/\ sequenceNum = 1
/\ windowEnd = 4
/\ sendDataQueue = <<4, "d">>

@!@!@ENDMSG 2217 @!@!@
@!@!@STARTMSG 2217:4 @!@!@
27: <dataChannel line 42, col 17 to line 43, col 164 of module Ass3SinclaShau>
/\ senderState = "open"
/\ receiveDataQueue = <<4, "d">>
/\ messOut = <<"a", "b", "c">>
/\ sendReqQueue = <<4>>
/\ requestNum = 4
/\ reqNum = 2
/\ synNum = 2
/\ receiveReqQueue = <<>>
/\ windowStart = 1
/\ reciverState = "open"
/\ sequenceNum = 1
/\ windowEnd = 4
/\ sendDataQueue = <<>>

@!@!@ENDMSG 2217 @!@!@
@!@!@STARTMSG 2217:4 @!@!@
28: <reciverChannel line 51, col 19 to line 52, col 124 of module Ass3SinclaShau>
/\ senderState = "open"
/\ receiveDataQueue = <<>>
/\ messOut = <<"a", "b", "c", "d">>
/\ sendReqQueue = <<5>>
/\ requestNum = 5
/\ reqNum = 2
/\ synNum = 2
/\ receiveReqQueue = <<>>
/\ windowStart = 1
/\ reciverState = "open"
/\ sequenceNum = 1
/\ windowEnd = 4
/\ sendDataQueue = <<>>

@!@!@ENDMSG 2217 @!@!@
@!@!@STARTMSG 2217:4 @!@!@
29: <reqChannel line 45, col 16 to line 46, col 165 of module Ass3SinclaShau>
/\ senderState = "open"
/\ receiveDataQueue = <<>>
/\ messOut = <<"a", "b", "c", "d">>
/\ sendReqQueue = <<>>
/\ requestNum = 5
/\ reqNum = 2
/\ synNum = 2
/\ receiveReqQueue = <<5>>
/\ windowStart = 1
/\ reciverState = "open"
/\ sequenceNum = 1
/\ windowEnd = 4
/\ sendDataQueue = <<>>

@!@!@ENDMSG 2217 @!@!@
@!@!@STARTMSG 2217:4 @!@!@
30: <senderChannel line 48, col 20 to line 49, col 110 of module Ass3SinclaShau>
/\ senderState = "closing"
/\ receiveDataQueue = <<>>
/\ messOut = <<"a", "b", "c", "d">>
/\ sendReqQueue = <<>>
/\ requestNum = 5
/\ reqNum = 2
/\ synNum = 2
/\ receiveReqQueue = <<>>
/\ windowStart = 1
/\ reciverState = "open"
/\ sequenceNum = 1
/\ windowEnd = 4
/\ sendDataQueue = <<>>

@!@!@ENDMSG 2217 @!@!@
@!@!@STARTMSG 2201:0 @!@!@
The coverage statistics at 2019-06-12 23:56:34
@!@!@ENDMSG 2201 @!@!@
@!@!@STARTMSG 2773:0 @!@!@
<Init line 35, col 1 to line 35, col 4 of module Ass3SinclaShau>: 2
@!@!@ENDMSG 2773 @!@!@
@!@!@STARTMSG 2221:0 @!@!@
  line 35, col 10 to line 38, col 24 of module Ass3SinclaShau: 2
@!@!@ENDMSG 2221 @!@!@
@!@!@STARTMSG 2772:0 @!@!@
<dataChannel line 42, col 1 to line 42, col 11 of module Ass3SinclaShau>: 315:636
@!@!@ENDMSG 2772 @!@!@
@!@!@STARTMSG 2221:0 @!@!@
  line 28, col 1 to line 28, col 86 of module Ass3SinclaShau: 18659
@!@!@ENDMSG 2221 @!@!@
@!@!@STARTMSG 2221:0 @!@!@
  line 28, col 45 to line 28, col 57 of module Ass3SinclaShau: 192530
@!@!@ENDMSG 2221 @!@!@
@!@!@STARTMSG 2221:0 @!@!@
  line 28, col 71 to line 28, col 86 of module Ass3SinclaShau: 106977
@!@!@ENDMSG 2221 @!@!@
@!@!@STARTMSG 2221:0 @!@!@
  line 60, col 16 to line 60, col 28 of module DataWire: 1239
@!@!@ENDMSG 2221 @!@!@
@!@!@STARTMSG 2221:0 @!@!@
  |line 60, col 16 to line 60, col 21 of module DataWire: 1027
@!@!@ENDMSG 2221 @!@!@
@!@!@STARTMSG 2221:0 @!@!@
  |line 60, col 25 to line 60, col 28 of module DataWire: 1027
@!@!@ENDMSG 2221 @!@!@
@!@!@STARTMSG 2221:0 @!@!@
  line 60, col 33 to line 60, col 46 of module DataWire: 667
@!@!@ENDMSG 2221 @!@!@
@!@!@STARTMSG 2221:0 @!@!@
  |line 60, col 33 to line 60, col 39 of module DataWire: 455
@!@!@ENDMSG 2221 @!@!@
@!@!@STARTMSG 2221:0 @!@!@
  |line 60, col 43 to line 60, col 46 of module DataWire: 455
@!@!@ENDMSG 2221 @!@!@
@!@!@STARTMSG 2221:0 @!@!@
  line 61, col 16 to line 61, col 32 of module DataWire: 212
@!@!@ENDMSG 2221 @!@!@
@!@!@STARTMSG 2221:0 @!@!@
  line 62, col 16 to line 62, col 29 of module DataWire: 212
@!@!@ENDMSG 2221 @!@!@
@!@!@STARTMSG 2221:0 @!@!@
  line 64, col 15 to line 64, col 27 of module DataWire: 1239
@!@!@ENDMSG 2221 @!@!@
@!@!@STARTMSG 2221:0 @!@!@
  |line 64, col 15 to line 64, col 20 of module DataWire: 1027
@!@!@ENDMSG 2221 @!@!@
@!@!@STARTMSG 2221:0 @!@!@
  |line 64, col 24 to line 64, col 27 of module DataWire: 1027
@!@!@ENDMSG 2221 @!@!@
@!@!@STARTMSG 2221:0 @!@!@
  line 64, col 32 to line 64, col 45 of module DataWire: 667
@!@!@ENDMSG 2221 @!@!@
@!@!@STARTMSG 2221:0 @!@!@
  |line 64, col 32 to line 64, col 38 of module DataWire: 455
@!@!@ENDMSG 2221 @!@!@
@!@!@STARTMSG 2221:0 @!@!@
  |line 64, col 42 to line 64, col 45 of module DataWire: 455
@!@!@ENDMSG 2221 @!@!@
@!@!@STARTMSG 2221:0 @!@!@
  line 65, col 15 to line 65, col 41 of module DataWire: 212
@!@!@ENDMSG 2221 @!@!@
@!@!@STARTMSG 2221:0 @!@!@
  line 66, col 15 to line 66, col 28 of module DataWire: 212
@!@!@ENDMSG 2221 @!@!@
@!@!@STARTMSG 2221:0 @!@!@
  line 68, col 12 to line 68, col 24 of module DataWire: 1239
@!@!@ENDMSG 2221 @!@!@
@!@!@STARTMSG 2221:0 @!@!@
  |line 68, col 12 to line 68, col 17 of module DataWire: 1027
@!@!@ENDMSG 2221 @!@!@
@!@!@STARTMSG 2221:0 @!@!@
  |line 68, col 21 to line 68, col 24 of module DataWire: 1027
@!@!@ENDMSG 2221 @!@!@
@!@!@STARTMSG 2221:0 @!@!@
  line 68, col 29 to line 68, col 42 of module DataWire: 667
@!@!@ENDMSG 2221 @!@!@
@!@!@STARTMSG 2221:0 @!@!@
  |line 68, col 29 to line 68, col 35 of module DataWire: 455
@!@!@ENDMSG 2221 @!@!@
@!@!@STARTMSG 2221:0 @!@!@
  |line 68, col 39 to line 68, col 42 of module DataWire: 455
@!@!@ENDMSG 2221 @!@!@
@!@!@STARTMSG 2221:0 @!@!@
  line 69, col 12 to line 69, col 26 of module DataWire: 212
@!@!@ENDMSG 2221 @!@!@
@!@!@STARTMSG 2221:0 @!@!@
  line 70, col 12 to line 70, col 25 of module DataWire: 212
@!@!@ENDMSG 2221 @!@!@
@!@!@STARTMSG 2221:0 @!@!@
  line 43, col 21 to line 43, col 164 of module Ass3SinclaShau: 636
@!@!@ENDMSG 2221 @!@!@
@!@!@STARTMSG 2772:0 @!@!@
<reqChannel line 45, col 1 to line 45, col 10 of module Ass3SinclaShau>: 466:699
@!@!@ENDMSG 2772 @!@!@
@!@!@STARTMSG 2221:0 @!@!@
  line 29, col 1 to line 29, col 83 of module Ass3SinclaShau: 233
@!@!@ENDMSG 2221 @!@!@
@!@!@STARTMSG 2221:0 @!@!@
  line 29, col 44 to line 29, col 55 of module Ass3SinclaShau: 3293
@!@!@ENDMSG 2221 @!@!@
@!@!@STARTMSG 2221:0 @!@!@
  line 29, col 69 to line 29, col 83 of module Ass3SinclaShau: 1179
@!@!@ENDMSG 2221 @!@!@
@!@!@STARTMSG 2221:0 @!@!@
  line 60, col 16 to line 60, col 28 of module DataWire: 1253
@!@!@ENDMSG 2221 @!@!@
@!@!@STARTMSG 2221:0 @!@!@
  |line 60, col 16 to line 60, col 21 of module DataWire: 1020
@!@!@ENDMSG 2221 @!@!@
@!@!@STARTMSG 2221:0 @!@!@
  |line 60, col 25 to line 60, col 28 of module DataWire: 1020
@!@!@ENDMSG 2221 @!@!@
@!@!@STARTMSG 2221:0 @!@!@
  line 60, col 33 to line 60, col 46 of module DataWire: 626
@!@!@ENDMSG 2221 @!@!@
@!@!@STARTMSG 2221:0 @!@!@
  |line 60, col 33 to line 60, col 39 of module DataWire: 393
@!@!@ENDMSG 2221 @!@!@
@!@!@STARTMSG 2221:0 @!@!@
  |line 60, col 43 to line 60, col 46 of module DataWire: 393
@!@!@ENDMSG 2221 @!@!@
@!@!@STARTMSG 2221:0 @!@!@
  line 61, col 16 to line 61, col 32 of module DataWire: 233
@!@!@ENDMSG 2221 @!@!@
@!@!@STARTMSG 2221:0 @!@!@
  line 62, col 16 to line 62, col 29 of module DataWire: 233
@!@!@ENDMSG 2221 @!@!@
@!@!@STARTMSG 2221:0 @!@!@
  line 64, col 15 to line 64, col 27 of module DataWire: 1253
@!@!@ENDMSG 2221 @!@!@
@!@!@STARTMSG 2221:0 @!@!@
  |line 64, col 15 to line 64, col 20 of module DataWire: 1020
@!@!@ENDMSG 2221 @!@!@
@!@!@STARTMSG 2221:0 @!@!@
  |line 64, col 24 to line 64, col 27 of module DataWire: 1020
@!@!@ENDMSG 2221 @!@!@
@!@!@STARTMSG 2221:0 @!@!@
  line 64, col 32 to line 64, col 45 of module DataWire: 626
@!@!@ENDMSG 2221 @!@!@
@!@!@STARTMSG 2221:0 @!@!@
  |line 64, col 32 to line 64, col 38 of module DataWire: 393
@!@!@ENDMSG 2221 @!@!@
@!@!@STARTMSG 2221:0 @!@!@
  |line 64, col 42 to line 64, col 45 of module DataWire: 393
@!@!@ENDMSG 2221 @!@!@
@!@!@STARTMSG 2221:0 @!@!@
  line 65, col 15 to line 65, col 41 of module DataWire: 233
@!@!@ENDMSG 2221 @!@!@
@!@!@STARTMSG 2221:0 @!@!@
  line 66, col 15 to line 66, col 28 of module DataWire: 233
@!@!@ENDMSG 2221 @!@!@
@!@!@STARTMSG 2221:0 @!@!@
  line 68, col 12 to line 68, col 24 of module DataWire: 1253
@!@!@ENDMSG 2221 @!@!@
@!@!@STARTMSG 2221:0 @!@!@
  |line 68, col 12 to line 68, col 17 of module DataWire: 1020
@!@!@ENDMSG 2221 @!@!@
@!@!@STARTMSG 2221:0 @!@!@
  |line 68, col 21 to line 68, col 24 of module DataWire: 1020
@!@!@ENDMSG 2221 @!@!@
@!@!@STARTMSG 2221:0 @!@!@
  line 68, col 29 to line 68, col 42 of module DataWire: 626
@!@!@ENDMSG 2221 @!@!@
@!@!@STARTMSG 2221:0 @!@!@
  |line 68, col 29 to line 68, col 35 of module DataWire: 393
@!@!@ENDMSG 2221 @!@!@
@!@!@STARTMSG 2221:0 @!@!@
  |line 68, col 39 to line 68, col 42 of module DataWire: 393
@!@!@ENDMSG 2221 @!@!@
@!@!@STARTMSG 2221:0 @!@!@
  line 69, col 12 to line 69, col 26 of module DataWire: 233
@!@!@ENDMSG 2221 @!@!@
@!@!@STARTMSG 2221:0 @!@!@
  line 70, col 12 to line 70, col 25 of module DataWire: 233
@!@!@ENDMSG 2221 @!@!@
@!@!@STARTMSG 2221:0 @!@!@
  line 46, col 20 to line 46, col 165 of module Ass3SinclaShau: 699
@!@!@ENDMSG 2221 @!@!@
@!@!@STARTMSG 2772:0 @!@!@
<senderChannel line 48, col 1 to line 48, col 13 of module Ass3SinclaShau>: 253:1046
@!@!@ENDMSG 2772 @!@!@
@!@!@STARTMSG 2221:0 @!@!@
  line 30, col 1 to line 30, col 108 of module Ass3SinclaShau: 217
@!@!@ENDMSG 2221 @!@!@
@!@!@STARTMSG 2221:0 @!@!@
  line 30, col 1 to line 30, col 108 of module Ass3SinclaShau: 3981
@!@!@ENDMSG 2221 @!@!@
@!@!@STARTMSG 2221:0 @!@!@
  line 30, col 1 to line 30, col 108 of module Ass3SinclaShau: 1190
@!@!@ENDMSG 2221 @!@!@
@!@!@STARTMSG 2221:0 @!@!@
  line 30, col 1 to line 30, col 108 of module Ass3SinclaShau: 2773
@!@!@ENDMSG 2221 @!@!@
@!@!@STARTMSG 2221:0 @!@!@
  line 30, col 1 to line 30, col 108 of module Ass3SinclaShau: 770
@!@!@ENDMSG 2221 @!@!@
@!@!@STARTMSG 2221:0 @!@!@
  line 30, col 1 to line 30, col 108 of module Ass3SinclaShau: 726
@!@!@ENDMSG 2221 @!@!@
@!@!@STARTMSG 2221:0 @!@!@
  line 30, col 1 to line 30, col 108 of module Ass3SinclaShau: 118
@!@!@ENDMSG 2221 @!@!@
@!@!@STARTMSG 2221:0 @!@!@
  line 30, col 44 to line 30, col 56 of module Ass3SinclaShau: 1836
@!@!@ENDMSG 2221 @!@!@
@!@!@STARTMSG 2221:0 @!@!@
  line 30, col 72 to line 30, col 86 of module Ass3SinclaShau: 3949
@!@!@ENDMSG 2221 @!@!@
@!@!@STARTMSG 2221:0 @!@!@
  line 30, col 98 to line 30, col 108 of module Ass3SinclaShau: 6345
@!@!@ENDMSG 2221 @!@!@
@!@!@STARTMSG 2221:0 @!@!@
  line 155, col 12 to line 155, col 25 of module Sender: 1673
@!@!@ENDMSG 2221 @!@!@
@!@!@STARTMSG 2221:0 @!@!@
  |line 155, col 12 to line 155, col 16 of module Sender: 1017
@!@!@ENDMSG 2221 @!@!@
@!@!@STARTMSG 2221:0 @!@!@
  line 155, col 31 to line 155, col 45 of module Sender: 1344
@!@!@ENDMSG 2221 @!@!@
@!@!@STARTMSG 2221:0 @!@!@
  |line 155, col 31 to line 155, col 38 of module Sender: 868
@!@!@ENDMSG 2221 @!@!@
@!@!@STARTMSG 2221:0 @!@!@
  |line 155, col 42 to line 155, col 45 of module Sender: 868
@!@!@ENDMSG 2221 @!@!@
@!@!@STARTMSG 2221:0 @!@!@
  line 155, col 50 to line 155, col 65 of module Sender: 1308
@!@!@ENDMSG 2221 @!@!@
@!@!@STARTMSG 2221:0 @!@!@
  |line 155, col 50 to line 155, col 58 of module Sender: 868
@!@!@ENDMSG 2221 @!@!@
@!@!@STARTMSG 2221:0 @!@!@
  |line 155, col 62 to line 155, col 65 of module Sender: 868
@!@!@ENDMSG 2221 @!@!@
@!@!@STARTMSG 2221:0 @!@!@
  line 156, col 15 to line 156, col 61 of module Sender: 916
@!@!@ENDMSG 2221 @!@!@
@!@!@STARTMSG 2221:0 @!@!@
  |line 156, col 15 to line 156, col 30 of module Sender: 916
@!@!@ENDMSG 2221 @!@!@
@!@!@STARTMSG 2221:0 @!@!@
  |line 156, col 35 to line 156, col 61 of module Sender: 700
@!@!@ENDMSG 2221 @!@!@
@!@!@STARTMSG 2221:0 @!@!@
  line 157, col 26 to line 157, col 53 of module Sender: 360
@!@!@ENDMSG 2221 @!@!@
@!@!@STARTMSG 2221:0 @!@!@
  line 158, col 34 to line 158, col 51 of module Sender: 12
@!@!@ENDMSG 2221 @!@!@
@!@!@STARTMSG 2221:0 @!@!@
  line 159, col 34 to line 159, col 71 of module Sender: 12
@!@!@ENDMSG 2221 @!@!@
@!@!@STARTMSG 2221:0 @!@!@
  line 160, col 37 to line 160, col 62 of module Sender: 348
@!@!@ENDMSG 2221 @!@!@
@!@!@STARTMSG 2221:0 @!@!@
  line 161, col 42 to line 162, col 71 of module Sender: 215
@!@!@ENDMSG 2221 @!@!@
@!@!@STARTMSG 2221:0 @!@!@
  line 163, col 45 to line 163, col 48 of module Sender: 133
@!@!@ENDMSG 2221 @!@!@
@!@!@STARTMSG 2221:0 @!@!@
  line 164, col 45 to line 165, col 69 of module Sender: 133
@!@!@ENDMSG 2221 @!@!@
@!@!@STARTMSG 2221:0 @!@!@
  line 166, col 34 to line 166, col 47 of module Sender: 348
@!@!@ENDMSG 2221 @!@!@
@!@!@STARTMSG 2221:0 @!@!@
  line 167, col 23 to line 167, col 26 of module Sender: 556
@!@!@ENDMSG 2221 @!@!@
@!@!@STARTMSG 2221:0 @!@!@
  line 168, col 23 to line 168, col 67 of module Sender: 556
@!@!@ENDMSG 2221 @!@!@
@!@!@STARTMSG 2221:0 @!@!@
  line 169, col 12 to line 169, col 28 of module Sender: 916
@!@!@ENDMSG 2221 @!@!@
@!@!@STARTMSG 2221:0 @!@!@
  line 170, col 15 to line 170, col 105 of module Sender: 916
@!@!@ENDMSG 2221 @!@!@
@!@!@STARTMSG 2221:0 @!@!@
  |line 170, col 15 to line 170, col 83 of module Sender: 916
@!@!@ENDMSG 2221 @!@!@
@!@!@STARTMSG 2221:0 @!@!@
  ||line 170, col 15 to line 170, col 48 of module Sender: 916
@!@!@ENDMSG 2221 @!@!@
@!@!@STARTMSG 2221:0 @!@!@
  |||line 170, col 15 to line 170, col 29 of module Sender: 916
@!@!@ENDMSG 2221 @!@!@
@!@!@STARTMSG 2221:0 @!@!@
  |||line 170, col 34 to line 170, col 48 of module Sender: 736
@!@!@ENDMSG 2221 @!@!@
@!@!@STARTMSG 2221:0 @!@!@
  ||line 170, col 53 to line 170, col 83 of module Sender: 736
@!@!@ENDMSG 2221 @!@!@
@!@!@STARTMSG 2221:0 @!@!@
  |line 170, col 88 to line 170, col 105 of module Sender: 736
@!@!@ENDMSG 2221 @!@!@
@!@!@STARTMSG 2221:0 @!@!@
  line 171, col 23 to line 171, col 72 of module Sender: 726
@!@!@ENDMSG 2221 @!@!@
@!@!@STARTMSG 2221:0 @!@!@
  line 172, col 26 to line 172, col 83 of module Sender: 726
@!@!@ENDMSG 2221 @!@!@
@!@!@STARTMSG 2221:0 @!@!@
  |line 172, col 26 to line 172, col 49 of module Sender: 726
@!@!@ENDMSG 2221 @!@!@
@!@!@STARTMSG 2221:0 @!@!@
  |line 172, col 54 to line 172, col 83 of module Sender: 532
@!@!@ENDMSG 2221 @!@!@
@!@!@STARTMSG 2221:0 @!@!@
  line 173, col 31 to line 173, col 63 of module Sender: 416
@!@!@ENDMSG 2221 @!@!@
@!@!@STARTMSG 2221:0 @!@!@
  line 174, col 31 to line 174, col 60 of module Sender: 310
@!@!@ENDMSG 2221 @!@!@
@!@!@STARTMSG 2221:0 @!@!@
  line 175, col 23 to line 175, col 26 of module Sender: 190
@!@!@ENDMSG 2221 @!@!@
@!@!@STARTMSG 2221:0 @!@!@
  line 176, col 23 to line 176, col 59 of module Sender: 190
@!@!@ENDMSG 2221 @!@!@
@!@!@STARTMSG 2221:0 @!@!@
  line 177, col 12 to line 177, col 27 of module Sender: 916
@!@!@ENDMSG 2221 @!@!@
@!@!@STARTMSG 2221:0 @!@!@
  line 179, col 11 to line 179, col 27 of module Sender: 1052
@!@!@ENDMSG 2221 @!@!@
@!@!@STARTMSG 2221:0 @!@!@
  |line 179, col 11 to line 179, col 15 of module Sender: 1017
@!@!@ENDMSG 2221 @!@!@
@!@!@STARTMSG 2221:0 @!@!@
  line 179, col 32 to line 179, col 46 of module Sender: 87
@!@!@ENDMSG 2221 @!@!@
@!@!@STARTMSG 2221:0 @!@!@
  |line 179, col 32 to line 179, col 39 of module Sender: 52
@!@!@ENDMSG 2221 @!@!@
@!@!@STARTMSG 2221:0 @!@!@
  |line 179, col 43 to line 179, col 46 of module Sender: 52
@!@!@ENDMSG 2221 @!@!@
@!@!@STARTMSG 2221:0 @!@!@
  line 180, col 14 to line 180, col 29 of module Sender: 35
@!@!@ENDMSG 2221 @!@!@
@!@!@STARTMSG 2221:0 @!@!@
  line 181, col 25 to line 181, col 48 of module Sender: 13
@!@!@ENDMSG 2221 @!@!@
@!@!@STARTMSG 2221:0 @!@!@
  line 182, col 36 to line 182, col 105 of module Sender: 13
@!@!@ENDMSG 2221 @!@!@
@!@!@STARTMSG 2221:0 @!@!@
  |line 182, col 36 to line 182, col 71 of module Sender: 13
@!@!@ENDMSG 2221 @!@!@
@!@!@STARTMSG 2221:0 @!@!@
  ||line 182, col 36 to line 182, col 51 of module Sender: 13
@!@!@ENDMSG 2221 @!@!@
@!@!@STARTMSG 2221:0 @!@!@
  ||line 182, col 56 to line 182, col 71 of module Sender: 7
@!@!@ENDMSG 2221 @!@!@
@!@!@STARTMSG 2221:0 @!@!@
  |line 182, col 76 to line 182, col 105 of module Sender: 7
@!@!@ENDMSG 2221 @!@!@
@!@!@STARTMSG 2221:0 @!@!@
  line 183, col 41 to line 184, col 69 of module Sender: 7
@!@!@ENDMSG 2221 @!@!@
@!@!@STARTMSG 2221:0 @!@!@
  line 185, col 44 to line 185, col 47 of module Sender: 6
@!@!@ENDMSG 2221 @!@!@
@!@!@STARTMSG 2221:0 @!@!@
  line 186, col 44 to line 186, col 72 of module Sender: 6
@!@!@ENDMSG 2221 @!@!@
@!@!@STARTMSG 2221:0 @!@!@
  line 188, col 33 to line 188, col 61 of module Sender: 0
@!@!@ENDMSG 2221 @!@!@
@!@!@STARTMSG 2221:0 @!@!@
  line 189, col 22 to line 189, col 38 of module Sender: 13
@!@!@ENDMSG 2221 @!@!@
@!@!@STARTMSG 2221:0 @!@!@
  line 190, col 22 to line 190, col 25 of module Sender: 22
@!@!@ENDMSG 2221 @!@!@
@!@!@STARTMSG 2221:0 @!@!@
  line 191, col 22 to line 191, col 61 of module Sender: 22
@!@!@ENDMSG 2221 @!@!@
@!@!@STARTMSG 2221:0 @!@!@
  line 192, col 14 to line 192, col 31 of module Sender: 35
@!@!@ENDMSG 2221 @!@!@
@!@!@STARTMSG 2221:0 @!@!@
  line 193, col 19 to line 193, col 54 of module Sender: 28
@!@!@ENDMSG 2221 @!@!@
@!@!@STARTMSG 2221:0 @!@!@
  line 194, col 22 to line 194, col 25 of module Sender: 7
@!@!@ENDMSG 2221 @!@!@
@!@!@STARTMSG 2221:0 @!@!@
  line 195, col 22 to line 195, col 39 of module Sender: 7
@!@!@ENDMSG 2221 @!@!@
@!@!@STARTMSG 2221:0 @!@!@
  line 196, col 11 to line 196, col 61 of module Sender: 35
@!@!@ENDMSG 2221 @!@!@
@!@!@STARTMSG 2221:0 @!@!@
  line 198, col 11 to line 198, col 35 of module Sender: 1112
@!@!@ENDMSG 2221 @!@!@
@!@!@STARTMSG 2221:0 @!@!@
  |line 198, col 11 to line 198, col 15 of module Sender: 1017
@!@!@ENDMSG 2221 @!@!@
@!@!@STARTMSG 2221:0 @!@!@
  line 199, col 14 to line 199, col 29 of module Sender: 95
@!@!@ENDMSG 2221 @!@!@
@!@!@STARTMSG 2221:0 @!@!@
  line 200, col 25 to line 200, col 48 of module Sender: 57
@!@!@ENDMSG 2221 @!@!@
@!@!@STARTMSG 2221:0 @!@!@
  line 201, col 36 to line 201, col 81 of module Sender: 57
@!@!@ENDMSG 2221 @!@!@
@!@!@STARTMSG 2221:0 @!@!@
  |line 201, col 36 to line 201, col 53 of module Sender: 57
@!@!@ENDMSG 2221 @!@!@
@!@!@STARTMSG 2221:0 @!@!@
  |line 201, col 58 to line 201, col 81 of module Sender: 34
@!@!@ENDMSG 2221 @!@!@
@!@!@STARTMSG 2221:0 @!@!@
  line 202, col 44 to line 202, col 58 of module Sender: 11
@!@!@ENDMSG 2221 @!@!@
@!@!@STARTMSG 2221:0 @!@!@
  line 203, col 44 to line 203, col 62 of module Sender: 11
@!@!@ENDMSG 2221 @!@!@
@!@!@STARTMSG 2221:0 @!@!@
  line 204, col 41 to line 205, col 57 of module Sender: 46
@!@!@ENDMSG 2221 @!@!@
@!@!@STARTMSG 2221:0 @!@!@
  line 208, col 22 to line 208, col 25 of module Sender: 38
@!@!@ENDMSG 2221 @!@!@
@!@!@STARTMSG 2221:0 @!@!@
  line 209, col 22 to line 209, col 53 of module Sender: 38
@!@!@ENDMSG 2221 @!@!@
@!@!@STARTMSG 2221:0 @!@!@
  line 210, col 14 to line 210, col 39 of module Sender: 95
@!@!@ENDMSG 2221 @!@!@
@!@!@STARTMSG 2221:0 @!@!@
  line 211, col 19 to line 211, col 66 of module Sender: 84
@!@!@ENDMSG 2221 @!@!@
@!@!@STARTMSG 2221:0 @!@!@
  line 212, col 22 to line 212, col 25 of module Sender: 11
@!@!@ENDMSG 2221 @!@!@
@!@!@STARTMSG 2221:0 @!@!@
  line 213, col 22 to line 213, col 39 of module Sender: 11
@!@!@ENDMSG 2221 @!@!@
@!@!@STARTMSG 2221:0 @!@!@
  line 214, col 11 to line 214, col 69 of module Sender: 95
@!@!@ENDMSG 2221 @!@!@
@!@!@STARTMSG 2221:0 @!@!@
  line 216, col 11 to line 216, col 27 of module Sender: 1017
@!@!@ENDMSG 2221 @!@!@
@!@!@STARTMSG 2221:0 @!@!@
  line 216, col 32 to line 216, col 47 of module Sender: 2
@!@!@ENDMSG 2221 @!@!@
@!@!@STARTMSG 2221:0 @!@!@
  line 228, col 22 to line 228, col 39 of module Sender: 0
@!@!@ENDMSG 2221 @!@!@
@!@!@STARTMSG 2221:0 @!@!@
  line 229, col 11 to line 229, col 69 of module Sender: 0
@!@!@ENDMSG 2221 @!@!@
@!@!@STARTMSG 2221:0 @!@!@
  line 231, col 14 to line 231, col 50 of module Sender: 1017
@!@!@ENDMSG 2221 @!@!@
@!@!@STARTMSG 2221:0 @!@!@
  line 243, col 25 to line 243, col 42 of module Sender: 0
@!@!@ENDMSG 2221 @!@!@
@!@!@STARTMSG 2221:0 @!@!@
  line 244, col 14 to line 244, col 72 of module Sender: 0
@!@!@ENDMSG 2221 @!@!@
@!@!@STARTMSG 2221:0 @!@!@
  line 49, col 24 to line 49, col 110 of module Ass3SinclaShau: 1046
@!@!@ENDMSG 2221 @!@!@
@!@!@STARTMSG 2772:0 @!@!@
<reciverChannel line 51, col 1 to line 51, col 14 of module Ass3SinclaShau>: 160:577
@!@!@ENDMSG 2772 @!@!@
@!@!@STARTMSG 2221:0 @!@!@
  line 31, col 1 to line 31, col 130 of module Ass3SinclaShau: 801
@!@!@ENDMSG 2221 @!@!@
@!@!@STARTMSG 2221:0 @!@!@
  line 31, col 1 to line 31, col 130 of module Ass3SinclaShau: 577
@!@!@ENDMSG 2221 @!@!@
@!@!@STARTMSG 2221:0 @!@!@
  line 31, col 1 to line 31, col 130 of module Ass3SinclaShau: 60
@!@!@ENDMSG 2221 @!@!@
@!@!@STARTMSG 2221:0 @!@!@
  line 31, col 73 to line 31, col 88 of module Ass3SinclaShau: 4431
@!@!@ENDMSG 2221 @!@!@
@!@!@STARTMSG 2221:0 @!@!@
  line 31, col 101 to line 31, col 107 of module Ass3SinclaShau: 90
@!@!@ENDMSG 2221 @!@!@
@!@!@STARTMSG 2221:0 @!@!@
  line 31, col 119 to line 31, col 130 of module Ass3SinclaShau: 6313
@!@!@ENDMSG 2221 @!@!@
@!@!@STARTMSG 2221:0 @!@!@
  line 137, col 14 to line 137, col 30 of module Reciver: 1394
@!@!@ENDMSG 2221 @!@!@
@!@!@STARTMSG 2221:0 @!@!@
  |line 137, col 14 to line 137, col 23 of module Reciver: 1007
@!@!@ENDMSG 2221 @!@!@
@!@!@STARTMSG 2221:0 @!@!@
  |line 137, col 27 to line 137, col 30 of module Reciver: 1007
@!@!@ENDMSG 2221 @!@!@
@!@!@STARTMSG 2221:0 @!@!@
  line 137, col 35 to line 137, col 48 of module Reciver: 964
@!@!@ENDMSG 2221 @!@!@
@!@!@STARTMSG 2221:0 @!@!@
  |line 137, col 35 to line 137, col 39 of module Reciver: 577
@!@!@ENDMSG 2221 @!@!@
@!@!@STARTMSG 2221:0 @!@!@
  line 138, col 17 to line 138, col 44 of module Reciver: 387
@!@!@ENDMSG 2221 @!@!@
@!@!@STARTMSG 2221:0 @!@!@
  line 139, col 28 to line 139, col 45 of module Reciver: 206
@!@!@ENDMSG 2221 @!@!@
@!@!@STARTMSG 2221:0 @!@!@
  line 141, col 36 to line 141, col 69 of module Reciver: 0
@!@!@ENDMSG 2221 @!@!@
@!@!@STARTMSG 2221:0 @!@!@
  line 142, col 40 to line 142, col 65 of module Reciver: 206
@!@!@ENDMSG 2221 @!@!@
@!@!@STARTMSG 2221:0 @!@!@
  line 143, col 44 to line 144, col 74 of module Reciver: 90
@!@!@ENDMSG 2221 @!@!@
@!@!@STARTMSG 2221:0 @!@!@
  line 145, col 47 to line 145, col 50 of module Reciver: 116
@!@!@ENDMSG 2221 @!@!@
@!@!@STARTMSG 2221:0 @!@!@
  line 146, col 47 to line 146, col 80 of module Reciver: 116
@!@!@ENDMSG 2221 @!@!@
@!@!@STARTMSG 2221:0 @!@!@
  line 147, col 36 to line 147, col 49 of module Reciver: 206
@!@!@ENDMSG 2221 @!@!@
@!@!@STARTMSG 2221:0 @!@!@
  line 148, col 25 to line 148, col 50 of module Reciver: 206
@!@!@ENDMSG 2221 @!@!@
@!@!@STARTMSG 2221:0 @!@!@
  line 149, col 25 to line 149, col 28 of module Reciver: 181
@!@!@ENDMSG 2221 @!@!@
@!@!@STARTMSG 2221:0 @!@!@
  line 150, col 25 to line 150, col 74 of module Reciver: 181
@!@!@ENDMSG 2221 @!@!@
@!@!@STARTMSG 2221:0 @!@!@
  line 151, col 14 to line 151, col 31 of module Reciver: 387
@!@!@ENDMSG 2221 @!@!@
@!@!@STARTMSG 2221:0 @!@!@
  line 152, col 14 to line 152, col 29 of module Reciver: 387
@!@!@ENDMSG 2221 @!@!@
@!@!@STARTMSG 2221:0 @!@!@
  line 154, col 15 to line 154, col 29 of module Reciver: 1012
@!@!@ENDMSG 2221 @!@!@
@!@!@STARTMSG 2221:0 @!@!@
  |line 154, col 15 to line 154, col 19 of module Reciver: 1007
@!@!@ENDMSG 2221 @!@!@
@!@!@STARTMSG 2221:0 @!@!@
  line 154, col 34 to line 154, col 50 of module Reciver: 12
@!@!@ENDMSG 2221 @!@!@
@!@!@STARTMSG 2221:0 @!@!@
  |line 154, col 34 to line 154, col 43 of module Reciver: 7
@!@!@ENDMSG 2221 @!@!@
@!@!@STARTMSG 2221:0 @!@!@
  |line 154, col 47 to line 154, col 50 of module Reciver: 7
@!@!@ENDMSG 2221 @!@!@
@!@!@STARTMSG 2221:0 @!@!@
  line 155, col 18 to line 155, col 42 of module Reciver: 5
@!@!@ENDMSG 2221 @!@!@
@!@!@STARTMSG 2221:0 @!@!@
  line 156, col 29 to line 156, col 66 of module Reciver: 5
@!@!@ENDMSG 2221 @!@!@
@!@!@STARTMSG 2221:0 @!@!@
  |line 156, col 29 to line 156, col 45 of module Reciver: 5
@!@!@ENDMSG 2221 @!@!@
@!@!@STARTMSG 2221:0 @!@!@
  |line 156, col 50 to line 156, col 66 of module Reciver: 3
@!@!@ENDMSG 2221 @!@!@
@!@!@STARTMSG 2221:0 @!@!@
  line 157, col 37 to line 157, col 63 of module Reciver: 3
@!@!@ENDMSG 2221 @!@!@
@!@!@STARTMSG 2221:0 @!@!@
  line 158, col 37 to line 158, col 58 of module Reciver: 3
@!@!@ENDMSG 2221 @!@!@
@!@!@STARTMSG 2221:0 @!@!@
  line 159, col 37 to line 159, col 56 of module Reciver: 3
@!@!@ENDMSG 2221 @!@!@
@!@!@STARTMSG 2221:0 @!@!@
  line 160, col 37 to line 160, col 54 of module Reciver: 2
@!@!@ENDMSG 2221 @!@!@
@!@!@STARTMSG 2221:0 @!@!@
  line 161, col 37 to line 161, col 65 of module Reciver: 2
@!@!@ENDMSG 2221 @!@!@
@!@!@STARTMSG 2221:0 @!@!@
  line 163, col 26 to line 163, col 54 of module Reciver: 0
@!@!@ENDMSG 2221 @!@!@
@!@!@STARTMSG 2221:0 @!@!@
  line 164, col 15 to line 164, col 57 of module Reciver: 5
@!@!@ENDMSG 2221 @!@!@
@!@!@STARTMSG 2221:0 @!@!@
  line 166, col 18 to line 166, col 38 of module Reciver: 1067
@!@!@ENDMSG 2221 @!@!@
@!@!@STARTMSG 2221:0 @!@!@
  |line 166, col 18 to line 166, col 22 of module Reciver: 1007
@!@!@ENDMSG 2221 @!@!@
@!@!@STARTMSG 2221:0 @!@!@
  line 166, col 43 to line 166, col 59 of module Reciver: 144
@!@!@ENDMSG 2221 @!@!@
@!@!@STARTMSG 2221:0 @!@!@
  |line 166, col 43 to line 166, col 52 of module Reciver: 84
@!@!@ENDMSG 2221 @!@!@
@!@!@STARTMSG 2221:0 @!@!@
  |line 166, col 56 to line 166, col 59 of module Reciver: 84
@!@!@ENDMSG 2221 @!@!@
@!@!@STARTMSG 2221:0 @!@!@
  line 167, col 21 to line 167, col 45 of module Reciver: 60
@!@!@ENDMSG 2221 @!@!@
@!@!@STARTMSG 2221:0 @!@!@
  line 168, col 32 to line 168, col 152 of module Reciver: 60
@!@!@ENDMSG 2221 @!@!@
@!@!@STARTMSG 2221:0 @!@!@
  |line 168, col 32 to line 168, col 118 of module Reciver: 60
@!@!@ENDMSG 2221 @!@!@
@!@!@STARTMSG 2221:0 @!@!@
  ||line 168, col 32 to line 168, col 92 of module Reciver: 60
@!@!@ENDMSG 2221 @!@!@
@!@!@STARTMSG 2221:0 @!@!@
  |||line 168, col 32 to line 168, col 71 of module Reciver: 60
@!@!@ENDMSG 2221 @!@!@
@!@!@STARTMSG 2221:0 @!@!@
  ||||line 168, col 32 to line 168, col 50 of module Reciver: 60
@!@!@ENDMSG 2221 @!@!@
@!@!@STARTMSG 2221:0 @!@!@
  ||||line 168, col 55 to line 168, col 71 of module Reciver: 11
@!@!@ENDMSG 2221 @!@!@
@!@!@STARTMSG 2221:0 @!@!@
  |||line 168, col 76 to line 168, col 92 of module Reciver: 11
@!@!@ENDMSG 2221 @!@!@
@!@!@STARTMSG 2221:0 @!@!@
  ||line 168, col 97 to line 168, col 118 of module Reciver: 11
@!@!@ENDMSG 2221 @!@!@
@!@!@STARTMSG 2221:0 @!@!@
  |line 168, col 123 to line 168, col 152 of module Reciver: 11
@!@!@ENDMSG 2221 @!@!@
@!@!@STARTMSG 2221:0 @!@!@
  line 169, col 37 to line 169, col 63 of module Reciver: 11
@!@!@ENDMSG 2221 @!@!@
@!@!@STARTMSG 2221:0 @!@!@
  line 170, col 37 to line 171, col 53 of module Reciver: 49
@!@!@ENDMSG 2221 @!@!@
@!@!@STARTMSG 2221:0 @!@!@
  line 172, col 29 to line 172, col 46 of module Reciver: 60
@!@!@ENDMSG 2221 @!@!@
@!@!@STARTMSG 2221:0 @!@!@
  line 175, col 21 to line 175, col 42 of module Reciver: 60
@!@!@ENDMSG 2221 @!@!@
@!@!@STARTMSG 2221:0 @!@!@
  line 176, col 26 to line 176, col 67 of module Reciver: 49
@!@!@ENDMSG 2221 @!@!@
@!@!@STARTMSG 2221:0 @!@!@
  line 177, col 29 to line 177, col 32 of module Reciver: 11
@!@!@ENDMSG 2221 @!@!@
@!@!@STARTMSG 2221:0 @!@!@
  line 178, col 29 to line 178, col 45 of module Reciver: 11
@!@!@ENDMSG 2221 @!@!@
@!@!@STARTMSG 2221:0 @!@!@
  line 179, col 18 to line 179, col 59 of module Reciver: 60
@!@!@ENDMSG 2221 @!@!@
@!@!@STARTMSG 2221:0 @!@!@
  line 181, col 16 to line 181, col 32 of module Reciver: 1132
@!@!@ENDMSG 2221 @!@!@
@!@!@STARTMSG 2221:0 @!@!@
  |line 181, col 16 to line 181, col 25 of module Reciver: 1007
@!@!@ENDMSG 2221 @!@!@
@!@!@STARTMSG 2221:0 @!@!@
  |line 181, col 29 to line 181, col 32 of module Reciver: 1007
@!@!@ENDMSG 2221 @!@!@
@!@!@STARTMSG 2221:0 @!@!@
  line 181, col 37 to line 181, col 59 of module Reciver: 702
@!@!@ENDMSG 2221 @!@!@
@!@!@STARTMSG 2221:0 @!@!@
  |line 181, col 37 to line 181, col 41 of module Reciver: 577
@!@!@ENDMSG 2221 @!@!@
@!@!@STARTMSG 2221:0 @!@!@
  line 182, col 19 to line 182, col 43 of module Reciver: 125
@!@!@ENDMSG 2221 @!@!@
@!@!@STARTMSG 2221:0 @!@!@
  line 183, col 30 to line 183, col 55 of module Reciver: 125
@!@!@ENDMSG 2221 @!@!@
@!@!@STARTMSG 2221:0 @!@!@
  line 184, col 35 to line 184, col 52 of module Reciver: 11
@!@!@ENDMSG 2221 @!@!@
@!@!@STARTMSG 2221:0 @!@!@
  line 185, col 35 to line 186, col 51 of module Reciver: 114
@!@!@ENDMSG 2221 @!@!@
@!@!@STARTMSG 2221:0 @!@!@
  line 189, col 19 to line 189, col 42 of module Reciver: 125
@!@!@ENDMSG 2221 @!@!@
@!@!@STARTMSG 2221:0 @!@!@
  line 190, col 24 to line 191, col 44 of module Reciver: 114
@!@!@ENDMSG 2221 @!@!@
@!@!@STARTMSG 2221:0 @!@!@
  line 192, col 27 to line 192, col 30 of module Reciver: 11
@!@!@ENDMSG 2221 @!@!@
@!@!@STARTMSG 2221:0 @!@!@
  line 193, col 27 to line 193, col 61 of module Reciver: 11
@!@!@ENDMSG 2221 @!@!@
@!@!@STARTMSG 2221:0 @!@!@
  line 194, col 16 to line 194, col 57 of module Reciver: 125
@!@!@ENDMSG 2221 @!@!@
@!@!@STARTMSG 2221:0 @!@!@
  line 196, col 15 to line 196, col 31 of module Reciver: 1007
@!@!@ENDMSG 2221 @!@!@
@!@!@STARTMSG 2221:0 @!@!@
  line 196, col 36 to line 196, col 52 of module Reciver: 577
@!@!@ENDMSG 2221 @!@!@
@!@!@STARTMSG 2221:0 @!@!@
  line 207, col 26 to line 207, col 42 of module Reciver: 0
@!@!@ENDMSG 2221 @!@!@
@!@!@STARTMSG 2221:0 @!@!@
  line 208, col 15 to line 208, col 68 of module Reciver: 0
@!@!@ENDMSG 2221 @!@!@
@!@!@STARTMSG 2221:0 @!@!@
  line 210, col 15 to line 210, col 51 of module Reciver: 1007
@!@!@ENDMSG 2221 @!@!@
@!@!@STARTMSG 2221:0 @!@!@
  line 213, col 15 to line 213, col 68 of module Reciver: 0
@!@!@ENDMSG 2221 @!@!@
@!@!@STARTMSG 2221:0 @!@!@
  line 52, col 23 to line 52, col 124 of module Ass3SinclaShau: 577
@!@!@ENDMSG 2221 @!@!@
@!@!@STARTMSG 2202:0 @!@!@
End of statistics.
@!@!@ENDMSG 2202 @!@!@
@!@!@STARTMSG 2200:0 @!@!@
Progress(32) at 2019-06-12 23:56:34: 2,838 states generated (34,035 s/min), 1,195 distinct states found (14,331 ds/min), 207 states left on queue.
@!@!@ENDMSG 2200 @!@!@
@!@!@STARTMSG 2199:0 @!@!@
2838 states generated, 1195 distinct states found, 207 states left on queue.
@!@!@ENDMSG 2199 @!@!@
@!@!@STARTMSG 2194:0 @!@!@
The depth of the complete state graph search is 32.
@!@!@ENDMSG 2194 @!@!@
@!@!@STARTMSG 2268:0 @!@!@
The average outdegree of the complete state graph is 1 (minimum is 0, the maximum 6 and the 95th percentile is 4).
@!@!@ENDMSG 2268 @!@!@
@!@!@STARTMSG 2186:0 @!@!@
Finished in 5441ms at (2019-06-12 23:56:34)
@!@!@ENDMSG 2186 @!@!@
