@!@!@STARTMSG 2262:0 @!@!@
TLC2 Version 2.13 of 18 July 2018
@!@!@ENDMSG 2262 @!@!@
@!@!@STARTMSG 2187:0 @!@!@
Running breadth-first search Model-Checking with fp 10 and seed 9186441152236396883 with 2 workers on 4 cores with 1205MB heap and 2710MB offheap memory [pid: 17196] (Windows 10 10.0 amd64, Oracle Corporation 11.0.3 x86_64, OffHeapDiskFPSet, DiskStateQueue).
@!@!@ENDMSG 2187 @!@!@
@!@!@STARTMSG 2220:0 @!@!@
Starting SANY...
@!@!@ENDMSG 2220 @!@!@
Parsing file E:\421\Assignment 3\Ass3SinclaShau.toolbox\Model_1\MC.tla
Parsing file E:\421\Assignment 3\Ass3SinclaShau.toolbox\Model_1\Ass3SinclaShau.tla
Parsing file D:\Current work\489\tlaplus-master\tlaplus-master2\git\tla-visualisation\tlatools\class\tla2sany\StandardModules\TLC.tla
Parsing file D:\Current work\489\tlaplus-master\tlaplus-master2\git\tla-visualisation\tlatools\class\tla2sany\StandardModules\Naturals.tla
Parsing file D:\Current work\489\tlaplus-master\tlaplus-master2\git\tla-visualisation\tlatools\class\tla2sany\StandardModules\Integers.tla
Parsing file D:\Current work\489\tlaplus-master\tlaplus-master2\git\tla-visualisation\tlatools\class\tla2sany\StandardModules\Sequences.tla
Parsing file D:\Current work\489\tlaplus-master\tlaplus-master2\git\tla-visualisation\tlatools\class\tla2sany\StandardModules\Bags.tla
Parsing file D:\Current work\489\tlaplus-master\tlaplus-master2\git\tla-visualisation\tlatools\class\tla2sany\StandardModules\FiniteSets.tla
Parsing file E:\421\Assignment 3\Ass3SinclaShau.toolbox\Model_1\DataWire.tla
Parsing file E:\421\Assignment 3\Ass3SinclaShau.toolbox\Model_1\Sender.tla
Parsing file E:\421\Assignment 3\Ass3SinclaShau.toolbox\Model_1\Reciver.tla
Semantic processing of module Naturals
Semantic processing of module Integers
Semantic processing of module Sequences
Semantic processing of module FiniteSets
Semantic processing of module TLC
Semantic processing of module Bags
Semantic processing of module DataWire
Semantic processing of module Sender
Semantic processing of module Reciver
Semantic processing of module Ass3SinclaShau
Semantic processing of module MC
@!@!@STARTMSG 2219:0 @!@!@
SANY finished.
@!@!@ENDMSG 2219 @!@!@
@!@!@STARTMSG 2185:0 @!@!@
Starting... (2019-06-12 22:06:50)
@!@!@ENDMSG 2185 @!@!@
@!@!@STARTMSG 2212:0 @!@!@
Implied-temporal checking--satisfiability problem has 1 branches.
@!@!@ENDMSG 2212 @!@!@
@!@!@STARTMSG 2189:0 @!@!@
Computing initial states...
@!@!@ENDMSG 2189 @!@!@
@!@!@STARTMSG 2190:0 @!@!@
Finished computing initial states: 1 distinct state generated at 2019-06-12 22:06:51.
@!@!@ENDMSG 2190 @!@!@
@!@!@STARTMSG 2114:1 @!@!@
Deadlock reached.
@!@!@ENDMSG 2114 @!@!@
@!@!@STARTMSG 2121:1 @!@!@
The behavior up to this point is:
@!@!@ENDMSG 2121 @!@!@
@!@!@STARTMSG 2217:4 @!@!@
1: <Initial predicate>
/\ senderState = "opening"
/\ mess = <<"a", "b", "c", "d", "e">>
/\ receiveDataQueue = <<>>
/\ messOut = <<>>
/\ sendReqQueue = <<>>
/\ requestNum = 1
/\ reqNum = -1
/\ synNum = -1
/\ receiveReqQueue = <<>>
/\ windowStart = 1
/\ reciverState = "closed"
/\ sequenceNum = 1
/\ windowEnd = 4
/\ sendDataQueue = <<>>

@!@!@ENDMSG 2217 @!@!@
@!@!@STARTMSG 2217:4 @!@!@
2: <senderChannel line 49, col 20 to line 50, col 110 of module Ass3SinclaShau>
/\ senderState = "opening"
/\ mess = <<"a", "b", "c", "d", "e">>
/\ receiveDataQueue = <<>>
/\ messOut = <<>>
/\ sendReqQueue = <<>>
/\ requestNum = 1
/\ reqNum = -1
/\ synNum = -1
/\ receiveReqQueue = <<>>
/\ windowStart = 1
/\ reciverState = "closed"
/\ sequenceNum = 1
/\ windowEnd = 4
/\ sendDataQueue = <<1, 0, 1>>

@!@!@ENDMSG 2217 @!@!@
@!@!@STARTMSG 2217:4 @!@!@
3: <dataChannel line 43, col 17 to line 44, col 170 of module Ass3SinclaShau>
/\ senderState = "opening"
/\ mess = <<"a", "b", "c", "d", "e">>
/\ receiveDataQueue = <<1, 0, 1>>
/\ messOut = <<>>
/\ sendReqQueue = <<>>
/\ requestNum = 1
/\ reqNum = -1
/\ synNum = -1
/\ receiveReqQueue = <<>>
/\ windowStart = 1
/\ reciverState = "closed"
/\ sequenceNum = 1
/\ windowEnd = 4
/\ sendDataQueue = <<>>

@!@!@ENDMSG 2217 @!@!@
@!@!@STARTMSG 2217:4 @!@!@
4: <reciverChannel line 52, col 19 to line 53, col 131 of module Ass3SinclaShau>
/\ senderState = "opening"
/\ mess = <<"a", "b", "c", "d", "e">>
/\ receiveDataQueue = <<1, 0, 1>>
/\ messOut = <<>>
/\ sendReqQueue = <<>>
/\ requestNum = 1
/\ reqNum = -1
/\ synNum = 2
/\ receiveReqQueue = <<>>
/\ windowStart = 1
/\ reciverState = "SYN-RECIVED"
/\ sequenceNum = 1
/\ windowEnd = 4
/\ sendDataQueue = <<>>

@!@!@ENDMSG 2217 @!@!@
@!@!@STARTMSG 2217:4 @!@!@
5: <reciverChannel line 52, col 19 to line 53, col 131 of module Ass3SinclaShau>
/\ senderState = "opening"
/\ mess = <<"a", "b", "c", "d", "e">>
/\ receiveDataQueue = <<>>
/\ messOut = <<>>
/\ sendReqQueue = <<1, 1, 2, 1>>
/\ requestNum = 1
/\ reqNum = -1
/\ synNum = 2
/\ receiveReqQueue = <<>>
/\ windowStart = 1
/\ reciverState = "SYN-RECIVED"
/\ sequenceNum = 1
/\ windowEnd = 4
/\ sendDataQueue = <<>>

@!@!@ENDMSG 2217 @!@!@
@!@!@STARTMSG 2217:4 @!@!@
6: <reqChannel line 46, col 16 to line 47, col 171 of module Ass3SinclaShau>
/\ senderState = "opening"
/\ mess = <<"a", "b", "c", "d", "e">>
/\ receiveDataQueue = <<>>
/\ messOut = <<>>
/\ sendReqQueue = <<>>
/\ requestNum = 1
/\ reqNum = -1
/\ synNum = 2
/\ receiveReqQueue = <<1, 1, 2, 1>>
/\ windowStart = 1
/\ reciverState = "SYN-RECIVED"
/\ sequenceNum = 1
/\ windowEnd = 4
/\ sendDataQueue = <<>>

@!@!@ENDMSG 2217 @!@!@
@!@!@STARTMSG 2217:4 @!@!@
7: <senderChannel line 49, col 20 to line 50, col 110 of module Ass3SinclaShau>
/\ senderState = "SYN_ACK_RECIVED"
/\ mess = <<"a", "b", "c", "d", "e">>
/\ receiveDataQueue = <<>>
/\ messOut = <<>>
/\ sendReqQueue = <<>>
/\ requestNum = 1
/\ reqNum = 2
/\ synNum = 2
/\ receiveReqQueue = <<>>
/\ windowStart = 1
/\ reciverState = "SYN-RECIVED"
/\ sequenceNum = 1
/\ windowEnd = 4
/\ sendDataQueue = <<>>

@!@!@ENDMSG 2217 @!@!@
@!@!@STARTMSG 2201:0 @!@!@
The coverage statistics at 2019-06-12 22:06:51
@!@!@ENDMSG 2201 @!@!@
@!@!@STARTMSG 2773:0 @!@!@
<Init line 36, col 1 to line 36, col 4 of module Ass3SinclaShau>: 2
@!@!@ENDMSG 2773 @!@!@
@!@!@STARTMSG 2221:0 @!@!@
  line 36, col 10 to line 39, col 24 of module Ass3SinclaShau: 2
@!@!@ENDMSG 2221 @!@!@
@!@!@STARTMSG 2772:0 @!@!@
<dataChannel line 43, col 1 to line 43, col 11 of module Ass3SinclaShau>: 4:18
@!@!@ENDMSG 2772 @!@!@
@!@!@STARTMSG 2221:0 @!@!@
  line 29, col 1 to line 29, col 86 of module Ass3SinclaShau: 42
@!@!@ENDMSG 2221 @!@!@
@!@!@STARTMSG 2221:0 @!@!@
  line 29, col 45 to line 29, col 57 of module Ass3SinclaShau: 406
@!@!@ENDMSG 2221 @!@!@
@!@!@STARTMSG 2221:0 @!@!@
  line 29, col 71 to line 29, col 86 of module Ass3SinclaShau: 196
@!@!@ENDMSG 2221 @!@!@
@!@!@STARTMSG 2221:0 @!@!@
  line 60, col 16 to line 60, col 28 of module DataWire: 34
@!@!@ENDMSG 2221 @!@!@
@!@!@STARTMSG 2221:0 @!@!@
  |line 60, col 16 to line 60, col 21 of module DataWire: 28
@!@!@ENDMSG 2221 @!@!@
@!@!@STARTMSG 2221:0 @!@!@
  |line 60, col 25 to line 60, col 28 of module DataWire: 28
@!@!@ENDMSG 2221 @!@!@
@!@!@STARTMSG 2221:0 @!@!@
  line 60, col 33 to line 60, col 46 of module DataWire: 16
@!@!@ENDMSG 2221 @!@!@
@!@!@STARTMSG 2221:0 @!@!@
  |line 60, col 33 to line 60, col 39 of module DataWire: 10
@!@!@ENDMSG 2221 @!@!@
@!@!@STARTMSG 2221:0 @!@!@
  |line 60, col 43 to line 60, col 46 of module DataWire: 10
@!@!@ENDMSG 2221 @!@!@
@!@!@STARTMSG 2221:0 @!@!@
  line 61, col 16 to line 61, col 32 of module DataWire: 6
@!@!@ENDMSG 2221 @!@!@
@!@!@STARTMSG 2221:0 @!@!@
  line 62, col 16 to line 62, col 29 of module DataWire: 6
@!@!@ENDMSG 2221 @!@!@
@!@!@STARTMSG 2221:0 @!@!@
  line 64, col 15 to line 64, col 27 of module DataWire: 34
@!@!@ENDMSG 2221 @!@!@
@!@!@STARTMSG 2221:0 @!@!@
  |line 64, col 15 to line 64, col 20 of module DataWire: 28
@!@!@ENDMSG 2221 @!@!@
@!@!@STARTMSG 2221:0 @!@!@
  |line 64, col 24 to line 64, col 27 of module DataWire: 28
@!@!@ENDMSG 2221 @!@!@
@!@!@STARTMSG 2221:0 @!@!@
  line 64, col 32 to line 64, col 45 of module DataWire: 16
@!@!@ENDMSG 2221 @!@!@
@!@!@STARTMSG 2221:0 @!@!@
  |line 64, col 32 to line 64, col 38 of module DataWire: 10
@!@!@ENDMSG 2221 @!@!@
@!@!@STARTMSG 2221:0 @!@!@
  |line 64, col 42 to line 64, col 45 of module DataWire: 10
@!@!@ENDMSG 2221 @!@!@
@!@!@STARTMSG 2221:0 @!@!@
  line 65, col 15 to line 65, col 41 of module DataWire: 6
@!@!@ENDMSG 2221 @!@!@
@!@!@STARTMSG 2221:0 @!@!@
  line 66, col 15 to line 66, col 28 of module DataWire: 6
@!@!@ENDMSG 2221 @!@!@
@!@!@STARTMSG 2221:0 @!@!@
  line 68, col 12 to line 68, col 24 of module DataWire: 34
@!@!@ENDMSG 2221 @!@!@
@!@!@STARTMSG 2221:0 @!@!@
  |line 68, col 12 to line 68, col 17 of module DataWire: 28
@!@!@ENDMSG 2221 @!@!@
@!@!@STARTMSG 2221:0 @!@!@
  |line 68, col 21 to line 68, col 24 of module DataWire: 28
@!@!@ENDMSG 2221 @!@!@
@!@!@STARTMSG 2221:0 @!@!@
  line 68, col 29 to line 68, col 42 of module DataWire: 16
@!@!@ENDMSG 2221 @!@!@
@!@!@STARTMSG 2221:0 @!@!@
  |line 68, col 29 to line 68, col 35 of module DataWire: 10
@!@!@ENDMSG 2221 @!@!@
@!@!@STARTMSG 2221:0 @!@!@
  |line 68, col 39 to line 68, col 42 of module DataWire: 10
@!@!@ENDMSG 2221 @!@!@
@!@!@STARTMSG 2221:0 @!@!@
  line 69, col 12 to line 69, col 26 of module DataWire: 6
@!@!@ENDMSG 2221 @!@!@
@!@!@STARTMSG 2221:0 @!@!@
  line 70, col 12 to line 70, col 25 of module DataWire: 6
@!@!@ENDMSG 2221 @!@!@
@!@!@STARTMSG 2221:0 @!@!@
  line 44, col 21 to line 44, col 170 of module Ass3SinclaShau: 18
@!@!@ENDMSG 2221 @!@!@
@!@!@STARTMSG 2772:0 @!@!@
<reqChannel line 46, col 1 to line 46, col 10 of module Ass3SinclaShau>: 13:18
@!@!@ENDMSG 2772 @!@!@
@!@!@STARTMSG 2221:0 @!@!@
  line 30, col 1 to line 30, col 83 of module Ass3SinclaShau: 6
@!@!@ENDMSG 2221 @!@!@
@!@!@STARTMSG 2221:0 @!@!@
  line 30, col 44 to line 30, col 55 of module Ass3SinclaShau: 87
@!@!@ENDMSG 2221 @!@!@
@!@!@STARTMSG 2221:0 @!@!@
  line 30, col 69 to line 30, col 83 of module Ass3SinclaShau: 18
@!@!@ENDMSG 2221 @!@!@
@!@!@STARTMSG 2221:0 @!@!@
  line 60, col 16 to line 60, col 28 of module DataWire: 33
@!@!@ENDMSG 2221 @!@!@
@!@!@STARTMSG 2221:0 @!@!@
  |line 60, col 16 to line 60, col 21 of module DataWire: 27
@!@!@ENDMSG 2221 @!@!@
@!@!@STARTMSG 2221:0 @!@!@
  |line 60, col 25 to line 60, col 28 of module DataWire: 27
@!@!@ENDMSG 2221 @!@!@
@!@!@STARTMSG 2221:0 @!@!@
  line 60, col 33 to line 60, col 46 of module DataWire: 12
@!@!@ENDMSG 2221 @!@!@
@!@!@STARTMSG 2221:0 @!@!@
  |line 60, col 33 to line 60, col 39 of module DataWire: 6
@!@!@ENDMSG 2221 @!@!@
@!@!@STARTMSG 2221:0 @!@!@
  |line 60, col 43 to line 60, col 46 of module DataWire: 6
@!@!@ENDMSG 2221 @!@!@
@!@!@STARTMSG 2221:0 @!@!@
  line 61, col 16 to line 61, col 32 of module DataWire: 6
@!@!@ENDMSG 2221 @!@!@
@!@!@STARTMSG 2221:0 @!@!@
  line 62, col 16 to line 62, col 29 of module DataWire: 6
@!@!@ENDMSG 2221 @!@!@
@!@!@STARTMSG 2221:0 @!@!@
  line 64, col 15 to line 64, col 27 of module DataWire: 33
@!@!@ENDMSG 2221 @!@!@
@!@!@STARTMSG 2221:0 @!@!@
  |line 64, col 15 to line 64, col 20 of module DataWire: 27
@!@!@ENDMSG 2221 @!@!@
@!@!@STARTMSG 2221:0 @!@!@
  |line 64, col 24 to line 64, col 27 of module DataWire: 27
@!@!@ENDMSG 2221 @!@!@
@!@!@STARTMSG 2221:0 @!@!@
  line 64, col 32 to line 64, col 45 of module DataWire: 12
@!@!@ENDMSG 2221 @!@!@
@!@!@STARTMSG 2221:0 @!@!@
  |line 64, col 32 to line 64, col 38 of module DataWire: 6
@!@!@ENDMSG 2221 @!@!@
@!@!@STARTMSG 2221:0 @!@!@
  |line 64, col 42 to line 64, col 45 of module DataWire: 6
@!@!@ENDMSG 2221 @!@!@
@!@!@STARTMSG 2221:0 @!@!@
  line 65, col 15 to line 65, col 41 of module DataWire: 6
@!@!@ENDMSG 2221 @!@!@
@!@!@STARTMSG 2221:0 @!@!@
  line 66, col 15 to line 66, col 28 of module DataWire: 6
@!@!@ENDMSG 2221 @!@!@
@!@!@STARTMSG 2221:0 @!@!@
  line 68, col 12 to line 68, col 24 of module DataWire: 33
@!@!@ENDMSG 2221 @!@!@
@!@!@STARTMSG 2221:0 @!@!@
  |line 68, col 12 to line 68, col 17 of module DataWire: 27
@!@!@ENDMSG 2221 @!@!@
@!@!@STARTMSG 2221:0 @!@!@
  |line 68, col 21 to line 68, col 24 of module DataWire: 27
@!@!@ENDMSG 2221 @!@!@
@!@!@STARTMSG 2221:0 @!@!@
  line 68, col 29 to line 68, col 42 of module DataWire: 12
@!@!@ENDMSG 2221 @!@!@
@!@!@STARTMSG 2221:0 @!@!@
  |line 68, col 29 to line 68, col 35 of module DataWire: 6
@!@!@ENDMSG 2221 @!@!@
@!@!@STARTMSG 2221:0 @!@!@
  |line 68, col 39 to line 68, col 42 of module DataWire: 6
@!@!@ENDMSG 2221 @!@!@
@!@!@STARTMSG 2221:0 @!@!@
  line 69, col 12 to line 69, col 26 of module DataWire: 6
@!@!@ENDMSG 2221 @!@!@
@!@!@STARTMSG 2221:0 @!@!@
  line 70, col 12 to line 70, col 25 of module DataWire: 6
@!@!@ENDMSG 2221 @!@!@
@!@!@STARTMSG 2221:0 @!@!@
  line 47, col 20 to line 47, col 171 of module Ass3SinclaShau: 18
@!@!@ENDMSG 2221 @!@!@
@!@!@STARTMSG 2772:0 @!@!@
<senderChannel line 49, col 1 to line 49, col 13 of module Ass3SinclaShau>: 7:16
@!@!@ENDMSG 2772 @!@!@
@!@!@STARTMSG 2221:0 @!@!@
  line 31, col 1 to line 31, col 124 of module Ass3SinclaShau: 2
@!@!@ENDMSG 2221 @!@!@
@!@!@STARTMSG 2221:0 @!@!@
  line 31, col 1 to line 31, col 124 of module Ass3SinclaShau: 16
@!@!@ENDMSG 2221 @!@!@
@!@!@STARTMSG 2221:0 @!@!@
  line 31, col 1 to line 31, col 124 of module Ass3SinclaShau: 2
@!@!@ENDMSG 2221 @!@!@
@!@!@STARTMSG 2221:0 @!@!@
  line 31, col 1 to line 31, col 124 of module Ass3SinclaShau: 5
@!@!@ENDMSG 2221 @!@!@
@!@!@STARTMSG 2221:0 @!@!@
  line 31, col 44 to line 31, col 56 of module Ass3SinclaShau: 25
@!@!@ENDMSG 2221 @!@!@
@!@!@STARTMSG 2221:0 @!@!@
  line 31, col 72 to line 31, col 86 of module Ass3SinclaShau: 36
@!@!@ENDMSG 2221 @!@!@
@!@!@STARTMSG 2221:0 @!@!@
  line 31, col 114 to line 31, col 124 of module Ass3SinclaShau: 94
@!@!@ENDMSG 2221 @!@!@
@!@!@STARTMSG 2221:0 @!@!@
  line 114, col 12 to line 114, col 66 of module Sender: 26
@!@!@ENDMSG 2221 @!@!@
@!@!@STARTMSG 2221:0 @!@!@
  line 120, col 34 to line 120, col 92 of module Sender: 0
@!@!@ENDMSG 2221 @!@!@
@!@!@STARTMSG 2221:0 @!@!@
  line 121, col 34 to line 121, col 60 of module Sender: 0
@!@!@ENDMSG 2221 @!@!@
@!@!@STARTMSG 2221:0 @!@!@
  line 123, col 34 to line 123, col 71 of module Sender: 0
@!@!@ENDMSG 2221 @!@!@
@!@!@STARTMSG 2221:0 @!@!@
  line 125, col 23 to line 125, col 60 of module Sender: 0
@!@!@ENDMSG 2221 @!@!@
@!@!@STARTMSG 2221:0 @!@!@
  line 130, col 34 to line 130, col 63 of module Sender: 0
@!@!@ENDMSG 2221 @!@!@
@!@!@STARTMSG 2221:0 @!@!@
  line 131, col 34 to line 131, col 60 of module Sender: 0
@!@!@ENDMSG 2221 @!@!@
@!@!@STARTMSG 2221:0 @!@!@
  line 133, col 23 to line 133, col 59 of module Sender: 0
@!@!@ENDMSG 2221 @!@!@
@!@!@STARTMSG 2221:0 @!@!@
  line 134, col 12 to line 134, col 48 of module Sender: 0
@!@!@ENDMSG 2221 @!@!@
@!@!@STARTMSG 2221:0 @!@!@
  line 136, col 11 to line 136, col 27 of module Sender: 42
@!@!@ENDMSG 2221 @!@!@
@!@!@STARTMSG 2221:0 @!@!@
  |line 136, col 11 to line 136, col 15 of module Sender: 26
@!@!@ENDMSG 2221 @!@!@
@!@!@STARTMSG 2221:0 @!@!@
  line 136, col 32 to line 136, col 46 of module Sender: 41
@!@!@ENDMSG 2221 @!@!@
@!@!@STARTMSG 2221:0 @!@!@
  |line 136, col 32 to line 136, col 39 of module Sender: 25
@!@!@ENDMSG 2221 @!@!@
@!@!@STARTMSG 2221:0 @!@!@
  |line 136, col 43 to line 136, col 46 of module Sender: 25
@!@!@ENDMSG 2221 @!@!@
@!@!@STARTMSG 2221:0 @!@!@
  line 137, col 14 to line 137, col 29 of module Sender: 16
@!@!@ENDMSG 2221 @!@!@
@!@!@STARTMSG 2221:0 @!@!@
  line 138, col 25 to line 138, col 48 of module Sender: 5
@!@!@ENDMSG 2221 @!@!@
@!@!@STARTMSG 2221:0 @!@!@
  line 139, col 36 to line 139, col 105 of module Sender: 5
@!@!@ENDMSG 2221 @!@!@
@!@!@STARTMSG 2221:0 @!@!@
  |line 139, col 36 to line 139, col 71 of module Sender: 5
@!@!@ENDMSG 2221 @!@!@
@!@!@STARTMSG 2221:0 @!@!@
  ||line 139, col 36 to line 139, col 51 of module Sender: 5
@!@!@ENDMSG 2221 @!@!@
@!@!@STARTMSG 2221:0 @!@!@
  ||line 139, col 56 to line 139, col 71 of module Sender: 3
@!@!@ENDMSG 2221 @!@!@
@!@!@STARTMSG 2221:0 @!@!@
  |line 139, col 76 to line 139, col 105 of module Sender: 3
@!@!@ENDMSG 2221 @!@!@
@!@!@STARTMSG 2221:0 @!@!@
  line 140, col 41 to line 141, col 69 of module Sender: 3
@!@!@ENDMSG 2221 @!@!@
@!@!@STARTMSG 2221:0 @!@!@
  line 142, col 44 to line 142, col 47 of module Sender: 2
@!@!@ENDMSG 2221 @!@!@
@!@!@STARTMSG 2221:0 @!@!@
  line 143, col 44 to line 143, col 72 of module Sender: 2
@!@!@ENDMSG 2221 @!@!@
@!@!@STARTMSG 2221:0 @!@!@
  line 145, col 33 to line 145, col 61 of module Sender: 0
@!@!@ENDMSG 2221 @!@!@
@!@!@STARTMSG 2221:0 @!@!@
  line 146, col 22 to line 146, col 38 of module Sender: 5
@!@!@ENDMSG 2221 @!@!@
@!@!@STARTMSG 2221:0 @!@!@
  line 147, col 22 to line 147, col 25 of module Sender: 11
@!@!@ENDMSG 2221 @!@!@
@!@!@STARTMSG 2221:0 @!@!@
  line 148, col 22 to line 148, col 61 of module Sender: 11
@!@!@ENDMSG 2221 @!@!@
@!@!@STARTMSG 2221:0 @!@!@
  line 149, col 14 to line 149, col 31 of module Sender: 16
@!@!@ENDMSG 2221 @!@!@
@!@!@STARTMSG 2221:0 @!@!@
  line 150, col 19 to line 150, col 54 of module Sender: 13
@!@!@ENDMSG 2221 @!@!@
@!@!@STARTMSG 2221:0 @!@!@
  line 151, col 22 to line 151, col 25 of module Sender: 3
@!@!@ENDMSG 2221 @!@!@
@!@!@STARTMSG 2221:0 @!@!@
  line 152, col 22 to line 152, col 39 of module Sender: 3
@!@!@ENDMSG 2221 @!@!@
@!@!@STARTMSG 2221:0 @!@!@
  line 153, col 11 to line 153, col 69 of module Sender: 16
@!@!@ENDMSG 2221 @!@!@
@!@!@STARTMSG 2221:0 @!@!@
  line 155, col 11 to line 155, col 35 of module Sender: 26
@!@!@ENDMSG 2221 @!@!@
@!@!@STARTMSG 2221:0 @!@!@
  line 155, col 40 to line 155, col 55 of module Sender: 1
@!@!@ENDMSG 2221 @!@!@
@!@!@STARTMSG 2221:0 @!@!@
  line 159, col 33 to line 159, col 51 of module Sender: 0
@!@!@ENDMSG 2221 @!@!@
@!@!@STARTMSG 2221:0 @!@!@
  line 167, col 22 to line 167, col 39 of module Sender: 0
@!@!@ENDMSG 2221 @!@!@
@!@!@STARTMSG 2221:0 @!@!@
  line 168, col 11 to line 168, col 77 of module Sender: 0
@!@!@ENDMSG 2221 @!@!@
@!@!@STARTMSG 2221:0 @!@!@
  line 50, col 24 to line 50, col 110 of module Ass3SinclaShau: 16
@!@!@ENDMSG 2221 @!@!@
@!@!@STARTMSG 2772:0 @!@!@
<reciverChannel line 52, col 1 to line 52, col 14 of module Ass3SinclaShau>: 6:13
@!@!@ENDMSG 2772 @!@!@
@!@!@STARTMSG 2221:0 @!@!@
  line 32, col 1 to line 32, col 130 of module Ass3SinclaShau: 8
@!@!@ENDMSG 2221 @!@!@
@!@!@STARTMSG 2221:0 @!@!@
  line 32, col 1 to line 32, col 130 of module Ass3SinclaShau: 13
@!@!@ENDMSG 2221 @!@!@
@!@!@STARTMSG 2221:0 @!@!@
  line 32, col 1 to line 32, col 130 of module Ass3SinclaShau: 8
@!@!@ENDMSG 2221 @!@!@
@!@!@STARTMSG 2221:0 @!@!@
  line 32, col 73 to line 32, col 88 of module Ass3SinclaShau: 80
@!@!@ENDMSG 2221 @!@!@
@!@!@STARTMSG 2221:0 @!@!@
  line 32, col 119 to line 32, col 130 of module Ass3SinclaShau: 77
@!@!@ENDMSG 2221 @!@!@
@!@!@STARTMSG 2221:0 @!@!@
  line 84, col 14 to line 84, col 30 of module Reciver: 24
@!@!@ENDMSG 2221 @!@!@
@!@!@STARTMSG 2221:0 @!@!@
  line 84, col 35 to line 84, col 48 of module Reciver: 13
@!@!@ENDMSG 2221 @!@!@
@!@!@STARTMSG 2221:0 @!@!@
  line 91, col 36 to line 91, col 63 of module Reciver: 0
@!@!@ENDMSG 2221 @!@!@
@!@!@STARTMSG 2221:0 @!@!@
  line 93, col 36 to line 93, col 69 of module Reciver: 0
@!@!@ENDMSG 2221 @!@!@
@!@!@STARTMSG 2221:0 @!@!@
  line 97, col 25 to line 97, col 79 of module Reciver: 0
@!@!@ENDMSG 2221 @!@!@
@!@!@STARTMSG 2221:0 @!@!@
  line 98, col 14 to line 98, col 42 of module Reciver: 0
@!@!@ENDMSG 2221 @!@!@
@!@!@STARTMSG 2221:0 @!@!@
  line 100, col 15 to line 100, col 30 of module Reciver: 29
@!@!@ENDMSG 2221 @!@!@
@!@!@STARTMSG 2221:0 @!@!@
  |line 100, col 15 to line 100, col 19 of module Reciver: 24
@!@!@ENDMSG 2221 @!@!@
@!@!@STARTMSG 2221:0 @!@!@
  line 100, col 35 to line 100, col 51 of module Reciver: 12
@!@!@ENDMSG 2221 @!@!@
@!@!@STARTMSG 2221:0 @!@!@
  |line 100, col 35 to line 100, col 44 of module Reciver: 7
@!@!@ENDMSG 2221 @!@!@
@!@!@STARTMSG 2221:0 @!@!@
  |line 100, col 48 to line 100, col 51 of module Reciver: 7
@!@!@ENDMSG 2221 @!@!@
@!@!@STARTMSG 2221:0 @!@!@
  line 101, col 18 to line 101, col 42 of module Reciver: 5
@!@!@ENDMSG 2221 @!@!@
@!@!@STARTMSG 2221:0 @!@!@
  line 102, col 29 to line 102, col 66 of module Reciver: 5
@!@!@ENDMSG 2221 @!@!@
@!@!@STARTMSG 2221:0 @!@!@
  |line 102, col 29 to line 102, col 45 of module Reciver: 5
@!@!@ENDMSG 2221 @!@!@
@!@!@STARTMSG 2221:0 @!@!@
  |line 102, col 50 to line 102, col 66 of module Reciver: 3
@!@!@ENDMSG 2221 @!@!@
@!@!@STARTMSG 2221:0 @!@!@
  line 103, col 37 to line 103, col 63 of module Reciver: 3
@!@!@ENDMSG 2221 @!@!@
@!@!@STARTMSG 2221:0 @!@!@
  line 104, col 37 to line 104, col 58 of module Reciver: 3
@!@!@ENDMSG 2221 @!@!@
@!@!@STARTMSG 2221:0 @!@!@
  line 105, col 37 to line 105, col 56 of module Reciver: 3
@!@!@ENDMSG 2221 @!@!@
@!@!@STARTMSG 2221:0 @!@!@
  line 106, col 37 to line 106, col 54 of module Reciver: 2
@!@!@ENDMSG 2221 @!@!@
@!@!@STARTMSG 2221:0 @!@!@
  line 107, col 37 to line 107, col 65 of module Reciver: 2
@!@!@ENDMSG 2221 @!@!@
@!@!@STARTMSG 2221:0 @!@!@
  line 109, col 26 to line 109, col 54 of module Reciver: 0
@!@!@ENDMSG 2221 @!@!@
@!@!@STARTMSG 2221:0 @!@!@
  line 110, col 15 to line 110, col 57 of module Reciver: 5
@!@!@ENDMSG 2221 @!@!@
@!@!@STARTMSG 2221:0 @!@!@
  line 112, col 18 to line 112, col 38 of module Reciver: 32
@!@!@ENDMSG 2221 @!@!@
@!@!@STARTMSG 2221:0 @!@!@
  |line 112, col 18 to line 112, col 22 of module Reciver: 24
@!@!@ENDMSG 2221 @!@!@
@!@!@STARTMSG 2221:0 @!@!@
  line 112, col 43 to line 112, col 59 of module Reciver: 25
@!@!@ENDMSG 2221 @!@!@
@!@!@STARTMSG 2221:0 @!@!@
  |line 112, col 43 to line 112, col 52 of module Reciver: 17
@!@!@ENDMSG 2221 @!@!@
@!@!@STARTMSG 2221:0 @!@!@
  |line 112, col 56 to line 112, col 59 of module Reciver: 17
@!@!@ENDMSG 2221 @!@!@
@!@!@STARTMSG 2221:0 @!@!@
  line 113, col 21 to line 113, col 45 of module Reciver: 8
@!@!@ENDMSG 2221 @!@!@
@!@!@STARTMSG 2221:0 @!@!@
  line 114, col 32 to line 114, col 152 of module Reciver: 8
@!@!@ENDMSG 2221 @!@!@
@!@!@STARTMSG 2221:0 @!@!@
  line 116, col 40 to line 116, col 59 of module Reciver: 0
@!@!@ENDMSG 2221 @!@!@
@!@!@STARTMSG 2221:0 @!@!@
  line 117, col 37 to line 118, col 53 of module Reciver: 8
@!@!@ENDMSG 2221 @!@!@
@!@!@STARTMSG 2221:0 @!@!@
  line 121, col 21 to line 121, col 42 of module Reciver: 8
@!@!@ENDMSG 2221 @!@!@
@!@!@STARTMSG 2221:0 @!@!@
  line 122, col 26 to line 122, col 67 of module Reciver: 8
@!@!@ENDMSG 2221 @!@!@
@!@!@STARTMSG 2221:0 @!@!@
  line 124, col 29 to line 124, col 45 of module Reciver: 0
@!@!@ENDMSG 2221 @!@!@
@!@!@STARTMSG 2221:0 @!@!@
  line 125, col 18 to line 125, col 59 of module Reciver: 8
@!@!@ENDMSG 2221 @!@!@
@!@!@STARTMSG 2221:0 @!@!@
  line 53, col 23 to line 53, col 131 of module Ass3SinclaShau: 13
@!@!@ENDMSG 2221 @!@!@
@!@!@STARTMSG 2202:0 @!@!@
End of statistics.
@!@!@ENDMSG 2202 @!@!@
@!@!@STARTMSG 2200:0 @!@!@
Progress(9) at 2019-06-12 22:06:51: 54 states generated (1,271 s/min), 31 distinct states found (729 ds/min), 9 states left on queue.
@!@!@ENDMSG 2200 @!@!@
@!@!@STARTMSG 2199:0 @!@!@
54 states generated, 31 distinct states found, 9 states left on queue.
@!@!@ENDMSG 2199 @!@!@
@!@!@STARTMSG 2194:0 @!@!@
The depth of the complete state graph search is 9.
@!@!@ENDMSG 2194 @!@!@
@!@!@STARTMSG 2268:0 @!@!@
The average outdegree of the complete state graph is 1 (minimum is 0, the maximum 5 and the 95th percentile is 4).
@!@!@ENDMSG 2268 @!@!@
@!@!@STARTMSG 2186:0 @!@!@
Finished in 2609ms at (2019-06-12 22:06:51)
@!@!@ENDMSG 2186 @!@!@
