@!@!@STARTMSG 2262:0 @!@!@
TLC2 Version 2.13 of 18 July 2018
@!@!@ENDMSG 2262 @!@!@
@!@!@STARTMSG 2187:0 @!@!@
Running breadth-first search Model-Checking with fp 59 and seed -8814451271822133029 with 2 workers on 4 cores with 1205MB heap and 2710MB offheap memory [pid: 24220] (Windows 10 10.0 amd64, Oracle Corporation 11.0.3 x86_64, OffHeapDiskFPSet, DiskStateQueue).
@!@!@ENDMSG 2187 @!@!@
@!@!@STARTMSG 2220:0 @!@!@
Starting SANY...
@!@!@ENDMSG 2220 @!@!@
Parsing file E:\421\Assignment 3\Ass3SinclaShau.toolbox\Model_1\MC.tla
Parsing file E:\421\Assignment 3\Ass3SinclaShau.toolbox\Model_1\Ass3SinclaShau.tla
Parsing file D:\Current work\489\tlaplus-master\tlaplus-master2\git\tla-visualisation\tlatools\class\tla2sany\StandardModules\TLC.tla
Parsing file D:\Current work\489\tlaplus-master\tlaplus-master2\git\tla-visualisation\tlatools\class\tla2sany\StandardModules\Naturals.tla
Parsing file D:\Current work\489\tlaplus-master\tlaplus-master2\git\tla-visualisation\tlatools\class\tla2sany\StandardModules\Integers.tla
Parsing file D:\Current work\489\tlaplus-master\tlaplus-master2\git\tla-visualisation\tlatools\class\tla2sany\StandardModules\Sequences.tla
Parsing file D:\Current work\489\tlaplus-master\tlaplus-master2\git\tla-visualisation\tlatools\class\tla2sany\StandardModules\Bags.tla
Parsing file D:\Current work\489\tlaplus-master\tlaplus-master2\git\tla-visualisation\tlatools\class\tla2sany\StandardModules\FiniteSets.tla
Parsing file E:\421\Assignment 3\Ass3SinclaShau.toolbox\Model_1\DataWire.tla
Parsing file E:\421\Assignment 3\Ass3SinclaShau.toolbox\Model_1\Sender.tla
Parsing file E:\421\Assignment 3\Ass3SinclaShau.toolbox\Model_1\Receiver.tla
Semantic processing of module Naturals
Semantic processing of module Integers
Semantic processing of module Sequences
Semantic processing of module FiniteSets
Semantic processing of module TLC
Semantic processing of module Bags
Semantic processing of module DataWire
Semantic processing of module Sender
Semantic processing of module Receiver
Semantic processing of module Ass3SinclaShau
Semantic processing of module MC
@!@!@STARTMSG 2219:0 @!@!@
SANY finished.
@!@!@ENDMSG 2219 @!@!@
@!@!@STARTMSG 2185:0 @!@!@
Starting... (2019-06-13 02:55:03)
@!@!@ENDMSG 2185 @!@!@
@!@!@STARTMSG 2212:0 @!@!@
Implied-temporal checking--satisfiability problem has 15 branches.
@!@!@ENDMSG 2212 @!@!@
@!@!@STARTMSG 2189:0 @!@!@
Computing initial states...
@!@!@ENDMSG 2189 @!@!@
@!@!@STARTMSG 2190:0 @!@!@
Finished computing initial states: 1 distinct state generated at 2019-06-13 02:55:04.
@!@!@ENDMSG 2190 @!@!@
@!@!@STARTMSG 2192:0 @!@!@
Checking 15 branches of temporal properties for the current state space with 38802 total distinct states at (2019-06-13 02:55:07)
@!@!@ENDMSG 2192 @!@!@
@!@!@STARTMSG 2267:0 @!@!@
Finished checking temporal properties in 01s at 2019-06-13 02:55:09
@!@!@ENDMSG 2267 @!@!@
@!@!@STARTMSG 2200:0 @!@!@
Progress(38) at 2019-06-13 02:55:09: 7,208 states generated (7,208 s/min), 2,712 distinct states found (2,712 ds/min), 237 states left on queue.
@!@!@ENDMSG 2200 @!@!@
@!@!@STARTMSG 2200:0 @!@!@
Progress(61) at 2019-06-13 02:55:11: 15,284 states generated, 5,469 distinct states found, 0 states left on queue.
@!@!@ENDMSG 2200 @!@!@
@!@!@STARTMSG 2192:0 @!@!@
Checking 15 branches of temporal properties for the complete state space with 82035 total distinct states at (2019-06-13 02:55:11)
@!@!@ENDMSG 2192 @!@!@
@!@!@STARTMSG 2267:0 @!@!@
Finished checking temporal properties in 00s at 2019-06-13 02:55:11
@!@!@ENDMSG 2267 @!@!@
@!@!@STARTMSG 2193:0 @!@!@
Model checking completed. No error has been found.
  Estimates of the probability that TLC did not check all reachable states
  because two distinct states had the same fingerprint:
  calculated (optimistic):  val = 2.9E-12
@!@!@ENDMSG 2193 @!@!@
@!@!@STARTMSG 2201:0 @!@!@
The coverage statistics at 2019-06-13 02:55:11
@!@!@ENDMSG 2201 @!@!@
@!@!@STARTMSG 2773:0 @!@!@
<Init line 36, col 1 to line 36, col 4 of module Ass3SinclaShau>: 1
@!@!@ENDMSG 2773 @!@!@
@!@!@STARTMSG 2221:0 @!@!@
  line 36, col 10 to line 39, col 25 of module Ass3SinclaShau: 1
@!@!@ENDMSG 2221 @!@!@
@!@!@STARTMSG 2773:0 @!@!@
<Invariants line 73, col 1 to line 73, col 10 of module Ass3SinclaShau>: 0
@!@!@ENDMSG 2773 @!@!@
@!@!@STARTMSG 2221:0 @!@!@
  line 73, col 16 to line 74, col 37 of module Ass3SinclaShau: 1
@!@!@ENDMSG 2221 @!@!@
@!@!@STARTMSG 2772:0 @!@!@
<dataChannel line 43, col 1 to line 43, col 11 of module Ass3SinclaShau>: 1386:3210
@!@!@ENDMSG 2772 @!@!@
@!@!@STARTMSG 2221:0 @!@!@
  line 29, col 1 to line 29, col 86 of module Ass3SinclaShau: 122354
@!@!@ENDMSG 2221 @!@!@
@!@!@STARTMSG 2221:0 @!@!@
  line 29, col 45 to line 29, col 57 of module Ass3SinclaShau: 1207164
@!@!@ENDMSG 2221 @!@!@
@!@!@STARTMSG 2221:0 @!@!@
  line 29, col 71 to line 29, col 86 of module Ass3SinclaShau: 707569
@!@!@ENDMSG 2221 @!@!@
@!@!@STARTMSG 2221:0 @!@!@
  line 60, col 16 to line 60, col 28 of module DataWire: 6574
@!@!@ENDMSG 2221 @!@!@
@!@!@STARTMSG 2221:0 @!@!@
  |line 60, col 16 to line 60, col 21 of module DataWire: 5504
@!@!@ENDMSG 2221 @!@!@
@!@!@STARTMSG 2221:0 @!@!@
  |line 60, col 25 to line 60, col 28 of module DataWire: 5504
@!@!@ENDMSG 2221 @!@!@
@!@!@STARTMSG 2221:0 @!@!@
  line 60, col 33 to line 60, col 46 of module DataWire: 3728
@!@!@ENDMSG 2221 @!@!@
@!@!@STARTMSG 2221:0 @!@!@
  |line 60, col 33 to line 60, col 39 of module DataWire: 2658
@!@!@ENDMSG 2221 @!@!@
@!@!@STARTMSG 2221:0 @!@!@
  |line 60, col 43 to line 60, col 46 of module DataWire: 2658
@!@!@ENDMSG 2221 @!@!@
@!@!@STARTMSG 2221:0 @!@!@
  line 61, col 16 to line 61, col 32 of module DataWire: 1070
@!@!@ENDMSG 2221 @!@!@
@!@!@STARTMSG 2221:0 @!@!@
  line 62, col 16 to line 62, col 29 of module DataWire: 1070
@!@!@ENDMSG 2221 @!@!@
@!@!@STARTMSG 2221:0 @!@!@
  line 64, col 15 to line 64, col 27 of module DataWire: 6574
@!@!@ENDMSG 2221 @!@!@
@!@!@STARTMSG 2221:0 @!@!@
  |line 64, col 15 to line 64, col 20 of module DataWire: 5504
@!@!@ENDMSG 2221 @!@!@
@!@!@STARTMSG 2221:0 @!@!@
  |line 64, col 24 to line 64, col 27 of module DataWire: 5504
@!@!@ENDMSG 2221 @!@!@
@!@!@STARTMSG 2221:0 @!@!@
  line 64, col 32 to line 64, col 45 of module DataWire: 3728
@!@!@ENDMSG 2221 @!@!@
@!@!@STARTMSG 2221:0 @!@!@
  |line 64, col 32 to line 64, col 38 of module DataWire: 2658
@!@!@ENDMSG 2221 @!@!@
@!@!@STARTMSG 2221:0 @!@!@
  |line 64, col 42 to line 64, col 45 of module DataWire: 2658
@!@!@ENDMSG 2221 @!@!@
@!@!@STARTMSG 2221:0 @!@!@
  line 65, col 15 to line 65, col 41 of module DataWire: 1070
@!@!@ENDMSG 2221 @!@!@
@!@!@STARTMSG 2221:0 @!@!@
  line 66, col 15 to line 66, col 28 of module DataWire: 1070
@!@!@ENDMSG 2221 @!@!@
@!@!@STARTMSG 2221:0 @!@!@
  line 68, col 12 to line 68, col 24 of module DataWire: 6574
@!@!@ENDMSG 2221 @!@!@
@!@!@STARTMSG 2221:0 @!@!@
  |line 68, col 12 to line 68, col 17 of module DataWire: 5504
@!@!@ENDMSG 2221 @!@!@
@!@!@STARTMSG 2221:0 @!@!@
  |line 68, col 21 to line 68, col 24 of module DataWire: 5504
@!@!@ENDMSG 2221 @!@!@
@!@!@STARTMSG 2221:0 @!@!@
  line 68, col 29 to line 68, col 42 of module DataWire: 3728
@!@!@ENDMSG 2221 @!@!@
@!@!@STARTMSG 2221:0 @!@!@
  |line 68, col 29 to line 68, col 35 of module DataWire: 2658
@!@!@ENDMSG 2221 @!@!@
@!@!@STARTMSG 2221:0 @!@!@
  |line 68, col 39 to line 68, col 42 of module DataWire: 2658
@!@!@ENDMSG 2221 @!@!@
@!@!@STARTMSG 2221:0 @!@!@
  line 69, col 12 to line 69, col 26 of module DataWire: 1070
@!@!@ENDMSG 2221 @!@!@
@!@!@STARTMSG 2221:0 @!@!@
  line 70, col 12 to line 70, col 25 of module DataWire: 1070
@!@!@ENDMSG 2221 @!@!@
@!@!@STARTMSG 2221:0 @!@!@
  line 44, col 21 to line 44, col 166 of module Ass3SinclaShau: 3210
@!@!@ENDMSG 2221 @!@!@
@!@!@STARTMSG 2772:0 @!@!@
<reqChannel line 46, col 1 to line 46, col 10 of module Ass3SinclaShau>: 1963:3168
@!@!@ENDMSG 2772 @!@!@
@!@!@STARTMSG 2221:0 @!@!@
  line 30, col 1 to line 30, col 83 of module Ass3SinclaShau: 1056
@!@!@ENDMSG 2221 @!@!@
@!@!@STARTMSG 2221:0 @!@!@
  line 30, col 44 to line 30, col 55 of module Ass3SinclaShau: 17568
@!@!@ENDMSG 2221 @!@!@
@!@!@STARTMSG 2221:0 @!@!@
  line 30, col 69 to line 30, col 83 of module Ass3SinclaShau: 7095
@!@!@ENDMSG 2221 @!@!@
@!@!@STARTMSG 2221:0 @!@!@
  line 60, col 16 to line 60, col 28 of module DataWire: 6560
@!@!@ENDMSG 2221 @!@!@
@!@!@STARTMSG 2221:0 @!@!@
  |line 60, col 16 to line 60, col 21 of module DataWire: 5504
@!@!@ENDMSG 2221 @!@!@
@!@!@STARTMSG 2221:0 @!@!@
  |line 60, col 25 to line 60, col 28 of module DataWire: 5504
@!@!@ENDMSG 2221 @!@!@
@!@!@STARTMSG 2221:0 @!@!@
  line 60, col 33 to line 60, col 46 of module DataWire: 3421
@!@!@ENDMSG 2221 @!@!@
@!@!@STARTMSG 2221:0 @!@!@
  |line 60, col 33 to line 60, col 39 of module DataWire: 2365
@!@!@ENDMSG 2221 @!@!@
@!@!@STARTMSG 2221:0 @!@!@
  |line 60, col 43 to line 60, col 46 of module DataWire: 2365
@!@!@ENDMSG 2221 @!@!@
@!@!@STARTMSG 2221:0 @!@!@
  line 61, col 16 to line 61, col 32 of module DataWire: 1056
@!@!@ENDMSG 2221 @!@!@
@!@!@STARTMSG 2221:0 @!@!@
  line 62, col 16 to line 62, col 29 of module DataWire: 1056
@!@!@ENDMSG 2221 @!@!@
@!@!@STARTMSG 2221:0 @!@!@
  line 64, col 15 to line 64, col 27 of module DataWire: 6560
@!@!@ENDMSG 2221 @!@!@
@!@!@STARTMSG 2221:0 @!@!@
  |line 64, col 15 to line 64, col 20 of module DataWire: 5504
@!@!@ENDMSG 2221 @!@!@
@!@!@STARTMSG 2221:0 @!@!@
  |line 64, col 24 to line 64, col 27 of module DataWire: 5504
@!@!@ENDMSG 2221 @!@!@
@!@!@STARTMSG 2221:0 @!@!@
  line 64, col 32 to line 64, col 45 of module DataWire: 3421
@!@!@ENDMSG 2221 @!@!@
@!@!@STARTMSG 2221:0 @!@!@
  |line 64, col 32 to line 64, col 38 of module DataWire: 2365
@!@!@ENDMSG 2221 @!@!@
@!@!@STARTMSG 2221:0 @!@!@
  |line 64, col 42 to line 64, col 45 of module DataWire: 2365
@!@!@ENDMSG 2221 @!@!@
@!@!@STARTMSG 2221:0 @!@!@
  line 65, col 15 to line 65, col 41 of module DataWire: 1056
@!@!@ENDMSG 2221 @!@!@
@!@!@STARTMSG 2221:0 @!@!@
  line 66, col 15 to line 66, col 28 of module DataWire: 1056
@!@!@ENDMSG 2221 @!@!@
@!@!@STARTMSG 2221:0 @!@!@
  line 68, col 12 to line 68, col 24 of module DataWire: 6560
@!@!@ENDMSG 2221 @!@!@
@!@!@STARTMSG 2221:0 @!@!@
  |line 68, col 12 to line 68, col 17 of module DataWire: 5504
@!@!@ENDMSG 2221 @!@!@
@!@!@STARTMSG 2221:0 @!@!@
  |line 68, col 21 to line 68, col 24 of module DataWire: 5504
@!@!@ENDMSG 2221 @!@!@
@!@!@STARTMSG 2221:0 @!@!@
  line 68, col 29 to line 68, col 42 of module DataWire: 3421
@!@!@ENDMSG 2221 @!@!@
@!@!@STARTMSG 2221:0 @!@!@
  |line 68, col 29 to line 68, col 35 of module DataWire: 2365
@!@!@ENDMSG 2221 @!@!@
@!@!@STARTMSG 2221:0 @!@!@
  |line 68, col 39 to line 68, col 42 of module DataWire: 2365
@!@!@ENDMSG 2221 @!@!@
@!@!@STARTMSG 2221:0 @!@!@
  line 69, col 12 to line 69, col 26 of module DataWire: 1056
@!@!@ENDMSG 2221 @!@!@
@!@!@STARTMSG 2221:0 @!@!@
  line 70, col 12 to line 70, col 25 of module DataWire: 1056
@!@!@ENDMSG 2221 @!@!@
@!@!@STARTMSG 2221:0 @!@!@
  line 47, col 20 to line 47, col 167 of module Ass3SinclaShau: 3168
@!@!@ENDMSG 2221 @!@!@
@!@!@STARTMSG 2772:0 @!@!@
<senderChannel line 49, col 1 to line 49, col 13 of module Ass3SinclaShau>: 1227:5839
@!@!@ENDMSG 2772 @!@!@
@!@!@STARTMSG 2221:0 @!@!@
  line 31, col 1 to line 31, col 109 of module Ass3SinclaShau: 720
@!@!@ENDMSG 2221 @!@!@
@!@!@STARTMSG 2221:0 @!@!@
  line 31, col 1 to line 31, col 109 of module Ass3SinclaShau: 12990
@!@!@ENDMSG 2221 @!@!@
@!@!@STARTMSG 2221:0 @!@!@
  line 31, col 1 to line 31, col 109 of module Ass3SinclaShau: 4342
@!@!@ENDMSG 2221 @!@!@
@!@!@STARTMSG 2221:0 @!@!@
  line 31, col 1 to line 31, col 109 of module Ass3SinclaShau: 9505
@!@!@ENDMSG 2221 @!@!@
@!@!@STARTMSG 2221:0 @!@!@
  line 31, col 1 to line 31, col 109 of module Ass3SinclaShau: 3592
@!@!@ENDMSG 2221 @!@!@
@!@!@STARTMSG 2221:0 @!@!@
  line 31, col 1 to line 31, col 109 of module Ass3SinclaShau: 2464
@!@!@ENDMSG 2221 @!@!@
@!@!@STARTMSG 2221:0 @!@!@
  line 31, col 1 to line 31, col 109 of module Ass3SinclaShau: 154
@!@!@ENDMSG 2221 @!@!@
@!@!@STARTMSG 2221:0 @!@!@
  line 31, col 44 to line 31, col 56 of module Ass3SinclaShau: 6022
@!@!@ENDMSG 2221 @!@!@
@!@!@STARTMSG 2221:0 @!@!@
  line 31, col 73 to line 31, col 87 of module Ass3SinclaShau: 16241
@!@!@ENDMSG 2221 @!@!@
@!@!@STARTMSG 2221:0 @!@!@
  line 31, col 99 to line 31, col 109 of module Ass3SinclaShau: 39557
@!@!@ENDMSG 2221 @!@!@
@!@!@STARTMSG 2221:0 @!@!@
  line 173, col 12 to line 173, col 25 of module Sender: 7702
@!@!@ENDMSG 2221 @!@!@
@!@!@STARTMSG 2221:0 @!@!@
  |line 173, col 12 to line 173, col 16 of module Sender: 5504
@!@!@ENDMSG 2221 @!@!@
@!@!@STARTMSG 2221:0 @!@!@
  line 173, col 31 to line 173, col 45 of module Sender: 4304
@!@!@ENDMSG 2221 @!@!@
@!@!@STARTMSG 2221:0 @!@!@
  |line 173, col 31 to line 173, col 38 of module Sender: 2813
@!@!@ENDMSG 2221 @!@!@
@!@!@STARTMSG 2221:0 @!@!@
  |line 173, col 42 to line 173, col 45 of module Sender: 2813
@!@!@ENDMSG 2221 @!@!@
@!@!@STARTMSG 2221:0 @!@!@
  line 173, col 50 to line 173, col 66 of module Sender: 4490
@!@!@ENDMSG 2221 @!@!@
@!@!@STARTMSG 2221:0 @!@!@
  |line 173, col 50 to line 173, col 59 of module Sender: 2813
@!@!@ENDMSG 2221 @!@!@
@!@!@STARTMSG 2221:0 @!@!@
  |line 173, col 63 to line 173, col 66 of module Sender: 2813
@!@!@ENDMSG 2221 @!@!@
@!@!@STARTMSG 2221:0 @!@!@
  line 174, col 15 to line 174, col 63 of module Sender: 3168
@!@!@ENDMSG 2221 @!@!@
@!@!@STARTMSG 2221:0 @!@!@
  |line 174, col 15 to line 174, col 31 of module Sender: 3168
@!@!@ENDMSG 2221 @!@!@
@!@!@STARTMSG 2221:0 @!@!@
  |line 174, col 36 to line 174, col 63 of module Sender: 2647
@!@!@ENDMSG 2221 @!@!@
@!@!@STARTMSG 2221:0 @!@!@
  line 175, col 26 to line 175, col 58 of module Sender: 1403
@!@!@ENDMSG 2221 @!@!@
@!@!@STARTMSG 2221:0 @!@!@
  line 176, col 34 to line 176, col 55 of module Sender: 218
@!@!@ENDMSG 2221 @!@!@
@!@!@STARTMSG 2221:0 @!@!@
  line 177, col 34 to line 177, col 71 of module Sender: 218
@!@!@ENDMSG 2221 @!@!@
@!@!@STARTMSG 2221:0 @!@!@
  line 178, col 37 to line 178, col 63 of module Sender: 1185
@!@!@ENDMSG 2221 @!@!@
@!@!@STARTMSG 2221:0 @!@!@
  line 179, col 42 to line 180, col 72 of module Sender: 718
@!@!@ENDMSG 2221 @!@!@
@!@!@STARTMSG 2221:0 @!@!@
  line 181, col 45 to line 181, col 48 of module Sender: 467
@!@!@ENDMSG 2221 @!@!@
@!@!@STARTMSG 2221:0 @!@!@
  line 182, col 45 to line 183, col 69 of module Sender: 467
@!@!@ENDMSG 2221 @!@!@
@!@!@STARTMSG 2221:0 @!@!@
  line 184, col 34 to line 184, col 47 of module Sender: 1185
@!@!@ENDMSG 2221 @!@!@
@!@!@STARTMSG 2221:0 @!@!@
  line 185, col 23 to line 185, col 26 of module Sender: 1765
@!@!@ENDMSG 2221 @!@!@
@!@!@STARTMSG 2221:0 @!@!@
  line 186, col 23 to line 186, col 67 of module Sender: 1765
@!@!@ENDMSG 2221 @!@!@
@!@!@STARTMSG 2221:0 @!@!@
  line 187, col 12 to line 187, col 29 of module Sender: 3168
@!@!@ENDMSG 2221 @!@!@
@!@!@STARTMSG 2221:0 @!@!@
  line 188, col 15 to line 188, col 105 of module Sender: 3168
@!@!@ENDMSG 2221 @!@!@
@!@!@STARTMSG 2221:0 @!@!@
  |line 188, col 15 to line 188, col 83 of module Sender: 3168
@!@!@ENDMSG 2221 @!@!@
@!@!@STARTMSG 2221:0 @!@!@
  ||line 188, col 15 to line 188, col 48 of module Sender: 3168
@!@!@ENDMSG 2221 @!@!@
@!@!@STARTMSG 2221:0 @!@!@
  |||line 188, col 15 to line 188, col 29 of module Sender: 3168
@!@!@ENDMSG 2221 @!@!@
@!@!@STARTMSG 2221:0 @!@!@
  |||line 188, col 34 to line 188, col 48 of module Sender: 2461
@!@!@ENDMSG 2221 @!@!@
@!@!@STARTMSG 2221:0 @!@!@
  ||line 188, col 53 to line 188, col 83 of module Sender: 2461
@!@!@ENDMSG 2221 @!@!@
@!@!@STARTMSG 2221:0 @!@!@
  |line 188, col 88 to line 188, col 105 of module Sender: 2461
@!@!@ENDMSG 2221 @!@!@
@!@!@STARTMSG 2221:0 @!@!@
  line 189, col 23 to line 189, col 72 of module Sender: 2461
@!@!@ENDMSG 2221 @!@!@
@!@!@STARTMSG 2221:0 @!@!@
  line 190, col 26 to line 190, col 83 of module Sender: 2461
@!@!@ENDMSG 2221 @!@!@
@!@!@STARTMSG 2221:0 @!@!@
  |line 190, col 26 to line 190, col 49 of module Sender: 2461
@!@!@ENDMSG 2221 @!@!@
@!@!@STARTMSG 2221:0 @!@!@
  |line 190, col 54 to line 190, col 83 of module Sender: 1851
@!@!@ENDMSG 2221 @!@!@
@!@!@STARTMSG 2221:0 @!@!@
  line 191, col 31 to line 191, col 63 of module Sender: 1158
@!@!@ENDMSG 2221 @!@!@
@!@!@STARTMSG 2221:0 @!@!@
  line 192, col 31 to line 192, col 60 of module Sender: 1303
@!@!@ENDMSG 2221 @!@!@
@!@!@STARTMSG 2221:0 @!@!@
  line 193, col 23 to line 193, col 26 of module Sender: 707
@!@!@ENDMSG 2221 @!@!@
@!@!@STARTMSG 2221:0 @!@!@
  line 194, col 23 to line 194, col 59 of module Sender: 707
@!@!@ENDMSG 2221 @!@!@
@!@!@STARTMSG 2221:0 @!@!@
  line 195, col 12 to line 195, col 27 of module Sender: 3168
@!@!@ENDMSG 2221 @!@!@
@!@!@STARTMSG 2221:0 @!@!@
  line 197, col 11 to line 197, col 27 of module Sender: 5525
@!@!@ENDMSG 2221 @!@!@
@!@!@STARTMSG 2221:0 @!@!@
  |line 197, col 11 to line 197, col 15 of module Sender: 5504
@!@!@ENDMSG 2221 @!@!@
@!@!@STARTMSG 2221:0 @!@!@
  line 197, col 32 to line 197, col 46 of module Sender: 62
@!@!@ENDMSG 2221 @!@!@
@!@!@STARTMSG 2221:0 @!@!@
  |line 197, col 32 to line 197, col 39 of module Sender: 41
@!@!@ENDMSG 2221 @!@!@
@!@!@STARTMSG 2221:0 @!@!@
  |line 197, col 43 to line 197, col 46 of module Sender: 41
@!@!@ENDMSG 2221 @!@!@
@!@!@STARTMSG 2221:0 @!@!@
  line 198, col 14 to line 198, col 59 of module Sender: 21
@!@!@ENDMSG 2221 @!@!@
@!@!@STARTMSG 2221:0 @!@!@
  |line 198, col 14 to line 198, col 30 of module Sender: 21
@!@!@ENDMSG 2221 @!@!@
@!@!@STARTMSG 2221:0 @!@!@
  |line 198, col 35 to line 198, col 59 of module Sender: 12
@!@!@ENDMSG 2221 @!@!@
@!@!@STARTMSG 2221:0 @!@!@
  line 199, col 25 to line 199, col 97 of module Sender: 12
@!@!@ENDMSG 2221 @!@!@
@!@!@STARTMSG 2221:0 @!@!@
  |line 199, col 25 to line 199, col 62 of module Sender: 12
@!@!@ENDMSG 2221 @!@!@
@!@!@STARTMSG 2221:0 @!@!@
  ||line 199, col 25 to line 199, col 41 of module Sender: 12
@!@!@ENDMSG 2221 @!@!@
@!@!@STARTMSG 2221:0 @!@!@
  ||line 199, col 46 to line 199, col 62 of module Sender: 6
@!@!@ENDMSG 2221 @!@!@
@!@!@STARTMSG 2221:0 @!@!@
  |line 199, col 67 to line 199, col 97 of module Sender: 6
@!@!@ENDMSG 2221 @!@!@
@!@!@STARTMSG 2221:0 @!@!@
  line 200, col 30 to line 201, col 59 of module Sender: 6
@!@!@ENDMSG 2221 @!@!@
@!@!@STARTMSG 2221:0 @!@!@
  line 202, col 33 to line 202, col 36 of module Sender: 6
@!@!@ENDMSG 2221 @!@!@
@!@!@STARTMSG 2221:0 @!@!@
  line 203, col 33 to line 203, col 61 of module Sender: 6
@!@!@ENDMSG 2221 @!@!@
@!@!@STARTMSG 2221:0 @!@!@
  line 204, col 22 to line 204, col 39 of module Sender: 12
@!@!@ENDMSG 2221 @!@!@
@!@!@STARTMSG 2221:0 @!@!@
  line 205, col 22 to line 205, col 25 of module Sender: 9
@!@!@ENDMSG 2221 @!@!@
@!@!@STARTMSG 2221:0 @!@!@
  line 206, col 22 to line 206, col 62 of module Sender: 9
@!@!@ENDMSG 2221 @!@!@
@!@!@STARTMSG 2221:0 @!@!@
  line 207, col 14 to line 207, col 31 of module Sender: 21
@!@!@ENDMSG 2221 @!@!@
@!@!@STARTMSG 2221:0 @!@!@
  line 208, col 19 to line 208, col 54 of module Sender: 15
@!@!@ENDMSG 2221 @!@!@
@!@!@STARTMSG 2221:0 @!@!@
  line 209, col 22 to line 209, col 25 of module Sender: 6
@!@!@ENDMSG 2221 @!@!@
@!@!@STARTMSG 2221:0 @!@!@
  line 210, col 22 to line 210, col 39 of module Sender: 6
@!@!@ENDMSG 2221 @!@!@
@!@!@STARTMSG 2221:0 @!@!@
  line 211, col 11 to line 211, col 61 of module Sender: 21
@!@!@ENDMSG 2221 @!@!@
@!@!@STARTMSG 2221:0 @!@!@
  line 213, col 11 to line 213, col 36 of module Sender: 5626
@!@!@ENDMSG 2221 @!@!@
@!@!@STARTMSG 2221:0 @!@!@
  |line 213, col 11 to line 213, col 15 of module Sender: 5504
@!@!@ENDMSG 2221 @!@!@
@!@!@STARTMSG 2221:0 @!@!@
  line 214, col 14 to line 214, col 59 of module Sender: 122
@!@!@ENDMSG 2221 @!@!@
@!@!@STARTMSG 2221:0 @!@!@
  |line 214, col 14 to line 214, col 30 of module Sender: 122
@!@!@ENDMSG 2221 @!@!@
@!@!@STARTMSG 2221:0 @!@!@
  |line 214, col 35 to line 214, col 59 of module Sender: 79
@!@!@ENDMSG 2221 @!@!@
@!@!@STARTMSG 2221:0 @!@!@
  line 215, col 25 to line 215, col 72 of module Sender: 79
@!@!@ENDMSG 2221 @!@!@
@!@!@STARTMSG 2221:0 @!@!@
  |line 215, col 25 to line 215, col 43 of module Sender: 79
@!@!@ENDMSG 2221 @!@!@
@!@!@STARTMSG 2221:0 @!@!@
  |line 215, col 48 to line 215, col 72 of module Sender: 42
@!@!@ENDMSG 2221 @!@!@
@!@!@STARTMSG 2221:0 @!@!@
  line 216, col 33 to line 216, col 47 of module Sender: 10
@!@!@ENDMSG 2221 @!@!@
@!@!@STARTMSG 2221:0 @!@!@
  line 217, col 33 to line 217, col 52 of module Sender: 10
@!@!@ENDMSG 2221 @!@!@
@!@!@STARTMSG 2221:0 @!@!@
  line 218, col 30 to line 219, col 46 of module Sender: 69
@!@!@ENDMSG 2221 @!@!@
@!@!@STARTMSG 2221:0 @!@!@
  line 220, col 19 to line 221, col 35 of module Sender: 43
@!@!@ENDMSG 2221 @!@!@
@!@!@STARTMSG 2221:0 @!@!@
  line 222, col 14 to line 222, col 40 of module Sender: 122
@!@!@ENDMSG 2221 @!@!@
@!@!@STARTMSG 2221:0 @!@!@
  line 223, col 19 to line 223, col 66 of module Sender: 112
@!@!@ENDMSG 2221 @!@!@
@!@!@STARTMSG 2221:0 @!@!@
  line 224, col 22 to line 224, col 25 of module Sender: 10
@!@!@ENDMSG 2221 @!@!@
@!@!@STARTMSG 2221:0 @!@!@
  line 225, col 22 to line 225, col 39 of module Sender: 10
@!@!@ENDMSG 2221 @!@!@
@!@!@STARTMSG 2221:0 @!@!@
  line 226, col 11 to line 226, col 69 of module Sender: 122
@!@!@ENDMSG 2221 @!@!@
@!@!@STARTMSG 2221:0 @!@!@
  line 228, col 11 to line 228, col 31 of module Sender: 6880
@!@!@ENDMSG 2221 @!@!@
@!@!@STARTMSG 2221:0 @!@!@
  |line 228, col 11 to line 228, col 15 of module Sender: 5504
@!@!@ENDMSG 2221 @!@!@
@!@!@STARTMSG 2221:0 @!@!@
  line 229, col 14 to line 229, col 30 of module Sender: 1376
@!@!@ENDMSG 2221 @!@!@
@!@!@STARTMSG 2221:0 @!@!@
  line 230, col 25 to line 230, col 49 of module Sender: 854
@!@!@ENDMSG 2221 @!@!@
@!@!@STARTMSG 2221:0 @!@!@
  line 231, col 36 to line 231, col 82 of module Sender: 854
@!@!@ENDMSG 2221 @!@!@
@!@!@STARTMSG 2221:0 @!@!@
  |line 231, col 36 to line 231, col 53 of module Sender: 854
@!@!@ENDMSG 2221 @!@!@
@!@!@STARTMSG 2221:0 @!@!@
  |line 231, col 58 to line 231, col 82 of module Sender: 120
@!@!@ENDMSG 2221 @!@!@
@!@!@STARTMSG 2221:0 @!@!@
  line 232, col 41 to line 232, col 70 of module Sender: 120
@!@!@ENDMSG 2221 @!@!@
@!@!@STARTMSG 2221:0 @!@!@
  line 233, col 41 to line 234, col 57 of module Sender: 734
@!@!@ENDMSG 2221 @!@!@
@!@!@STARTMSG 2221:0 @!@!@
  line 237, col 19 to line 238, col 35 of module Sender: 522
@!@!@ENDMSG 2221 @!@!@
@!@!@STARTMSG 2221:0 @!@!@
  line 239, col 11 to line 239, col 28 of module Sender: 1376
@!@!@ENDMSG 2221 @!@!@
@!@!@STARTMSG 2221:0 @!@!@
  line 240, col 14 to line 240, col 35 of module Sender: 1376
@!@!@ENDMSG 2221 @!@!@
@!@!@STARTMSG 2221:0 @!@!@
  line 241, col 19 to line 241, col 46 of module Sender: 1256
@!@!@ENDMSG 2221 @!@!@
@!@!@STARTMSG 2221:0 @!@!@
  line 242, col 22 to line 242, col 25 of module Sender: 120
@!@!@ENDMSG 2221 @!@!@
@!@!@STARTMSG 2221:0 @!@!@
  line 243, col 22 to line 243, col 39 of module Sender: 120
@!@!@ENDMSG 2221 @!@!@
@!@!@STARTMSG 2221:0 @!@!@
  line 244, col 11 to line 244, col 69 of module Sender: 1376
@!@!@ENDMSG 2221 @!@!@
@!@!@STARTMSG 2221:0 @!@!@
  line 246, col 15 to line 246, col 40 of module Sender: 5744
@!@!@ENDMSG 2221 @!@!@
@!@!@STARTMSG 2221:0 @!@!@
  |line 246, col 15 to line 246, col 19 of module Sender: 5504
@!@!@ENDMSG 2221 @!@!@
@!@!@STARTMSG 2221:0 @!@!@
  line 246, col 45 to line 246, col 60 of module Sender: 6416
@!@!@ENDMSG 2221 @!@!@
@!@!@STARTMSG 2221:0 @!@!@
  |line 246, col 45 to line 246, col 49 of module Sender: 5504
@!@!@ENDMSG 2221 @!@!@
@!@!@STARTMSG 2221:0 @!@!@
  line 247, col 14 to line 247, col 30 of module Sender: 1152
@!@!@ENDMSG 2221 @!@!@
@!@!@STARTMSG 2221:0 @!@!@
  line 248, col 14 to line 248, col 38 of module Sender: 1152
@!@!@ENDMSG 2221 @!@!@
@!@!@STARTMSG 2221:0 @!@!@
  line 249, col 14 to line 250, col 35 of module Sender: 1152
@!@!@ENDMSG 2221 @!@!@
@!@!@STARTMSG 2221:0 @!@!@
  line 50, col 24 to line 50, col 112 of module Ass3SinclaShau: 5839
@!@!@ENDMSG 2221 @!@!@
@!@!@STARTMSG 2772:0 @!@!@
<receiverChannel line 52, col 1 to line 52, col 15 of module Ass3SinclaShau>: 892:3196
@!@!@ENDMSG 2772 @!@!@
@!@!@STARTMSG 2221:0 @!@!@
  line 32, col 1 to line 32, col 135 of module Ass3SinclaShau: 1
@!@!@ENDMSG 2221 @!@!@
@!@!@STARTMSG 2221:0 @!@!@
  line 32, col 1 to line 32, col 135 of module Ass3SinclaShau: 2995
@!@!@ENDMSG 2221 @!@!@
@!@!@STARTMSG 2221:0 @!@!@
  line 32, col 1 to line 32, col 135 of module Ass3SinclaShau: 3196
@!@!@ENDMSG 2221 @!@!@
@!@!@STARTMSG 2221:0 @!@!@
  line 32, col 1 to line 32, col 135 of module Ass3SinclaShau: 62
@!@!@ENDMSG 2221 @!@!@
@!@!@STARTMSG 2221:0 @!@!@
  line 32, col 76 to line 32, col 91 of module Ass3SinclaShau: 23912
@!@!@ENDMSG 2221 @!@!@
@!@!@STARTMSG 2221:0 @!@!@
  line 32, col 104 to line 32, col 110 of module Ass3SinclaShau: 213
@!@!@ENDMSG 2221 @!@!@
@!@!@STARTMSG 2221:0 @!@!@
  line 32, col 122 to line 32, col 135 of module Ass3SinclaShau: 24568
@!@!@ENDMSG 2221 @!@!@
@!@!@STARTMSG 2221:0 @!@!@
  line 117, col 15 to line 117, col 32 of module Receiver: 7644
@!@!@ENDMSG 2221 @!@!@
@!@!@STARTMSG 2221:0 @!@!@
  |line 117, col 15 to line 117, col 25 of module Receiver: 5504
@!@!@ENDMSG 2221 @!@!@
@!@!@STARTMSG 2221:0 @!@!@
  |line 117, col 29 to line 117, col 32 of module Receiver: 5504
@!@!@ENDMSG 2221 @!@!@
@!@!@STARTMSG 2221:0 @!@!@
  line 117, col 37 to line 117, col 50 of module Receiver: 5624
@!@!@ENDMSG 2221 @!@!@
@!@!@STARTMSG 2221:0 @!@!@
  |line 117, col 37 to line 117, col 41 of module Receiver: 3484
@!@!@ENDMSG 2221 @!@!@
@!@!@STARTMSG 2221:0 @!@!@
  line 118, col 18 to line 118, col 46 of module Receiver: 2140
@!@!@ENDMSG 2221 @!@!@
@!@!@STARTMSG 2221:0 @!@!@
  line 119, col 29 to line 119, col 73 of module Receiver: 1299
@!@!@ENDMSG 2221 @!@!@
@!@!@STARTMSG 2221:0 @!@!@
  |line 119, col 29 to line 119, col 47 of module Receiver: 1299
@!@!@ENDMSG 2221 @!@!@
@!@!@STARTMSG 2221:0 @!@!@
  |line 119, col 52 to line 119, col 73 of module Receiver: 116
@!@!@ENDMSG 2221 @!@!@
@!@!@STARTMSG 2221:0 @!@!@
  line 120, col 37 to line 120, col 59 of module Receiver: 116
@!@!@ENDMSG 2221 @!@!@
@!@!@STARTMSG 2221:0 @!@!@
  line 121, col 37 to line 121, col 70 of module Receiver: 116
@!@!@ENDMSG 2221 @!@!@
@!@!@STARTMSG 2221:0 @!@!@
  line 122, col 41 to line 122, col 67 of module Receiver: 1183
@!@!@ENDMSG 2221 @!@!@
@!@!@STARTMSG 2221:0 @!@!@
  line 123, col 45 to line 124, col 75 of module Receiver: 213
@!@!@ENDMSG 2221 @!@!@
@!@!@STARTMSG 2221:0 @!@!@
  line 125, col 48 to line 125, col 51 of module Receiver: 970
@!@!@ENDMSG 2221 @!@!@
@!@!@STARTMSG 2221:0 @!@!@
  line 126, col 48 to line 126, col 81 of module Receiver: 970
@!@!@ENDMSG 2221 @!@!@
@!@!@STARTMSG 2221:0 @!@!@
  line 127, col 37 to line 127, col 50 of module Receiver: 1183
@!@!@ENDMSG 2221 @!@!@
@!@!@STARTMSG 2221:0 @!@!@
  line 128, col 26 to line 128, col 51 of module Receiver: 1299
@!@!@ENDMSG 2221 @!@!@
@!@!@STARTMSG 2221:0 @!@!@
  line 129, col 26 to line 129, col 29 of module Receiver: 841
@!@!@ENDMSG 2221 @!@!@
@!@!@STARTMSG 2221:0 @!@!@
  line 130, col 26 to line 130, col 75 of module Receiver: 841
@!@!@ENDMSG 2221 @!@!@
@!@!@STARTMSG 2221:0 @!@!@
  line 131, col 15 to line 131, col 33 of module Receiver: 2140
@!@!@ENDMSG 2221 @!@!@
@!@!@STARTMSG 2221:0 @!@!@
  line 132, col 15 to line 132, col 30 of module Receiver: 2140
@!@!@ENDMSG 2221 @!@!@
@!@!@STARTMSG 2221:0 @!@!@
  line 134, col 15 to line 134, col 31 of module Receiver: 5511
@!@!@ENDMSG 2221 @!@!@
@!@!@STARTMSG 2221:0 @!@!@
  |line 134, col 15 to line 134, col 19 of module Receiver: 5504
@!@!@ENDMSG 2221 @!@!@
@!@!@STARTMSG 2221:0 @!@!@
  line 134, col 36 to line 134, col 53 of module Receiver: 16
@!@!@ENDMSG 2221 @!@!@
@!@!@STARTMSG 2221:0 @!@!@
  |line 134, col 36 to line 134, col 46 of module Receiver: 9
@!@!@ENDMSG 2221 @!@!@
@!@!@STARTMSG 2221:0 @!@!@
  |line 134, col 50 to line 134, col 53 of module Receiver: 9
@!@!@ENDMSG 2221 @!@!@
@!@!@STARTMSG 2221:0 @!@!@
  line 135, col 18 to line 135, col 43 of module Receiver: 7
@!@!@ENDMSG 2221 @!@!@
@!@!@STARTMSG 2221:0 @!@!@
  line 136, col 29 to line 136, col 68 of module Receiver: 7
@!@!@ENDMSG 2221 @!@!@
@!@!@STARTMSG 2221:0 @!@!@
  |line 136, col 29 to line 136, col 46 of module Receiver: 7
@!@!@ENDMSG 2221 @!@!@
@!@!@STARTMSG 2221:0 @!@!@
  |line 136, col 51 to line 136, col 68 of module Receiver: 2
@!@!@ENDMSG 2221 @!@!@
@!@!@STARTMSG 2221:0 @!@!@
  line 137, col 37 to line 137, col 64 of module Receiver: 2
@!@!@ENDMSG 2221 @!@!@
@!@!@STARTMSG 2221:0 @!@!@
  line 138, col 37 to line 138, col 59 of module Receiver: 2
@!@!@ENDMSG 2221 @!@!@
@!@!@STARTMSG 2221:0 @!@!@
  line 139, col 37 to line 139, col 57 of module Receiver: 2
@!@!@ENDMSG 2221 @!@!@
@!@!@STARTMSG 2221:0 @!@!@
  line 140, col 37 to line 140, col 55 of module Receiver: 5
@!@!@ENDMSG 2221 @!@!@
@!@!@STARTMSG 2221:0 @!@!@
  line 141, col 37 to line 141, col 65 of module Receiver: 5
@!@!@ENDMSG 2221 @!@!@
@!@!@STARTMSG 2221:0 @!@!@
  line 143, col 26 to line 143, col 54 of module Receiver: 0
@!@!@ENDMSG 2221 @!@!@
@!@!@STARTMSG 2221:0 @!@!@
  line 144, col 15 to line 144, col 57 of module Receiver: 7
@!@!@ENDMSG 2221 @!@!@
@!@!@STARTMSG 2221:0 @!@!@
  line 146, col 18 to line 146, col 39 of module Receiver: 5566
@!@!@ENDMSG 2221 @!@!@
@!@!@STARTMSG 2221:0 @!@!@
  |line 146, col 18 to line 146, col 22 of module Receiver: 5504
@!@!@ENDMSG 2221 @!@!@
@!@!@STARTMSG 2221:0 @!@!@
  line 146, col 44 to line 146, col 61 of module Receiver: 166
@!@!@ENDMSG 2221 @!@!@
@!@!@STARTMSG 2221:0 @!@!@
  |line 146, col 44 to line 146, col 54 of module Receiver: 104
@!@!@ENDMSG 2221 @!@!@
@!@!@STARTMSG 2221:0 @!@!@
  |line 146, col 58 to line 146, col 61 of module Receiver: 104
@!@!@ENDMSG 2221 @!@!@
@!@!@STARTMSG 2221:0 @!@!@
  line 147, col 21 to line 147, col 46 of module Receiver: 62
@!@!@ENDMSG 2221 @!@!@
@!@!@STARTMSG 2221:0 @!@!@
  line 148, col 32 to line 148, col 157 of module Receiver: 62
@!@!@ENDMSG 2221 @!@!@
@!@!@STARTMSG 2221:0 @!@!@
  |line 148, col 32 to line 148, col 122 of module Receiver: 62
@!@!@ENDMSG 2221 @!@!@
@!@!@STARTMSG 2221:0 @!@!@
  ||line 148, col 32 to line 148, col 95 of module Receiver: 62
@!@!@ENDMSG 2221 @!@!@
@!@!@STARTMSG 2221:0 @!@!@
  |||line 148, col 32 to line 148, col 73 of module Receiver: 62
@!@!@ENDMSG 2221 @!@!@
@!@!@STARTMSG 2221:0 @!@!@
  ||||line 148, col 32 to line 148, col 51 of module Receiver: 62
@!@!@ENDMSG 2221 @!@!@
@!@!@STARTMSG 2221:0 @!@!@
  ||||line 148, col 56 to line 148, col 73 of module Receiver: 19
@!@!@ENDMSG 2221 @!@!@
@!@!@STARTMSG 2221:0 @!@!@
  |||line 148, col 78 to line 148, col 95 of module Receiver: 19
@!@!@ENDMSG 2221 @!@!@
@!@!@STARTMSG 2221:0 @!@!@
  ||line 148, col 100 to line 148, col 122 of module Receiver: 19
@!@!@ENDMSG 2221 @!@!@
@!@!@STARTMSG 2221:0 @!@!@
  |line 148, col 127 to line 148, col 157 of module Receiver: 19
@!@!@ENDMSG 2221 @!@!@
@!@!@STARTMSG 2221:0 @!@!@
  line 149, col 37 to line 149, col 63 of module Receiver: 19
@!@!@ENDMSG 2221 @!@!@
@!@!@STARTMSG 2221:0 @!@!@
  line 150, col 37 to line 151, col 53 of module Receiver: 43
@!@!@ENDMSG 2221 @!@!@
@!@!@STARTMSG 2221:0 @!@!@
  line 152, col 29 to line 152, col 47 of module Receiver: 62
@!@!@ENDMSG 2221 @!@!@
@!@!@STARTMSG 2221:0 @!@!@
  line 155, col 21 to line 155, col 43 of module Receiver: 62
@!@!@ENDMSG 2221 @!@!@
@!@!@STARTMSG 2221:0 @!@!@
  line 156, col 26 to line 156, col 67 of module Receiver: 43
@!@!@ENDMSG 2221 @!@!@
@!@!@STARTMSG 2221:0 @!@!@
  line 157, col 29 to line 157, col 32 of module Receiver: 19
@!@!@ENDMSG 2221 @!@!@
@!@!@STARTMSG 2221:0 @!@!@
  line 158, col 29 to line 158, col 45 of module Receiver: 19
@!@!@ENDMSG 2221 @!@!@
@!@!@STARTMSG 2221:0 @!@!@
  line 159, col 18 to line 159, col 59 of module Receiver: 62
@!@!@ENDMSG 2221 @!@!@
@!@!@STARTMSG 2221:0 @!@!@
  line 161, col 16 to line 161, col 33 of module Receiver: 5627
@!@!@ENDMSG 2221 @!@!@
@!@!@STARTMSG 2221:0 @!@!@
  |line 161, col 16 to line 161, col 26 of module Receiver: 5504
@!@!@ENDMSG 2221 @!@!@
@!@!@STARTMSG 2221:0 @!@!@
  |line 161, col 30 to line 161, col 33 of module Receiver: 5504
@!@!@ENDMSG 2221 @!@!@
@!@!@STARTMSG 2221:0 @!@!@
  line 161, col 38 to line 161, col 60 of module Receiver: 3607
@!@!@ENDMSG 2221 @!@!@
@!@!@STARTMSG 2221:0 @!@!@
  |line 161, col 38 to line 161, col 42 of module Receiver: 3484
@!@!@ENDMSG 2221 @!@!@
@!@!@STARTMSG 2221:0 @!@!@
  line 162, col 19 to line 162, col 44 of module Receiver: 123
@!@!@ENDMSG 2221 @!@!@
@!@!@STARTMSG 2221:0 @!@!@
  line 163, col 30 to line 163, col 56 of module Receiver: 123
@!@!@ENDMSG 2221 @!@!@
@!@!@STARTMSG 2221:0 @!@!@
  line 164, col 35 to line 164, col 52 of module Receiver: 10
@!@!@ENDMSG 2221 @!@!@
@!@!@STARTMSG 2221:0 @!@!@
  line 165, col 35 to line 166, col 51 of module Receiver: 113
@!@!@ENDMSG 2221 @!@!@
@!@!@STARTMSG 2221:0 @!@!@
  line 169, col 19 to line 169, col 42 of module Receiver: 123
@!@!@ENDMSG 2221 @!@!@
@!@!@STARTMSG 2221:0 @!@!@
  line 170, col 24 to line 171, col 45 of module Receiver: 113
@!@!@ENDMSG 2221 @!@!@
@!@!@STARTMSG 2221:0 @!@!@
  line 172, col 27 to line 172, col 30 of module Receiver: 10
@!@!@ENDMSG 2221 @!@!@
@!@!@STARTMSG 2221:0 @!@!@
  line 173, col 27 to line 173, col 62 of module Receiver: 10
@!@!@ENDMSG 2221 @!@!@
@!@!@STARTMSG 2221:0 @!@!@
  line 174, col 16 to line 174, col 57 of module Receiver: 123
@!@!@ENDMSG 2221 @!@!@
@!@!@STARTMSG 2221:0 @!@!@
  line 176, col 18 to line 176, col 35 of module Receiver: 6368
@!@!@ENDMSG 2221 @!@!@
@!@!@STARTMSG 2221:0 @!@!@
  |line 176, col 18 to line 176, col 28 of module Receiver: 5504
@!@!@ENDMSG 2221 @!@!@
@!@!@STARTMSG 2221:0 @!@!@
  |line 176, col 32 to line 176, col 35 of module Receiver: 5504
@!@!@ENDMSG 2221 @!@!@
@!@!@STARTMSG 2221:0 @!@!@
  line 176, col 40 to line 176, col 61 of module Receiver: 4348
@!@!@ENDMSG 2221 @!@!@
@!@!@STARTMSG 2221:0 @!@!@
  |line 176, col 40 to line 176, col 44 of module Receiver: 3484
@!@!@ENDMSG 2221 @!@!@
@!@!@STARTMSG 2221:0 @!@!@
  line 177, col 21 to line 177, col 46 of module Receiver: 864
@!@!@ENDMSG 2221 @!@!@
@!@!@STARTMSG 2221:0 @!@!@
  line 178, col 32 to line 178, col 76 of module Receiver: 864
@!@!@ENDMSG 2221 @!@!@
@!@!@STARTMSG 2221:0 @!@!@
  |line 178, col 32 to line 178, col 50 of module Receiver: 864
@!@!@ENDMSG 2221 @!@!@
@!@!@STARTMSG 2221:0 @!@!@
  |line 178, col 55 to line 178, col 76 of module Receiver: 144
@!@!@ENDMSG 2221 @!@!@
@!@!@STARTMSG 2221:0 @!@!@
  line 179, col 37 to line 179, col 56 of module Receiver: 144
@!@!@ENDMSG 2221 @!@!@
@!@!@STARTMSG 2221:0 @!@!@
  line 180, col 37 to line 181, col 53 of module Receiver: 720
@!@!@ENDMSG 2221 @!@!@
@!@!@STARTMSG 2221:0 @!@!@
  line 184, col 18 to line 184, col 36 of module Receiver: 864
@!@!@ENDMSG 2221 @!@!@
@!@!@STARTMSG 2221:0 @!@!@
  line 185, col 21 to line 185, col 43 of module Receiver: 864
@!@!@ENDMSG 2221 @!@!@
@!@!@STARTMSG 2221:0 @!@!@
  line 186, col 26 to line 186, col 56 of module Receiver: 720
@!@!@ENDMSG 2221 @!@!@
@!@!@STARTMSG 2221:0 @!@!@
  line 187, col 29 to line 187, col 32 of module Receiver: 144
@!@!@ENDMSG 2221 @!@!@
@!@!@STARTMSG 2221:0 @!@!@
  line 188, col 29 to line 188, col 45 of module Receiver: 144
@!@!@ENDMSG 2221 @!@!@
@!@!@STARTMSG 2221:0 @!@!@
  line 189, col 18 to line 189, col 59 of module Receiver: 864
@!@!@ENDMSG 2221 @!@!@
@!@!@STARTMSG 2221:0 @!@!@
  line 53, col 23 to line 53, col 124 of module Ass3SinclaShau: 3196
@!@!@ENDMSG 2221 @!@!@
@!@!@STARTMSG 2202:0 @!@!@
End of statistics.
@!@!@ENDMSG 2202 @!@!@
@!@!@STARTMSG 2200:0 @!@!@
Progress(61) at 2019-06-13 02:55:12: 15,284 states generated (89,817 s/min), 5,469 distinct states found (32,139 ds/min), 0 states left on queue.
@!@!@ENDMSG 2200 @!@!@
@!@!@STARTMSG 2199:0 @!@!@
15284 states generated, 5469 distinct states found, 0 states left on queue.
@!@!@ENDMSG 2199 @!@!@
@!@!@STARTMSG 2194:0 @!@!@
The depth of the complete state graph search is 61.
@!@!@ENDMSG 2194 @!@!@
@!@!@STARTMSG 2268:0 @!@!@
The average outdegree of the complete state graph is 1 (minimum is 0, the maximum 6 and the 95th percentile is 3).
@!@!@ENDMSG 2268 @!@!@
@!@!@STARTMSG 2186:0 @!@!@
Finished in 10539ms at (2019-06-13 02:55:12)
@!@!@ENDMSG 2186 @!@!@
