@!@!@STARTMSG 2262:0 @!@!@
TLC2 Version 2.13 of 18 July 2018
@!@!@ENDMSG 2262 @!@!@
@!@!@STARTMSG 2187:0 @!@!@
Running breadth-first search Model-Checking with fp 113 and seed 124571663952624752 with 2 workers on 4 cores with 1205MB heap and 2710MB offheap memory [pid: 4260] (Windows 10 10.0 amd64, Oracle Corporation 11.0.3 x86_64, OffHeapDiskFPSet, DiskStateQueue).
@!@!@ENDMSG 2187 @!@!@
@!@!@STARTMSG 2220:0 @!@!@
Starting SANY...
@!@!@ENDMSG 2220 @!@!@
Parsing file E:\421\Assignment 3\Ass3SinclaShau.toolbox\Model_1\MC.tla
Parsing file E:\421\Assignment 3\Ass3SinclaShau.toolbox\Model_1\Ass3SinclaShau.tla
Parsing file D:\Current work\489\tlaplus-master\tlaplus-master2\git\tla-visualisation\tlatools\class\tla2sany\StandardModules\TLC.tla
Parsing file D:\Current work\489\tlaplus-master\tlaplus-master2\git\tla-visualisation\tlatools\class\tla2sany\StandardModules\Naturals.tla
Parsing file D:\Current work\489\tlaplus-master\tlaplus-master2\git\tla-visualisation\tlatools\class\tla2sany\StandardModules\Integers.tla
Parsing file D:\Current work\489\tlaplus-master\tlaplus-master2\git\tla-visualisation\tlatools\class\tla2sany\StandardModules\Sequences.tla
Parsing file D:\Current work\489\tlaplus-master\tlaplus-master2\git\tla-visualisation\tlatools\class\tla2sany\StandardModules\Bags.tla
Parsing file D:\Current work\489\tlaplus-master\tlaplus-master2\git\tla-visualisation\tlatools\class\tla2sany\StandardModules\FiniteSets.tla
Parsing file E:\421\Assignment 3\Ass3SinclaShau.toolbox\Model_1\DataWire.tla
Parsing file E:\421\Assignment 3\Ass3SinclaShau.toolbox\Model_1\Sender.tla
Parsing file E:\421\Assignment 3\Ass3SinclaShau.toolbox\Model_1\Reciver.tla
Semantic processing of module Naturals
Semantic processing of module Integers
Semantic processing of module Sequences
Semantic processing of module FiniteSets
Semantic processing of module TLC
Semantic processing of module Bags
Semantic processing of module DataWire
Semantic processing of module Sender
Semantic processing of module Reciver
Semantic processing of module Ass3SinclaShau
Semantic processing of module MC
@!@!@STARTMSG 2219:0 @!@!@
SANY finished.
@!@!@ENDMSG 2219 @!@!@
@!@!@STARTMSG 2185:0 @!@!@
Starting... (2019-06-11 16:41:19)
@!@!@ENDMSG 2185 @!@!@
@!@!@STARTMSG 2189:0 @!@!@
Computing initial states...
@!@!@ENDMSG 2189 @!@!@
@!@!@STARTMSG 2190:0 @!@!@
Finished computing initial states: 1 distinct state generated at 2019-06-11 16:41:21.
@!@!@ENDMSG 2190 @!@!@
@!@!@STARTMSG 2193:0 @!@!@
Model checking completed. No error has been found.
  Estimates of the probability that TLC did not check all reachable states
  because two distinct states had the same fingerprint:
  calculated (optimistic):  val = 2.4E-15
@!@!@ENDMSG 2193 @!@!@
@!@!@STARTMSG 2201:0 @!@!@
The coverage statistics at 2019-06-11 16:41:21
@!@!@ENDMSG 2201 @!@!@
@!@!@STARTMSG 2773:0 @!@!@
<Init line 32, col 1 to line 32, col 4 of module Ass3SinclaShau>: 1
@!@!@ENDMSG 2773 @!@!@
@!@!@STARTMSG 2221:0 @!@!@
  line 32, col 10 to line 35, col 24 of module Ass3SinclaShau: 1
@!@!@ENDMSG 2221 @!@!@
@!@!@STARTMSG 2772:0 @!@!@
<dataChannel line 39, col 1 to line 39, col 11 of module Ass3SinclaShau>: 41:72
@!@!@ENDMSG 2772 @!@!@
@!@!@STARTMSG 2221:0 @!@!@
  line 25, col 1 to line 25, col 86 of module Ass3SinclaShau: 24
@!@!@ENDMSG 2221 @!@!@
@!@!@STARTMSG 2221:0 @!@!@
  line 25, col 45 to line 25, col 57 of module Ass3SinclaShau: 438
@!@!@ENDMSG 2221 @!@!@
@!@!@STARTMSG 2221:0 @!@!@
  line 25, col 71 to line 25, col 86 of module Ass3SinclaShau: 180
@!@!@ENDMSG 2221 @!@!@
@!@!@STARTMSG 2221:0 @!@!@
  line 60, col 16 to line 60, col 28 of module DataWire: 162
@!@!@ENDMSG 2221 @!@!@
@!@!@STARTMSG 2221:0 @!@!@
  |line 60, col 16 to line 60, col 21 of module DataWire: 138
@!@!@ENDMSG 2221 @!@!@
@!@!@STARTMSG 2221:0 @!@!@
  |line 60, col 25 to line 60, col 28 of module DataWire: 138
@!@!@ENDMSG 2221 @!@!@
@!@!@STARTMSG 2221:0 @!@!@
  line 60, col 33 to line 60, col 46 of module DataWire: 84
@!@!@ENDMSG 2221 @!@!@
@!@!@STARTMSG 2221:0 @!@!@
  |line 60, col 33 to line 60, col 39 of module DataWire: 60
@!@!@ENDMSG 2221 @!@!@
@!@!@STARTMSG 2221:0 @!@!@
  |line 60, col 43 to line 60, col 46 of module DataWire: 60
@!@!@ENDMSG 2221 @!@!@
@!@!@STARTMSG 2221:0 @!@!@
  line 61, col 16 to line 61, col 32 of module DataWire: 24
@!@!@ENDMSG 2221 @!@!@
@!@!@STARTMSG 2221:0 @!@!@
  line 62, col 16 to line 62, col 29 of module DataWire: 24
@!@!@ENDMSG 2221 @!@!@
@!@!@STARTMSG 2221:0 @!@!@
  line 64, col 15 to line 64, col 27 of module DataWire: 162
@!@!@ENDMSG 2221 @!@!@
@!@!@STARTMSG 2221:0 @!@!@
  |line 64, col 15 to line 64, col 20 of module DataWire: 138
@!@!@ENDMSG 2221 @!@!@
@!@!@STARTMSG 2221:0 @!@!@
  |line 64, col 24 to line 64, col 27 of module DataWire: 138
@!@!@ENDMSG 2221 @!@!@
@!@!@STARTMSG 2221:0 @!@!@
  line 64, col 32 to line 64, col 45 of module DataWire: 84
@!@!@ENDMSG 2221 @!@!@
@!@!@STARTMSG 2221:0 @!@!@
  |line 64, col 32 to line 64, col 38 of module DataWire: 60
@!@!@ENDMSG 2221 @!@!@
@!@!@STARTMSG 2221:0 @!@!@
  |line 64, col 42 to line 64, col 45 of module DataWire: 60
@!@!@ENDMSG 2221 @!@!@
@!@!@STARTMSG 2221:0 @!@!@
  line 65, col 15 to line 65, col 41 of module DataWire: 24
@!@!@ENDMSG 2221 @!@!@
@!@!@STARTMSG 2221:0 @!@!@
  line 66, col 15 to line 66, col 28 of module DataWire: 24
@!@!@ENDMSG 2221 @!@!@
@!@!@STARTMSG 2221:0 @!@!@
  line 68, col 12 to line 68, col 24 of module DataWire: 162
@!@!@ENDMSG 2221 @!@!@
@!@!@STARTMSG 2221:0 @!@!@
  |line 68, col 12 to line 68, col 17 of module DataWire: 138
@!@!@ENDMSG 2221 @!@!@
@!@!@STARTMSG 2221:0 @!@!@
  |line 68, col 21 to line 68, col 24 of module DataWire: 138
@!@!@ENDMSG 2221 @!@!@
@!@!@STARTMSG 2221:0 @!@!@
  line 68, col 29 to line 68, col 42 of module DataWire: 84
@!@!@ENDMSG 2221 @!@!@
@!@!@STARTMSG 2221:0 @!@!@
  |line 68, col 29 to line 68, col 35 of module DataWire: 60
@!@!@ENDMSG 2221 @!@!@
@!@!@STARTMSG 2221:0 @!@!@
  |line 68, col 39 to line 68, col 42 of module DataWire: 60
@!@!@ENDMSG 2221 @!@!@
@!@!@STARTMSG 2221:0 @!@!@
  line 69, col 12 to line 69, col 26 of module DataWire: 24
@!@!@ENDMSG 2221 @!@!@
@!@!@STARTMSG 2221:0 @!@!@
  line 70, col 12 to line 70, col 25 of module DataWire: 24
@!@!@ENDMSG 2221 @!@!@
@!@!@STARTMSG 2221:0 @!@!@
  line 40, col 21 to line 40, col 127 of module Ass3SinclaShau: 72
@!@!@ENDMSG 2221 @!@!@
@!@!@STARTMSG 2772:0 @!@!@
<reqChannel line 42, col 1 to line 42, col 10 of module Ass3SinclaShau>: 44:69
@!@!@ENDMSG 2772 @!@!@
@!@!@STARTMSG 2221:0 @!@!@
  line 26, col 1 to line 26, col 83 of module Ass3SinclaShau: 23
@!@!@ENDMSG 2221 @!@!@
@!@!@STARTMSG 2221:0 @!@!@
  line 26, col 44 to line 26, col 55 of module Ass3SinclaShau: 437
@!@!@ENDMSG 2221 @!@!@
@!@!@STARTMSG 2221:0 @!@!@
  line 26, col 69 to line 26, col 83 of module Ass3SinclaShau: 207
@!@!@ENDMSG 2221 @!@!@
@!@!@STARTMSG 2221:0 @!@!@
  line 60, col 16 to line 60, col 28 of module DataWire: 161
@!@!@ENDMSG 2221 @!@!@
@!@!@STARTMSG 2221:0 @!@!@
  |line 60, col 16 to line 60, col 21 of module DataWire: 138
@!@!@ENDMSG 2221 @!@!@
@!@!@STARTMSG 2221:0 @!@!@
  |line 60, col 25 to line 60, col 28 of module DataWire: 138
@!@!@ENDMSG 2221 @!@!@
@!@!@STARTMSG 2221:0 @!@!@
  line 60, col 33 to line 60, col 46 of module DataWire: 92
@!@!@ENDMSG 2221 @!@!@
@!@!@STARTMSG 2221:0 @!@!@
  |line 60, col 33 to line 60, col 39 of module DataWire: 69
@!@!@ENDMSG 2221 @!@!@
@!@!@STARTMSG 2221:0 @!@!@
  |line 60, col 43 to line 60, col 46 of module DataWire: 69
@!@!@ENDMSG 2221 @!@!@
@!@!@STARTMSG 2221:0 @!@!@
  line 61, col 16 to line 61, col 32 of module DataWire: 23
@!@!@ENDMSG 2221 @!@!@
@!@!@STARTMSG 2221:0 @!@!@
  line 62, col 16 to line 62, col 29 of module DataWire: 23
@!@!@ENDMSG 2221 @!@!@
@!@!@STARTMSG 2221:0 @!@!@
  line 64, col 15 to line 64, col 27 of module DataWire: 161
@!@!@ENDMSG 2221 @!@!@
@!@!@STARTMSG 2221:0 @!@!@
  |line 64, col 15 to line 64, col 20 of module DataWire: 138
@!@!@ENDMSG 2221 @!@!@
@!@!@STARTMSG 2221:0 @!@!@
  |line 64, col 24 to line 64, col 27 of module DataWire: 138
@!@!@ENDMSG 2221 @!@!@
@!@!@STARTMSG 2221:0 @!@!@
  line 64, col 32 to line 64, col 45 of module DataWire: 92
@!@!@ENDMSG 2221 @!@!@
@!@!@STARTMSG 2221:0 @!@!@
  |line 64, col 32 to line 64, col 38 of module DataWire: 69
@!@!@ENDMSG 2221 @!@!@
@!@!@STARTMSG 2221:0 @!@!@
  |line 64, col 42 to line 64, col 45 of module DataWire: 69
@!@!@ENDMSG 2221 @!@!@
@!@!@STARTMSG 2221:0 @!@!@
  line 65, col 15 to line 65, col 41 of module DataWire: 23
@!@!@ENDMSG 2221 @!@!@
@!@!@STARTMSG 2221:0 @!@!@
  line 66, col 15 to line 66, col 28 of module DataWire: 23
@!@!@ENDMSG 2221 @!@!@
@!@!@STARTMSG 2221:0 @!@!@
  line 68, col 12 to line 68, col 24 of module DataWire: 161
@!@!@ENDMSG 2221 @!@!@
@!@!@STARTMSG 2221:0 @!@!@
  |line 68, col 12 to line 68, col 17 of module DataWire: 138
@!@!@ENDMSG 2221 @!@!@
@!@!@STARTMSG 2221:0 @!@!@
  |line 68, col 21 to line 68, col 24 of module DataWire: 138
@!@!@ENDMSG 2221 @!@!@
@!@!@STARTMSG 2221:0 @!@!@
  line 68, col 29 to line 68, col 42 of module DataWire: 92
@!@!@ENDMSG 2221 @!@!@
@!@!@STARTMSG 2221:0 @!@!@
  |line 68, col 29 to line 68, col 35 of module DataWire: 69
@!@!@ENDMSG 2221 @!@!@
@!@!@STARTMSG 2221:0 @!@!@
  |line 68, col 39 to line 68, col 42 of module DataWire: 69
@!@!@ENDMSG 2221 @!@!@
@!@!@STARTMSG 2221:0 @!@!@
  line 69, col 12 to line 69, col 26 of module DataWire: 23
@!@!@ENDMSG 2221 @!@!@
@!@!@STARTMSG 2221:0 @!@!@
  line 70, col 12 to line 70, col 25 of module DataWire: 23
@!@!@ENDMSG 2221 @!@!@
@!@!@STARTMSG 2221:0 @!@!@
  line 43, col 20 to line 43, col 128 of module Ass3SinclaShau: 69
@!@!@ENDMSG 2221 @!@!@
@!@!@STARTMSG 2772:0 @!@!@
<senderChannel line 45, col 1 to line 45, col 13 of module Ass3SinclaShau>: 18:170
@!@!@ENDMSG 2772 @!@!@
@!@!@STARTMSG 2221:0 @!@!@
  line 27, col 1 to line 27, col 102 of module Ass3SinclaShau: 1
@!@!@ENDMSG 2221 @!@!@
@!@!@STARTMSG 2221:0 @!@!@
  line 27, col 1 to line 27, col 102 of module Ass3SinclaShau: 430
@!@!@ENDMSG 2221 @!@!@
@!@!@STARTMSG 2221:0 @!@!@
  line 27, col 1 to line 27, col 102 of module Ass3SinclaShau: 72
@!@!@ENDMSG 2221 @!@!@
@!@!@STARTMSG 2221:0 @!@!@
  line 27, col 1 to line 27, col 102 of module Ass3SinclaShau: 1
@!@!@ENDMSG 2221 @!@!@
@!@!@STARTMSG 2221:0 @!@!@
  line 27, col 1 to line 27, col 102 of module Ass3SinclaShau: 144
@!@!@ENDMSG 2221 @!@!@
@!@!@STARTMSG 2221:0 @!@!@
  line 27, col 44 to line 27, col 56 of module Ass3SinclaShau: 308
@!@!@ENDMSG 2221 @!@!@
@!@!@STARTMSG 2221:0 @!@!@
  line 27, col 72 to line 27, col 86 of module Ass3SinclaShau: 524
@!@!@ENDMSG 2221 @!@!@
@!@!@STARTMSG 2221:0 @!@!@
  line 27, col 99 to line 27, col 102 of module Ass3SinclaShau: 360
@!@!@ENDMSG 2221 @!@!@
@!@!@STARTMSG 2221:0 @!@!@
  line 47, col 12 to line 47, col 26 of module Sender: 216
@!@!@ENDMSG 2221 @!@!@
@!@!@STARTMSG 2221:0 @!@!@
  |line 47, col 12 to line 47, col 19 of module Sender: 138
@!@!@ENDMSG 2221 @!@!@
@!@!@STARTMSG 2221:0 @!@!@
  |line 47, col 23 to line 47, col 26 of module Sender: 138
@!@!@ENDMSG 2221 @!@!@
@!@!@STARTMSG 2221:0 @!@!@
  line 47, col 31 to line 47, col 46 of module Sender: 230
@!@!@ENDMSG 2221 @!@!@
@!@!@STARTMSG 2221:0 @!@!@
  |line 47, col 31 to line 47, col 39 of module Sender: 138
@!@!@ENDMSG 2221 @!@!@
@!@!@STARTMSG 2221:0 @!@!@
  |line 47, col 43 to line 47, col 46 of module Sender: 138
@!@!@ENDMSG 2221 @!@!@
@!@!@STARTMSG 2221:0 @!@!@
  line 48, col 15 to line 48, col 61 of module Sender: 170
@!@!@ENDMSG 2221 @!@!@
@!@!@STARTMSG 2221:0 @!@!@
  |line 48, col 15 to line 48, col 30 of module Sender: 170
@!@!@ENDMSG 2221 @!@!@
@!@!@STARTMSG 2221:0 @!@!@
  |line 48, col 35 to line 48, col 61 of module Sender: 144
@!@!@ENDMSG 2221 @!@!@
@!@!@STARTMSG 2221:0 @!@!@
  line 49, col 26 to line 49, col 51 of module Sender: 72
@!@!@ENDMSG 2221 @!@!@
@!@!@STARTMSG 2221:0 @!@!@
  line 50, col 34 to line 50, col 86 of module Sender: 0
@!@!@ENDMSG 2221 @!@!@
@!@!@STARTMSG 2221:0 @!@!@
  line 51, col 34 to line 51, col 60 of module Sender: 0
@!@!@ENDMSG 2221 @!@!@
@!@!@STARTMSG 2221:0 @!@!@
  line 52, col 34 to line 52, col 37 of module Sender: 72
@!@!@ENDMSG 2221 @!@!@
@!@!@STARTMSG 2221:0 @!@!@
  line 53, col 34 to line 53, col 71 of module Sender: 72
@!@!@ENDMSG 2221 @!@!@
@!@!@STARTMSG 2221:0 @!@!@
  line 54, col 23 to line 54, col 26 of module Sender: 98
@!@!@ENDMSG 2221 @!@!@
@!@!@STARTMSG 2221:0 @!@!@
  line 55, col 23 to line 55, col 60 of module Sender: 98
@!@!@ENDMSG 2221 @!@!@
@!@!@STARTMSG 2221:0 @!@!@
  line 56, col 12 to line 56, col 28 of module Sender: 170
@!@!@ENDMSG 2221 @!@!@
@!@!@STARTMSG 2221:0 @!@!@
  line 57, col 15 to line 57, col 75 of module Sender: 170
@!@!@ENDMSG 2221 @!@!@
@!@!@STARTMSG 2221:0 @!@!@
  |line 57, col 15 to line 57, col 46 of module Sender: 170
@!@!@ENDMSG 2221 @!@!@
@!@!@STARTMSG 2221:0 @!@!@
  ||line 57, col 15 to line 57, col 29 of module Sender: 170
@!@!@ENDMSG 2221 @!@!@
@!@!@STARTMSG 2221:0 @!@!@
  ||line 57, col 34 to line 57, col 46 of module Sender: 130
@!@!@ENDMSG 2221 @!@!@
@!@!@STARTMSG 2221:0 @!@!@
  |line 57, col 51 to line 57, col 75 of module Sender: 130
@!@!@ENDMSG 2221 @!@!@
@!@!@STARTMSG 2221:0 @!@!@
  line 58, col 20 to line 59, col 52 of module Sender: 100
@!@!@ENDMSG 2221 @!@!@
@!@!@STARTMSG 2221:0 @!@!@
  line 60, col 23 to line 60, col 26 of module Sender: 70
@!@!@ENDMSG 2221 @!@!@
@!@!@STARTMSG 2221:0 @!@!@
  line 61, col 23 to line 61, col 59 of module Sender: 70
@!@!@ENDMSG 2221 @!@!@
@!@!@STARTMSG 2221:0 @!@!@
  line 62, col 12 to line 62, col 27 of module Sender: 170
@!@!@ENDMSG 2221 @!@!@
@!@!@STARTMSG 2221:0 @!@!@
  line 46, col 24 to line 46, col 88 of module Ass3SinclaShau: 170
@!@!@ENDMSG 2221 @!@!@
@!@!@STARTMSG 2772:0 @!@!@
<reciverChannel line 48, col 1 to line 48, col 14 of module Ass3SinclaShau>: 34:153
@!@!@ENDMSG 2772 @!@!@
@!@!@STARTMSG 2221:0 @!@!@
  line 28, col 1 to line 28, col 107 of module Ass3SinclaShau: 84
@!@!@ENDMSG 2221 @!@!@
@!@!@STARTMSG 2221:0 @!@!@
  line 28, col 1 to line 28, col 107 of module Ass3SinclaShau: 195
@!@!@ENDMSG 2221 @!@!@
@!@!@STARTMSG 2221:0 @!@!@
  line 28, col 45 to line 28, col 56 of module Ass3SinclaShau: 138
@!@!@ENDMSG 2221 @!@!@
@!@!@STARTMSG 2221:0 @!@!@
  line 28, col 73 to line 28, col 88 of module Ass3SinclaShau: 264
@!@!@ENDMSG 2221 @!@!@
@!@!@STARTMSG 2221:0 @!@!@
  line 47, col 14 to line 47, col 30 of module Reciver: 222
@!@!@ENDMSG 2221 @!@!@
@!@!@STARTMSG 2221:0 @!@!@
  |line 47, col 14 to line 47, col 23 of module Reciver: 138
@!@!@ENDMSG 2221 @!@!@
@!@!@STARTMSG 2221:0 @!@!@
  |line 47, col 27 to line 47, col 30 of module Reciver: 138
@!@!@ENDMSG 2221 @!@!@
@!@!@STARTMSG 2221:0 @!@!@
  line 48, col 17 to line 48, col 44 of module Reciver: 84
@!@!@ENDMSG 2221 @!@!@
@!@!@STARTMSG 2221:0 @!@!@
  line 49, col 29 to line 49, col 54 of module Reciver: 42
@!@!@ENDMSG 2221 @!@!@
@!@!@STARTMSG 2221:0 @!@!@
  line 51, col 36 to line 51, col 63 of module Reciver: 0
@!@!@ENDMSG 2221 @!@!@
@!@!@STARTMSG 2221:0 @!@!@
  line 52, col 36 to line 52, col 39 of module Reciver: 42
@!@!@ENDMSG 2221 @!@!@
@!@!@STARTMSG 2221:0 @!@!@
  line 53, col 36 to line 53, col 69 of module Reciver: 42
@!@!@ENDMSG 2221 @!@!@
@!@!@STARTMSG 2221:0 @!@!@
  line 54, col 25 to line 54, col 28 of module Reciver: 42
@!@!@ENDMSG 2221 @!@!@
@!@!@STARTMSG 2221:0 @!@!@
  line 55, col 25 to line 55, col 58 of module Reciver: 42
@!@!@ENDMSG 2221 @!@!@
@!@!@STARTMSG 2221:0 @!@!@
  line 56, col 14 to line 56, col 31 of module Reciver: 84
@!@!@ENDMSG 2221 @!@!@
@!@!@STARTMSG 2221:0 @!@!@
  line 57, col 14 to line 57, col 39 of module Reciver: 84
@!@!@ENDMSG 2221 @!@!@
@!@!@STARTMSG 2221:0 @!@!@
  line 59, col 12 to line 59, col 25 of module Reciver: 207
@!@!@ENDMSG 2221 @!@!@
@!@!@STARTMSG 2221:0 @!@!@
  |line 59, col 12 to line 59, col 18 of module Reciver: 138
@!@!@ENDMSG 2221 @!@!@
@!@!@STARTMSG 2221:0 @!@!@
  |line 59, col 22 to line 59, col 25 of module Reciver: 138
@!@!@ENDMSG 2221 @!@!@
@!@!@STARTMSG 2221:0 @!@!@
  line 60, col 12 to line 60, col 36 of module Reciver: 69
@!@!@ENDMSG 2221 @!@!@
@!@!@STARTMSG 2221:0 @!@!@
  line 61, col 12 to line 61, col 57 of module Reciver: 69
@!@!@ENDMSG 2221 @!@!@
@!@!@STARTMSG 2221:0 @!@!@
  line 49, col 23 to line 49, col 109 of module Ass3SinclaShau: 153
@!@!@ENDMSG 2221 @!@!@
@!@!@STARTMSG 2202:0 @!@!@
End of statistics.
@!@!@ENDMSG 2202 @!@!@
@!@!@STARTMSG 2200:0 @!@!@
Progress(12) at 2019-06-11 16:41:21: 465 states generated (10,784 s/min), 138 distinct states found (3,200 ds/min), 0 states left on queue.
@!@!@ENDMSG 2200 @!@!@
@!@!@STARTMSG 2199:0 @!@!@
465 states generated, 138 distinct states found, 0 states left on queue.
@!@!@ENDMSG 2199 @!@!@
@!@!@STARTMSG 2194:0 @!@!@
The depth of the complete state graph search is 12.
@!@!@ENDMSG 2194 @!@!@
@!@!@STARTMSG 2268:0 @!@!@
The average outdegree of the complete state graph is 1 (minimum is 0, the maximum 5 and the 95th percentile is 3).
@!@!@ENDMSG 2268 @!@!@
@!@!@STARTMSG 2186:0 @!@!@
Finished in 2618ms at (2019-06-11 16:41:21)
@!@!@ENDMSG 2186 @!@!@
