@!@!@STARTMSG 2262:0 @!@!@
TLC2 Version 2.13 of 18 July 2018
@!@!@ENDMSG 2262 @!@!@
@!@!@STARTMSG 2187:0 @!@!@
Running breadth-first search Model-Checking with fp 27 and seed 5407475653904393628 with 2 workers on 4 cores with 1205MB heap and 2710MB offheap memory [pid: 18368] (Windows 10 10.0 amd64, Oracle Corporation 11.0.3 x86_64, OffHeapDiskFPSet, DiskStateQueue).
@!@!@ENDMSG 2187 @!@!@
@!@!@STARTMSG 2220:0 @!@!@
Starting SANY...
@!@!@ENDMSG 2220 @!@!@
Parsing file E:\421\Assignment 3\Ass3SinclaShau.toolbox\Model_1\MC.tla
Parsing file E:\421\Assignment 3\Ass3SinclaShau.toolbox\Model_1\Ass3SinclaShau.tla
Parsing file D:\Current work\489\tlaplus-master\tlaplus-master2\git\tla-visualisation\tlatools\class\tla2sany\StandardModules\TLC.tla
Parsing file D:\Current work\489\tlaplus-master\tlaplus-master2\git\tla-visualisation\tlatools\class\tla2sany\StandardModules\Naturals.tla
Parsing file D:\Current work\489\tlaplus-master\tlaplus-master2\git\tla-visualisation\tlatools\class\tla2sany\StandardModules\Integers.tla
Parsing file D:\Current work\489\tlaplus-master\tlaplus-master2\git\tla-visualisation\tlatools\class\tla2sany\StandardModules\Sequences.tla
Parsing file D:\Current work\489\tlaplus-master\tlaplus-master2\git\tla-visualisation\tlatools\class\tla2sany\StandardModules\Bags.tla
Parsing file D:\Current work\489\tlaplus-master\tlaplus-master2\git\tla-visualisation\tlatools\class\tla2sany\StandardModules\FiniteSets.tla
Parsing file E:\421\Assignment 3\Ass3SinclaShau.toolbox\Model_1\DataWire.tla
Parsing file E:\421\Assignment 3\Ass3SinclaShau.toolbox\Model_1\Sender.tla
Parsing file E:\421\Assignment 3\Ass3SinclaShau.toolbox\Model_1\Receiver.tla
Semantic processing of module Naturals
Semantic processing of module Integers
Semantic processing of module Sequences
Semantic processing of module FiniteSets
Semantic processing of module TLC
Semantic processing of module Bags
Semantic processing of module DataWire
Semantic processing of module Sender
Semantic processing of module Receiver
Semantic processing of module Ass3SinclaShau
Semantic processing of module MC
@!@!@STARTMSG 2219:0 @!@!@
SANY finished.
@!@!@ENDMSG 2219 @!@!@
@!@!@STARTMSG 2185:0 @!@!@
Starting... (2019-06-13 00:25:40)
@!@!@ENDMSG 2185 @!@!@
@!@!@STARTMSG 2212:0 @!@!@
Implied-temporal checking--satisfiability problem has 13 branches.
@!@!@ENDMSG 2212 @!@!@
@!@!@STARTMSG 2189:0 @!@!@
Computing initial states...
@!@!@ENDMSG 2189 @!@!@
@!@!@STARTMSG 2190:0 @!@!@
Finished computing initial states: 1 distinct state generated at 2019-06-13 00:25:42.
@!@!@ENDMSG 2190 @!@!@
@!@!@STARTMSG 2192:0 @!@!@
Checking 13 branches of temporal properties for the current state space with 35607 total distinct states at (2019-06-13 00:25:45)
@!@!@ENDMSG 2192 @!@!@
@!@!@STARTMSG 2116:1 @!@!@
Temporal properties were violated.

@!@!@ENDMSG 2116 @!@!@
@!@!@STARTMSG 2264:1 @!@!@
The following behavior constitutes a counter-example:

@!@!@ENDMSG 2264 @!@!@
@!@!@STARTMSG 2217:4 @!@!@
1: <Initial predicate>
/\ senderState = "opening"
/\ receiveDataQueue = <<>>
/\ messOut = <<>>
/\ sendReqQueue = <<>>
/\ requestNum = 1
/\ reqNum = -1
/\ synNum = -1
/\ receiveReqQueue = <<>>
/\ windowStart = 1
/\ recieverState = "ready"
/\ sequenceNum = 1
/\ windowEnd = 4
/\ sendDataQueue = <<>>

@!@!@ENDMSG 2217 @!@!@
@!@!@STARTMSG 2217:4 @!@!@
2: <senderChannel line 48, col 20 to line 49, col 111 of module Ass3SinclaShau>
/\ senderState = "opening"
/\ receiveDataQueue = <<>>
/\ messOut = <<>>
/\ sendReqQueue = <<>>
/\ requestNum = 1
/\ reqNum = -1
/\ synNum = -1
/\ receiveReqQueue = <<>>
/\ windowStart = 1
/\ recieverState = "ready"
/\ sequenceNum = 1
/\ windowEnd = 4
/\ sendDataQueue = <<1, 0, 1>>

@!@!@ENDMSG 2217 @!@!@
@!@!@STARTMSG 2217:4 @!@!@
3: <dataChannel line 42, col 17 to line 43, col 165 of module Ass3SinclaShau>
/\ senderState = "opening"
/\ receiveDataQueue = <<1, 0, 1>>
/\ messOut = <<>>
/\ sendReqQueue = <<>>
/\ requestNum = 1
/\ reqNum = -1
/\ synNum = -1
/\ receiveReqQueue = <<>>
/\ windowStart = 1
/\ recieverState = "ready"
/\ sequenceNum = 1
/\ windowEnd = 4
/\ sendDataQueue = <<>>

@!@!@ENDMSG 2217 @!@!@
@!@!@STARTMSG 2217:4 @!@!@
4: <receiverChannel line 51, col 20 to line 52, col 124 of module Ass3SinclaShau>
/\ senderState = "opening"
/\ receiveDataQueue = <<1, 0, 1>>
/\ messOut = <<>>
/\ sendReqQueue = <<>>
/\ requestNum = 1
/\ reqNum = -1
/\ synNum = 2
/\ receiveReqQueue = <<>>
/\ windowStart = 1
/\ recieverState = "SYN-RECIVED"
/\ sequenceNum = 1
/\ windowEnd = 4
/\ sendDataQueue = <<>>

@!@!@ENDMSG 2217 @!@!@
@!@!@STARTMSG 2217:4 @!@!@
5: <receiverChannel line 51, col 20 to line 52, col 124 of module Ass3SinclaShau>
/\ senderState = "opening"
/\ receiveDataQueue = <<>>
/\ messOut = <<>>
/\ sendReqQueue = <<1, 1, 2, 1>>
/\ requestNum = 1
/\ reqNum = -1
/\ synNum = 2
/\ receiveReqQueue = <<>>
/\ windowStart = 1
/\ recieverState = "SYN-RECIVED"
/\ sequenceNum = 1
/\ windowEnd = 4
/\ sendDataQueue = <<>>

@!@!@ENDMSG 2217 @!@!@
@!@!@STARTMSG 2217:4 @!@!@
6: <reqChannel line 45, col 16 to line 46, col 166 of module Ass3SinclaShau>
/\ senderState = "opening"
/\ receiveDataQueue = <<>>
/\ messOut = <<>>
/\ sendReqQueue = <<>>
/\ requestNum = 1
/\ reqNum = -1
/\ synNum = 2
/\ receiveReqQueue = <<1, 1, 2, 1>>
/\ windowStart = 1
/\ recieverState = "SYN-RECIVED"
/\ sequenceNum = 1
/\ windowEnd = 4
/\ sendDataQueue = <<>>

@!@!@ENDMSG 2217 @!@!@
@!@!@STARTMSG 2217:4 @!@!@
7: <senderChannel line 48, col 20 to line 49, col 111 of module Ass3SinclaShau>
/\ senderState = "SYN_ACK_receive D"
/\ receiveDataQueue = <<>>
/\ messOut = <<>>
/\ sendReqQueue = <<>>
/\ requestNum = 1
/\ reqNum = 2
/\ synNum = 2
/\ receiveReqQueue = <<>>
/\ windowStart = 1
/\ recieverState = "SYN-RECIVED"
/\ sequenceNum = 1
/\ windowEnd = 4
/\ sendDataQueue = <<>>

@!@!@ENDMSG 2217 @!@!@
@!@!@STARTMSG 2217:4 @!@!@
8: <senderChannel line 48, col 20 to line 49, col 111 of module Ass3SinclaShau>
/\ senderState = "SYN_ACK_receive D"
/\ receiveDataQueue = <<>>
/\ messOut = <<>>
/\ sendReqQueue = <<>>
/\ requestNum = 1
/\ reqNum = 2
/\ synNum = 2
/\ receiveReqQueue = <<>>
/\ windowStart = 1
/\ recieverState = "SYN-RECIVED"
/\ sequenceNum = 1
/\ windowEnd = 4
/\ sendDataQueue = <<0, 1, 2, 2>>

@!@!@ENDMSG 2217 @!@!@
@!@!@STARTMSG 2217:4 @!@!@
9: <dataChannel line 42, col 17 to line 43, col 165 of module Ass3SinclaShau>
/\ senderState = "SYN_ACK_receive D"
/\ receiveDataQueue = <<0, 1, 2, 2>>
/\ messOut = <<>>
/\ sendReqQueue = <<>>
/\ requestNum = 1
/\ reqNum = 2
/\ synNum = 2
/\ receiveReqQueue = <<>>
/\ windowStart = 1
/\ recieverState = "SYN-RECIVED"
/\ sequenceNum = 1
/\ windowEnd = 4
/\ sendDataQueue = <<>>

@!@!@ENDMSG 2217 @!@!@
@!@!@STARTMSG 2217:4 @!@!@
10: <senderChannel line 48, col 20 to line 49, col 111 of module Ass3SinclaShau>
/\ senderState = "SYN_ACK_receive D"
/\ receiveDataQueue = <<0, 1, 2, 2>>
/\ messOut = <<>>
/\ sendReqQueue = <<>>
/\ requestNum = 1
/\ reqNum = 2
/\ synNum = 2
/\ receiveReqQueue = <<>>
/\ windowStart = 1
/\ recieverState = "SYN-RECIVED"
/\ sequenceNum = 1
/\ windowEnd = 4
/\ sendDataQueue = <<0, 1, 2, 2>>

@!@!@ENDMSG 2217 @!@!@
@!@!@STARTMSG 2217:4 @!@!@
11: <receiverChannel line 51, col 20 to line 52, col 124 of module Ass3SinclaShau>
/\ senderState = "SYN_ACK_receive D"
/\ receiveDataQueue = <<>>
/\ messOut = <<>>
/\ sendReqQueue = <<>>
/\ requestNum = 1
/\ reqNum = 2
/\ synNum = 2
/\ receiveReqQueue = <<>>
/\ windowStart = 1
/\ recieverState = "WAIT-FOR-DATA"
/\ sequenceNum = 1
/\ windowEnd = 4
/\ sendDataQueue = <<0, 1, 2, 2>>

@!@!@ENDMSG 2217 @!@!@
@!@!@STARTMSG 2217:4 @!@!@
12: <dataChannel line 42, col 17 to line 43, col 165 of module Ass3SinclaShau>
/\ senderState = "SYN_ACK_receive D"
/\ receiveDataQueue = <<0, 1, 2, 2>>
/\ messOut = <<>>
/\ sendReqQueue = <<>>
/\ requestNum = 1
/\ reqNum = 2
/\ synNum = 2
/\ receiveReqQueue = <<>>
/\ windowStart = 1
/\ recieverState = "WAIT-FOR-DATA"
/\ sequenceNum = 1
/\ windowEnd = 4
/\ sendDataQueue = <<>>

@!@!@ENDMSG 2217 @!@!@
@!@!@STARTMSG 2217:4 @!@!@
13: <receiverChannel line 51, col 20 to line 52, col 124 of module Ass3SinclaShau>
/\ senderState = "SYN_ACK_receive D"
/\ receiveDataQueue = <<>>
/\ messOut = <<>>
/\ sendReqQueue = <<1>>
/\ requestNum = 1
/\ reqNum = 2
/\ synNum = 2
/\ receiveReqQueue = <<>>
/\ windowStart = 1
/\ recieverState = "WAIT-FOR-DATA"
/\ sequenceNum = 1
/\ windowEnd = 4
/\ sendDataQueue = <<>>

@!@!@ENDMSG 2217 @!@!@
@!@!@STARTMSG 2217:4 @!@!@
14: <reqChannel line 45, col 16 to line 46, col 166 of module Ass3SinclaShau>
/\ senderState = "SYN_ACK_receive D"
/\ receiveDataQueue = <<>>
/\ messOut = <<>>
/\ sendReqQueue = <<>>
/\ requestNum = 1
/\ reqNum = 2
/\ synNum = 2
/\ receiveReqQueue = <<1>>
/\ windowStart = 1
/\ recieverState = "WAIT-FOR-DATA"
/\ sequenceNum = 1
/\ windowEnd = 4
/\ sendDataQueue = <<>>

@!@!@ENDMSG 2217 @!@!@
@!@!@STARTMSG 2217:4 @!@!@
15: <senderChannel line 48, col 20 to line 49, col 111 of module Ass3SinclaShau>
/\ senderState = "open"
/\ receiveDataQueue = <<>>
/\ messOut = <<>>
/\ sendReqQueue = <<>>
/\ requestNum = 1
/\ reqNum = 2
/\ synNum = 2
/\ receiveReqQueue = <<1>>
/\ windowStart = 1
/\ recieverState = "WAIT-FOR-DATA"
/\ sequenceNum = 1
/\ windowEnd = 4
/\ sendDataQueue = <<>>

@!@!@ENDMSG 2217 @!@!@
@!@!@STARTMSG 2217:4 @!@!@
16: <senderChannel line 48, col 20 to line 49, col 111 of module Ass3SinclaShau>
/\ senderState = "open"
/\ receiveDataQueue = <<>>
/\ messOut = <<>>
/\ sendReqQueue = <<>>
/\ requestNum = 1
/\ reqNum = 2
/\ synNum = 2
/\ receiveReqQueue = <<>>
/\ windowStart = 1
/\ recieverState = "WAIT-FOR-DATA"
/\ sequenceNum = 2
/\ windowEnd = 4
/\ sendDataQueue = <<1, "a">>

@!@!@ENDMSG 2217 @!@!@
@!@!@STARTMSG 2217:4 @!@!@
17: <dataChannel line 42, col 17 to line 43, col 165 of module Ass3SinclaShau>
/\ senderState = "open"
/\ receiveDataQueue = <<1, "a">>
/\ messOut = <<>>
/\ sendReqQueue = <<>>
/\ requestNum = 1
/\ reqNum = 2
/\ synNum = 2
/\ receiveReqQueue = <<>>
/\ windowStart = 1
/\ recieverState = "WAIT-FOR-DATA"
/\ sequenceNum = 2
/\ windowEnd = 4
/\ sendDataQueue = <<>>

@!@!@ENDMSG 2217 @!@!@
@!@!@STARTMSG 2217:4 @!@!@
18: <senderChannel line 48, col 20 to line 49, col 111 of module Ass3SinclaShau>
/\ senderState = "open"
/\ receiveDataQueue = <<1, "a">>
/\ messOut = <<>>
/\ sendReqQueue = <<>>
/\ requestNum = 1
/\ reqNum = 2
/\ synNum = 2
/\ receiveReqQueue = <<>>
/\ windowStart = 1
/\ recieverState = "WAIT-FOR-DATA"
/\ sequenceNum = 3
/\ windowEnd = 4
/\ sendDataQueue = <<2, "b">>

@!@!@ENDMSG 2217 @!@!@
@!@!@STARTMSG 2217:4 @!@!@
19: <receiverChannel line 51, col 20 to line 52, col 124 of module Ass3SinclaShau>
/\ senderState = "open"
/\ receiveDataQueue = <<1, "a">>
/\ messOut = <<>>
/\ sendReqQueue = <<>>
/\ requestNum = 1
/\ reqNum = 2
/\ synNum = 2
/\ receiveReqQueue = <<>>
/\ windowStart = 1
/\ recieverState = "open"
/\ sequenceNum = 3
/\ windowEnd = 4
/\ sendDataQueue = <<2, "b">>

@!@!@ENDMSG 2217 @!@!@
@!@!@STARTMSG 2217:4 @!@!@
20: <receiverChannel line 51, col 20 to line 52, col 124 of module Ass3SinclaShau>
/\ senderState = "open"
/\ receiveDataQueue = <<>>
/\ messOut = <<"a">>
/\ sendReqQueue = <<2>>
/\ requestNum = 2
/\ reqNum = 2
/\ synNum = 2
/\ receiveReqQueue = <<>>
/\ windowStart = 1
/\ recieverState = "open"
/\ sequenceNum = 3
/\ windowEnd = 4
/\ sendDataQueue = <<2, "b">>

@!@!@ENDMSG 2217 @!@!@
@!@!@STARTMSG 2217:4 @!@!@
21: <dataChannel line 42, col 17 to line 43, col 165 of module Ass3SinclaShau>
/\ senderState = "open"
/\ receiveDataQueue = <<2, "b">>
/\ messOut = <<"a">>
/\ sendReqQueue = <<2>>
/\ requestNum = 2
/\ reqNum = 2
/\ synNum = 2
/\ receiveReqQueue = <<>>
/\ windowStart = 1
/\ recieverState = "open"
/\ sequenceNum = 3
/\ windowEnd = 4
/\ sendDataQueue = <<>>

@!@!@ENDMSG 2217 @!@!@
@!@!@STARTMSG 2217:4 @!@!@
22: <senderChannel line 48, col 20 to line 49, col 111 of module Ass3SinclaShau>
/\ senderState = "open"
/\ receiveDataQueue = <<2, "b">>
/\ messOut = <<"a">>
/\ sendReqQueue = <<2>>
/\ requestNum = 2
/\ reqNum = 2
/\ synNum = 2
/\ receiveReqQueue = <<>>
/\ windowStart = 1
/\ recieverState = "open"
/\ sequenceNum = 4
/\ windowEnd = 4
/\ sendDataQueue = <<3, "c">>

@!@!@ENDMSG 2217 @!@!@
@!@!@STARTMSG 2217:4 @!@!@
23: <receiverChannel line 51, col 20 to line 52, col 124 of module Ass3SinclaShau>
/\ senderState = "open"
/\ receiveDataQueue = <<>>
/\ messOut = <<"a", "b">>
/\ sendReqQueue = <<3>>
/\ requestNum = 3
/\ reqNum = 2
/\ synNum = 2
/\ receiveReqQueue = <<>>
/\ windowStart = 1
/\ recieverState = "open"
/\ sequenceNum = 4
/\ windowEnd = 4
/\ sendDataQueue = <<3, "c">>

@!@!@ENDMSG 2217 @!@!@
@!@!@STARTMSG 2217:4 @!@!@
24: <dataChannel line 42, col 17 to line 43, col 165 of module Ass3SinclaShau>
/\ senderState = "open"
/\ receiveDataQueue = <<3, "c">>
/\ messOut = <<"a", "b">>
/\ sendReqQueue = <<3>>
/\ requestNum = 3
/\ reqNum = 2
/\ synNum = 2
/\ receiveReqQueue = <<>>
/\ windowStart = 1
/\ recieverState = "open"
/\ sequenceNum = 4
/\ windowEnd = 4
/\ sendDataQueue = <<>>

@!@!@ENDMSG 2217 @!@!@
@!@!@STARTMSG 2217:4 @!@!@
25: <reqChannel line 45, col 16 to line 46, col 166 of module Ass3SinclaShau>
/\ senderState = "open"
/\ receiveDataQueue = <<3, "c">>
/\ messOut = <<"a", "b">>
/\ sendReqQueue = <<>>
/\ requestNum = 3
/\ reqNum = 2
/\ synNum = 2
/\ receiveReqQueue = <<3>>
/\ windowStart = 1
/\ recieverState = "open"
/\ sequenceNum = 4
/\ windowEnd = 4
/\ sendDataQueue = <<>>

@!@!@ENDMSG 2217 @!@!@
@!@!@STARTMSG 2217:4 @!@!@
26: <senderChannel line 48, col 20 to line 49, col 111 of module Ass3SinclaShau>
/\ senderState = "open"
/\ receiveDataQueue = <<3, "c">>
/\ messOut = <<"a", "b">>
/\ sendReqQueue = <<>>
/\ requestNum = 3
/\ reqNum = 2
/\ synNum = 2
/\ receiveReqQueue = <<>>
/\ windowStart = 3
/\ recieverState = "open"
/\ sequenceNum = 5
/\ windowEnd = 5
/\ sendDataQueue = <<4, "d">>

@!@!@ENDMSG 2217 @!@!@
@!@!@STARTMSG 2217:4 @!@!@
27: <receiverChannel line 51, col 20 to line 52, col 124 of module Ass3SinclaShau>
/\ senderState = "open"
/\ receiveDataQueue = <<>>
/\ messOut = <<"a", "b", "c">>
/\ sendReqQueue = <<4>>
/\ requestNum = 4
/\ reqNum = 2
/\ synNum = 2
/\ receiveReqQueue = <<>>
/\ windowStart = 3
/\ recieverState = "open"
/\ sequenceNum = 5
/\ windowEnd = 5
/\ sendDataQueue = <<4, "d">>

@!@!@ENDMSG 2217 @!@!@
@!@!@STARTMSG 2217:4 @!@!@
28: <dataChannel line 42, col 17 to line 43, col 165 of module Ass3SinclaShau>
/\ senderState = "open"
/\ receiveDataQueue = <<4, "d">>
/\ messOut = <<"a", "b", "c">>
/\ sendReqQueue = <<4>>
/\ requestNum = 4
/\ reqNum = 2
/\ synNum = 2
/\ receiveReqQueue = <<>>
/\ windowStart = 3
/\ recieverState = "open"
/\ sequenceNum = 5
/\ windowEnd = 5
/\ sendDataQueue = <<>>

@!@!@ENDMSG 2217 @!@!@
@!@!@STARTMSG 2217:4 @!@!@
29: <receiverChannel line 51, col 20 to line 52, col 124 of module Ass3SinclaShau>
/\ senderState = "open"
/\ receiveDataQueue = <<>>
/\ messOut = <<"a", "b", "c", "d">>
/\ sendReqQueue = <<5>>
/\ requestNum = 5
/\ reqNum = 2
/\ synNum = 2
/\ receiveReqQueue = <<>>
/\ windowStart = 3
/\ recieverState = "open"
/\ sequenceNum = 5
/\ windowEnd = 5
/\ sendDataQueue = <<>>

@!@!@ENDMSG 2217 @!@!@
@!@!@STARTMSG 2217:4 @!@!@
30: <senderChannel line 48, col 20 to line 49, col 111 of module Ass3SinclaShau>
/\ senderState = "open"
/\ receiveDataQueue = <<>>
/\ messOut = <<"a", "b", "c", "d">>
/\ sendReqQueue = <<5>>
/\ requestNum = 5
/\ reqNum = 2
/\ synNum = 2
/\ receiveReqQueue = <<>>
/\ windowStart = 3
/\ recieverState = "open"
/\ sequenceNum = 3
/\ windowEnd = 5
/\ sendDataQueue = <<5, "e">>

@!@!@ENDMSG 2217 @!@!@
@!@!@STARTMSG 2217:4 @!@!@
31: <dataChannel line 42, col 17 to line 43, col 165 of module Ass3SinclaShau>
/\ senderState = "open"
/\ receiveDataQueue = <<5, "e">>
/\ messOut = <<"a", "b", "c", "d">>
/\ sendReqQueue = <<5>>
/\ requestNum = 5
/\ reqNum = 2
/\ synNum = 2
/\ receiveReqQueue = <<>>
/\ windowStart = 3
/\ recieverState = "open"
/\ sequenceNum = 3
/\ windowEnd = 5
/\ sendDataQueue = <<>>

@!@!@ENDMSG 2217 @!@!@
@!@!@STARTMSG 2217:4 @!@!@
32: <receiverChannel line 51, col 20 to line 52, col 124 of module Ass3SinclaShau>
/\ senderState = "open"
/\ receiveDataQueue = <<>>
/\ messOut = <<"a", "b", "c", "d", "e">>
/\ sendReqQueue = <<6>>
/\ requestNum = 6
/\ reqNum = 2
/\ synNum = 2
/\ receiveReqQueue = <<>>
/\ windowStart = 3
/\ recieverState = "open"
/\ sequenceNum = 3
/\ windowEnd = 5
/\ sendDataQueue = <<>>

@!@!@ENDMSG 2217 @!@!@
@!@!@STARTMSG 2217:4 @!@!@
33: <reqChannel line 45, col 16 to line 46, col 166 of module Ass3SinclaShau>
/\ senderState = "open"
/\ receiveDataQueue = <<>>
/\ messOut = <<"a", "b", "c", "d", "e">>
/\ sendReqQueue = <<>>
/\ requestNum = 6
/\ reqNum = 2
/\ synNum = 2
/\ receiveReqQueue = <<6>>
/\ windowStart = 3
/\ recieverState = "open"
/\ sequenceNum = 3
/\ windowEnd = 5
/\ sendDataQueue = <<>>

@!@!@ENDMSG 2217 @!@!@
@!@!@STARTMSG 2217:4 @!@!@
34: <senderChannel line 48, col 20 to line 49, col 111 of module Ass3SinclaShau>
/\ senderState = "closing"
/\ receiveDataQueue = <<>>
/\ messOut = <<"a", "b", "c", "d", "e">>
/\ sendReqQueue = <<>>
/\ requestNum = 6
/\ reqNum = 2
/\ synNum = 2
/\ receiveReqQueue = <<>>
/\ windowStart = 3
/\ recieverState = "open"
/\ sequenceNum = 3
/\ windowEnd = 5
/\ sendDataQueue = <<>>

@!@!@ENDMSG 2217 @!@!@
@!@!@STARTMSG 2218:4 @!@!@
35: Stuttering
@!@!@ENDMSG 2218 @!@!@
@!@!@STARTMSG 2267:0 @!@!@
Finished checking temporal properties in 00s at 2019-06-13 00:25:45
@!@!@ENDMSG 2267 @!@!@
@!@!@STARTMSG 2201:0 @!@!@
The coverage statistics at 2019-06-13 00:25:45
@!@!@ENDMSG 2201 @!@!@
@!@!@STARTMSG 2773:0 @!@!@
<Init line 35, col 1 to line 35, col 4 of module Ass3SinclaShau>: 2
@!@!@ENDMSG 2773 @!@!@
@!@!@STARTMSG 2221:0 @!@!@
  line 35, col 10 to line 38, col 25 of module Ass3SinclaShau: 2
@!@!@ENDMSG 2221 @!@!@
@!@!@STARTMSG 2772:0 @!@!@
<dataChannel line 42, col 1 to line 42, col 11 of module Ass3SinclaShau>: 717:1737
@!@!@ENDMSG 2772 @!@!@
@!@!@STARTMSG 2221:0 @!@!@
  line 28, col 1 to line 28, col 86 of module Ass3SinclaShau: 52118
@!@!@ENDMSG 2221 @!@!@
@!@!@STARTMSG 2221:0 @!@!@
  line 28, col 45 to line 28, col 57 of module Ass3SinclaShau: 520549
@!@!@ENDMSG 2221 @!@!@
@!@!@STARTMSG 2221:0 @!@!@
  line 28, col 71 to line 28, col 86 of module Ass3SinclaShau: 301831
@!@!@ENDMSG 2221 @!@!@
@!@!@STARTMSG 2221:0 @!@!@
  line 60, col 16 to line 60, col 28 of module DataWire: 3324
@!@!@ENDMSG 2221 @!@!@
@!@!@STARTMSG 2221:0 @!@!@
  |line 60, col 16 to line 60, col 21 of module DataWire: 2745
@!@!@ENDMSG 2221 @!@!@
@!@!@STARTMSG 2221:0 @!@!@
  |line 60, col 25 to line 60, col 28 of module DataWire: 2745
@!@!@ENDMSG 2221 @!@!@
@!@!@STARTMSG 2221:0 @!@!@
  line 60, col 33 to line 60, col 46 of module DataWire: 1872
@!@!@ENDMSG 2221 @!@!@
@!@!@STARTMSG 2221:0 @!@!@
  |line 60, col 33 to line 60, col 39 of module DataWire: 1293
@!@!@ENDMSG 2221 @!@!@
@!@!@STARTMSG 2221:0 @!@!@
  |line 60, col 43 to line 60, col 46 of module DataWire: 1293
@!@!@ENDMSG 2221 @!@!@
@!@!@STARTMSG 2221:0 @!@!@
  line 61, col 16 to line 61, col 32 of module DataWire: 579
@!@!@ENDMSG 2221 @!@!@
@!@!@STARTMSG 2221:0 @!@!@
  line 62, col 16 to line 62, col 29 of module DataWire: 579
@!@!@ENDMSG 2221 @!@!@
@!@!@STARTMSG 2221:0 @!@!@
  line 64, col 15 to line 64, col 27 of module DataWire: 3324
@!@!@ENDMSG 2221 @!@!@
@!@!@STARTMSG 2221:0 @!@!@
  |line 64, col 15 to line 64, col 20 of module DataWire: 2745
@!@!@ENDMSG 2221 @!@!@
@!@!@STARTMSG 2221:0 @!@!@
  |line 64, col 24 to line 64, col 27 of module DataWire: 2745
@!@!@ENDMSG 2221 @!@!@
@!@!@STARTMSG 2221:0 @!@!@
  line 64, col 32 to line 64, col 45 of module DataWire: 1872
@!@!@ENDMSG 2221 @!@!@
@!@!@STARTMSG 2221:0 @!@!@
  |line 64, col 32 to line 64, col 38 of module DataWire: 1293
@!@!@ENDMSG 2221 @!@!@
@!@!@STARTMSG 2221:0 @!@!@
  |line 64, col 42 to line 64, col 45 of module DataWire: 1293
@!@!@ENDMSG 2221 @!@!@
@!@!@STARTMSG 2221:0 @!@!@
  line 65, col 15 to line 65, col 41 of module DataWire: 579
@!@!@ENDMSG 2221 @!@!@
@!@!@STARTMSG 2221:0 @!@!@
  line 66, col 15 to line 66, col 28 of module DataWire: 579
@!@!@ENDMSG 2221 @!@!@
@!@!@STARTMSG 2221:0 @!@!@
  line 68, col 12 to line 68, col 24 of module DataWire: 3324
@!@!@ENDMSG 2221 @!@!@
@!@!@STARTMSG 2221:0 @!@!@
  |line 68, col 12 to line 68, col 17 of module DataWire: 2745
@!@!@ENDMSG 2221 @!@!@
@!@!@STARTMSG 2221:0 @!@!@
  |line 68, col 21 to line 68, col 24 of module DataWire: 2745
@!@!@ENDMSG 2221 @!@!@
@!@!@STARTMSG 2221:0 @!@!@
  line 68, col 29 to line 68, col 42 of module DataWire: 1872
@!@!@ENDMSG 2221 @!@!@
@!@!@STARTMSG 2221:0 @!@!@
  |line 68, col 29 to line 68, col 35 of module DataWire: 1293
@!@!@ENDMSG 2221 @!@!@
@!@!@STARTMSG 2221:0 @!@!@
  |line 68, col 39 to line 68, col 42 of module DataWire: 1293
@!@!@ENDMSG 2221 @!@!@
@!@!@STARTMSG 2221:0 @!@!@
  line 69, col 12 to line 69, col 26 of module DataWire: 579
@!@!@ENDMSG 2221 @!@!@
@!@!@STARTMSG 2221:0 @!@!@
  line 70, col 12 to line 70, col 25 of module DataWire: 579
@!@!@ENDMSG 2221 @!@!@
@!@!@STARTMSG 2221:0 @!@!@
  line 43, col 21 to line 43, col 165 of module Ass3SinclaShau: 1737
@!@!@ENDMSG 2221 @!@!@
@!@!@STARTMSG 2772:0 @!@!@
<reqChannel line 45, col 1 to line 45, col 10 of module Ass3SinclaShau>: 1143:1641
@!@!@ENDMSG 2772 @!@!@
@!@!@STARTMSG 2221:0 @!@!@
  line 29, col 1 to line 29, col 83 of module Ass3SinclaShau: 547
@!@!@ENDMSG 2221 @!@!@
@!@!@STARTMSG 2221:0 @!@!@
  line 29, col 44 to line 29, col 55 of module Ass3SinclaShau: 8758
@!@!@ENDMSG 2221 @!@!@
@!@!@STARTMSG 2221:0 @!@!@
  line 29, col 69 to line 29, col 83 of module Ass3SinclaShau: 3105
@!@!@ENDMSG 2221 @!@!@
@!@!@STARTMSG 2221:0 @!@!@
  line 60, col 16 to line 60, col 28 of module DataWire: 3284
@!@!@ENDMSG 2221 @!@!@
@!@!@STARTMSG 2221:0 @!@!@
  |line 60, col 16 to line 60, col 21 of module DataWire: 2737
@!@!@ENDMSG 2221 @!@!@
@!@!@STARTMSG 2221:0 @!@!@
  |line 60, col 25 to line 60, col 28 of module DataWire: 2737
@!@!@ENDMSG 2221 @!@!@
@!@!@STARTMSG 2221:0 @!@!@
  line 60, col 33 to line 60, col 46 of module DataWire: 1582
@!@!@ENDMSG 2221 @!@!@
@!@!@STARTMSG 2221:0 @!@!@
  |line 60, col 33 to line 60, col 39 of module DataWire: 1035
@!@!@ENDMSG 2221 @!@!@
@!@!@STARTMSG 2221:0 @!@!@
  |line 60, col 43 to line 60, col 46 of module DataWire: 1035
@!@!@ENDMSG 2221 @!@!@
@!@!@STARTMSG 2221:0 @!@!@
  line 61, col 16 to line 61, col 32 of module DataWire: 547
@!@!@ENDMSG 2221 @!@!@
@!@!@STARTMSG 2221:0 @!@!@
  line 62, col 16 to line 62, col 29 of module DataWire: 547
@!@!@ENDMSG 2221 @!@!@
@!@!@STARTMSG 2221:0 @!@!@
  line 64, col 15 to line 64, col 27 of module DataWire: 3284
@!@!@ENDMSG 2221 @!@!@
@!@!@STARTMSG 2221:0 @!@!@
  |line 64, col 15 to line 64, col 20 of module DataWire: 2737
@!@!@ENDMSG 2221 @!@!@
@!@!@STARTMSG 2221:0 @!@!@
  |line 64, col 24 to line 64, col 27 of module DataWire: 2737
@!@!@ENDMSG 2221 @!@!@
@!@!@STARTMSG 2221:0 @!@!@
  line 64, col 32 to line 64, col 45 of module DataWire: 1582
@!@!@ENDMSG 2221 @!@!@
@!@!@STARTMSG 2221:0 @!@!@
  |line 64, col 32 to line 64, col 38 of module DataWire: 1035
@!@!@ENDMSG 2221 @!@!@
@!@!@STARTMSG 2221:0 @!@!@
  |line 64, col 42 to line 64, col 45 of module DataWire: 1035
@!@!@ENDMSG 2221 @!@!@
@!@!@STARTMSG 2221:0 @!@!@
  line 65, col 15 to line 65, col 41 of module DataWire: 547
@!@!@ENDMSG 2221 @!@!@
@!@!@STARTMSG 2221:0 @!@!@
  line 66, col 15 to line 66, col 28 of module DataWire: 547
@!@!@ENDMSG 2221 @!@!@
@!@!@STARTMSG 2221:0 @!@!@
  line 68, col 12 to line 68, col 24 of module DataWire: 3284
@!@!@ENDMSG 2221 @!@!@
@!@!@STARTMSG 2221:0 @!@!@
  |line 68, col 12 to line 68, col 17 of module DataWire: 2737
@!@!@ENDMSG 2221 @!@!@
@!@!@STARTMSG 2221:0 @!@!@
  |line 68, col 21 to line 68, col 24 of module DataWire: 2737
@!@!@ENDMSG 2221 @!@!@
@!@!@STARTMSG 2221:0 @!@!@
  line 68, col 29 to line 68, col 42 of module DataWire: 1582
@!@!@ENDMSG 2221 @!@!@
@!@!@STARTMSG 2221:0 @!@!@
  |line 68, col 29 to line 68, col 35 of module DataWire: 1035
@!@!@ENDMSG 2221 @!@!@
@!@!@STARTMSG 2221:0 @!@!@
  |line 68, col 39 to line 68, col 42 of module DataWire: 1035
@!@!@ENDMSG 2221 @!@!@
@!@!@STARTMSG 2221:0 @!@!@
  line 69, col 12 to line 69, col 26 of module DataWire: 547
@!@!@ENDMSG 2221 @!@!@
@!@!@STARTMSG 2221:0 @!@!@
  line 70, col 12 to line 70, col 25 of module DataWire: 547
@!@!@ENDMSG 2221 @!@!@
@!@!@STARTMSG 2221:0 @!@!@
  line 46, col 20 to line 46, col 166 of module Ass3SinclaShau: 1641
@!@!@ENDMSG 2221 @!@!@
@!@!@STARTMSG 2772:0 @!@!@
<senderChannel line 48, col 1 to line 48, col 13 of module Ass3SinclaShau>: 623:2935
@!@!@ENDMSG 2772 @!@!@
@!@!@STARTMSG 2221:0 @!@!@
  line 30, col 1 to line 30, col 109 of module Ass3SinclaShau: 672
@!@!@ENDMSG 2221 @!@!@
@!@!@STARTMSG 2221:0 @!@!@
  line 30, col 1 to line 30, col 109 of module Ass3SinclaShau: 10930
@!@!@ENDMSG 2221 @!@!@
@!@!@STARTMSG 2221:0 @!@!@
  line 30, col 1 to line 30, col 109 of module Ass3SinclaShau: 3605
@!@!@ENDMSG 2221 @!@!@
@!@!@STARTMSG 2221:0 @!@!@
  line 30, col 1 to line 30, col 109 of module Ass3SinclaShau: 8069
@!@!@ENDMSG 2221 @!@!@
@!@!@STARTMSG 2221:0 @!@!@
  line 30, col 1 to line 30, col 109 of module Ass3SinclaShau: 2285
@!@!@ENDMSG 2221 @!@!@
@!@!@STARTMSG 2221:0 @!@!@
  line 30, col 1 to line 30, col 109 of module Ass3SinclaShau: 2025
@!@!@ENDMSG 2221 @!@!@
@!@!@STARTMSG 2221:0 @!@!@
  line 30, col 1 to line 30, col 109 of module Ass3SinclaShau: 118
@!@!@ENDMSG 2221 @!@!@
@!@!@STARTMSG 2221:0 @!@!@
  line 30, col 44 to line 30, col 56 of module Ass3SinclaShau: 5258
@!@!@ENDMSG 2221 @!@!@
@!@!@STARTMSG 2221:0 @!@!@
  line 30, col 73 to line 30, col 87 of module Ass3SinclaShau: 11337
@!@!@ENDMSG 2221 @!@!@
@!@!@STARTMSG 2221:0 @!@!@
  line 30, col 99 to line 30, col 109 of module Ass3SinclaShau: 17167
@!@!@ENDMSG 2221 @!@!@
@!@!@STARTMSG 2221:0 @!@!@
  line 156, col 12 to line 156, col 25 of module Sender: 4629
@!@!@ENDMSG 2221 @!@!@
@!@!@STARTMSG 2221:0 @!@!@
  |line 156, col 12 to line 156, col 16 of module Sender: 2733
@!@!@ENDMSG 2221 @!@!@
@!@!@STARTMSG 2221:0 @!@!@
  line 156, col 31 to line 156, col 45 of module Sender: 3763
@!@!@ENDMSG 2221 @!@!@
@!@!@STARTMSG 2221:0 @!@!@
  |line 156, col 31 to line 156, col 38 of module Sender: 2461
@!@!@ENDMSG 2221 @!@!@
@!@!@STARTMSG 2221:0 @!@!@
  |line 156, col 42 to line 156, col 45 of module Sender: 2461
@!@!@ENDMSG 2221 @!@!@
@!@!@STARTMSG 2221:0 @!@!@
  line 156, col 50 to line 156, col 66 of module Sender: 3864
@!@!@ENDMSG 2221 @!@!@
@!@!@STARTMSG 2221:0 @!@!@
  |line 156, col 50 to line 156, col 59 of module Sender: 2461
@!@!@ENDMSG 2221 @!@!@
@!@!@STARTMSG 2221:0 @!@!@
  |line 156, col 63 to line 156, col 66 of module Sender: 2461
@!@!@ENDMSG 2221 @!@!@
@!@!@STARTMSG 2221:0 @!@!@
  line 157, col 15 to line 157, col 63 of module Sender: 2705
@!@!@ENDMSG 2221 @!@!@
@!@!@STARTMSG 2221:0 @!@!@
  |line 157, col 15 to line 157, col 31 of module Sender: 2705
@!@!@ENDMSG 2221 @!@!@
@!@!@STARTMSG 2221:0 @!@!@
  |line 157, col 36 to line 157, col 63 of module Sender: 2212
@!@!@ENDMSG 2221 @!@!@
@!@!@STARTMSG 2221:0 @!@!@
  line 158, col 26 to line 158, col 56 of module Sender: 1152
@!@!@ENDMSG 2221 @!@!@
@!@!@STARTMSG 2221:0 @!@!@
  line 159, col 34 to line 159, col 51 of module Sender: 122
@!@!@ENDMSG 2221 @!@!@
@!@!@STARTMSG 2221:0 @!@!@
  line 160, col 34 to line 160, col 71 of module Sender: 122
@!@!@ENDMSG 2221 @!@!@
@!@!@STARTMSG 2221:0 @!@!@
  line 161, col 37 to line 161, col 63 of module Sender: 1030
@!@!@ENDMSG 2221 @!@!@
@!@!@STARTMSG 2221:0 @!@!@
  line 162, col 42 to line 163, col 72 of module Sender: 670
@!@!@ENDMSG 2221 @!@!@
@!@!@STARTMSG 2221:0 @!@!@
  line 164, col 45 to line 164, col 48 of module Sender: 360
@!@!@ENDMSG 2221 @!@!@
@!@!@STARTMSG 2221:0 @!@!@
  line 165, col 45 to line 166, col 69 of module Sender: 360
@!@!@ENDMSG 2221 @!@!@
@!@!@STARTMSG 2221:0 @!@!@
  line 167, col 34 to line 167, col 47 of module Sender: 1030
@!@!@ENDMSG 2221 @!@!@
@!@!@STARTMSG 2221:0 @!@!@
  line 168, col 23 to line 168, col 26 of module Sender: 1553
@!@!@ENDMSG 2221 @!@!@
@!@!@STARTMSG 2221:0 @!@!@
  line 169, col 23 to line 169, col 67 of module Sender: 1553
@!@!@ENDMSG 2221 @!@!@
@!@!@STARTMSG 2221:0 @!@!@
  line 170, col 12 to line 170, col 29 of module Sender: 2705
@!@!@ENDMSG 2221 @!@!@
@!@!@STARTMSG 2221:0 @!@!@
  line 171, col 15 to line 171, col 105 of module Sender: 2705
@!@!@ENDMSG 2221 @!@!@
@!@!@STARTMSG 2221:0 @!@!@
  |line 171, col 15 to line 171, col 83 of module Sender: 2705
@!@!@ENDMSG 2221 @!@!@
@!@!@STARTMSG 2221:0 @!@!@
  ||line 171, col 15 to line 171, col 48 of module Sender: 2705
@!@!@ENDMSG 2221 @!@!@
@!@!@STARTMSG 2221:0 @!@!@
  |||line 171, col 15 to line 171, col 29 of module Sender: 2705
@!@!@ENDMSG 2221 @!@!@
@!@!@STARTMSG 2221:0 @!@!@
  |||line 171, col 34 to line 171, col 48 of module Sender: 2111
@!@!@ENDMSG 2221 @!@!@
@!@!@STARTMSG 2221:0 @!@!@
  ||line 171, col 53 to line 171, col 83 of module Sender: 2111
@!@!@ENDMSG 2221 @!@!@
@!@!@STARTMSG 2221:0 @!@!@
  |line 171, col 88 to line 171, col 105 of module Sender: 2111
@!@!@ENDMSG 2221 @!@!@
@!@!@STARTMSG 2221:0 @!@!@
  line 172, col 23 to line 172, col 72 of module Sender: 2025
@!@!@ENDMSG 2221 @!@!@
@!@!@STARTMSG 2221:0 @!@!@
  line 173, col 26 to line 173, col 83 of module Sender: 2025
@!@!@ENDMSG 2221 @!@!@
@!@!@STARTMSG 2221:0 @!@!@
  |line 173, col 26 to line 173, col 49 of module Sender: 2025
@!@!@ENDMSG 2221 @!@!@
@!@!@STARTMSG 2221:0 @!@!@
  |line 173, col 54 to line 173, col 83 of module Sender: 1580
@!@!@ENDMSG 2221 @!@!@
@!@!@STARTMSG 2221:0 @!@!@
  line 174, col 31 to line 174, col 63 of module Sender: 1030
@!@!@ENDMSG 2221 @!@!@
@!@!@STARTMSG 2221:0 @!@!@
  line 175, col 31 to line 175, col 60 of module Sender: 995
@!@!@ENDMSG 2221 @!@!@
@!@!@STARTMSG 2221:0 @!@!@
  line 176, col 23 to line 176, col 26 of module Sender: 680
@!@!@ENDMSG 2221 @!@!@
@!@!@STARTMSG 2221:0 @!@!@
  line 177, col 23 to line 177, col 59 of module Sender: 680
@!@!@ENDMSG 2221 @!@!@
@!@!@STARTMSG 2221:0 @!@!@
  line 178, col 12 to line 178, col 27 of module Sender: 2705
@!@!@ENDMSG 2221 @!@!@
@!@!@STARTMSG 2221:0 @!@!@
  line 180, col 11 to line 180, col 27 of module Sender: 2783
@!@!@ENDMSG 2221 @!@!@
@!@!@STARTMSG 2221:0 @!@!@
  |line 180, col 11 to line 180, col 15 of module Sender: 2733
@!@!@ENDMSG 2221 @!@!@
@!@!@STARTMSG 2221:0 @!@!@
  line 180, col 32 to line 180, col 46 of module Sender: 142
@!@!@ENDMSG 2221 @!@!@
@!@!@STARTMSG 2221:0 @!@!@
  |line 180, col 32 to line 180, col 39 of module Sender: 92
@!@!@ENDMSG 2221 @!@!@
@!@!@STARTMSG 2221:0 @!@!@
  |line 180, col 43 to line 180, col 46 of module Sender: 92
@!@!@ENDMSG 2221 @!@!@
@!@!@STARTMSG 2221:0 @!@!@
  line 181, col 14 to line 181, col 30 of module Sender: 50
@!@!@ENDMSG 2221 @!@!@
@!@!@STARTMSG 2221:0 @!@!@
  line 182, col 25 to line 182, col 49 of module Sender: 16
@!@!@ENDMSG 2221 @!@!@
@!@!@STARTMSG 2221:0 @!@!@
  line 183, col 36 to line 183, col 108 of module Sender: 16
@!@!@ENDMSG 2221 @!@!@
@!@!@STARTMSG 2221:0 @!@!@
  |line 183, col 36 to line 183, col 73 of module Sender: 16
@!@!@ENDMSG 2221 @!@!@
@!@!@STARTMSG 2221:0 @!@!@
  ||line 183, col 36 to line 183, col 52 of module Sender: 16
@!@!@ENDMSG 2221 @!@!@
@!@!@STARTMSG 2221:0 @!@!@
  ||line 183, col 57 to line 183, col 73 of module Sender: 9
@!@!@ENDMSG 2221 @!@!@
@!@!@STARTMSG 2221:0 @!@!@
  |line 183, col 78 to line 183, col 108 of module Sender: 9
@!@!@ENDMSG 2221 @!@!@
@!@!@STARTMSG 2221:0 @!@!@
  line 184, col 41 to line 185, col 71 of module Sender: 9
@!@!@ENDMSG 2221 @!@!@
@!@!@STARTMSG 2221:0 @!@!@
  line 186, col 44 to line 186, col 47 of module Sender: 7
@!@!@ENDMSG 2221 @!@!@
@!@!@STARTMSG 2221:0 @!@!@
  line 187, col 44 to line 187, col 72 of module Sender: 7
@!@!@ENDMSG 2221 @!@!@
@!@!@STARTMSG 2221:0 @!@!@
  line 189, col 33 to line 189, col 61 of module Sender: 0
@!@!@ENDMSG 2221 @!@!@
@!@!@STARTMSG 2221:0 @!@!@
  line 190, col 22 to line 190, col 39 of module Sender: 16
@!@!@ENDMSG 2221 @!@!@
@!@!@STARTMSG 2221:0 @!@!@
  line 191, col 22 to line 191, col 25 of module Sender: 34
@!@!@ENDMSG 2221 @!@!@
@!@!@STARTMSG 2221:0 @!@!@
  line 192, col 22 to line 192, col 62 of module Sender: 34
@!@!@ENDMSG 2221 @!@!@
@!@!@STARTMSG 2221:0 @!@!@
  line 193, col 14 to line 193, col 31 of module Sender: 50
@!@!@ENDMSG 2221 @!@!@
@!@!@STARTMSG 2221:0 @!@!@
  line 194, col 19 to line 194, col 54 of module Sender: 41
@!@!@ENDMSG 2221 @!@!@
@!@!@STARTMSG 2221:0 @!@!@
  line 195, col 22 to line 195, col 25 of module Sender: 9
@!@!@ENDMSG 2221 @!@!@
@!@!@STARTMSG 2221:0 @!@!@
  line 196, col 22 to line 196, col 39 of module Sender: 9
@!@!@ENDMSG 2221 @!@!@
@!@!@STARTMSG 2221:0 @!@!@
  line 197, col 11 to line 197, col 61 of module Sender: 50
@!@!@ENDMSG 2221 @!@!@
@!@!@STARTMSG 2221:0 @!@!@
  line 199, col 11 to line 199, col 37 of module Sender: 2828
@!@!@ENDMSG 2221 @!@!@
@!@!@STARTMSG 2221:0 @!@!@
  |line 199, col 11 to line 199, col 15 of module Sender: 2733
@!@!@ENDMSG 2221 @!@!@
@!@!@STARTMSG 2221:0 @!@!@
  line 200, col 14 to line 200, col 30 of module Sender: 95
@!@!@ENDMSG 2221 @!@!@
@!@!@STARTMSG 2221:0 @!@!@
  line 201, col 25 to line 201, col 49 of module Sender: 57
@!@!@ENDMSG 2221 @!@!@
@!@!@STARTMSG 2221:0 @!@!@
  line 202, col 36 to line 202, col 83 of module Sender: 57
@!@!@ENDMSG 2221 @!@!@
@!@!@STARTMSG 2221:0 @!@!@
  |line 202, col 36 to line 202, col 54 of module Sender: 57
@!@!@ENDMSG 2221 @!@!@
@!@!@STARTMSG 2221:0 @!@!@
  |line 202, col 59 to line 202, col 83 of module Sender: 34
@!@!@ENDMSG 2221 @!@!@
@!@!@STARTMSG 2221:0 @!@!@
  line 203, col 44 to line 203, col 58 of module Sender: 11
@!@!@ENDMSG 2221 @!@!@
@!@!@STARTMSG 2221:0 @!@!@
  line 204, col 44 to line 204, col 63 of module Sender: 11
@!@!@ENDMSG 2221 @!@!@
@!@!@STARTMSG 2221:0 @!@!@
  line 205, col 41 to line 206, col 57 of module Sender: 46
@!@!@ENDMSG 2221 @!@!@
@!@!@STARTMSG 2221:0 @!@!@
  line 209, col 22 to line 209, col 25 of module Sender: 38
@!@!@ENDMSG 2221 @!@!@
@!@!@STARTMSG 2221:0 @!@!@
  line 210, col 22 to line 210, col 54 of module Sender: 38
@!@!@ENDMSG 2221 @!@!@
@!@!@STARTMSG 2221:0 @!@!@
  line 211, col 14 to line 211, col 41 of module Sender: 95
@!@!@ENDMSG 2221 @!@!@
@!@!@STARTMSG 2221:0 @!@!@
  line 212, col 19 to line 212, col 66 of module Sender: 84
@!@!@ENDMSG 2221 @!@!@
@!@!@STARTMSG 2221:0 @!@!@
  line 213, col 22 to line 213, col 25 of module Sender: 11
@!@!@ENDMSG 2221 @!@!@
@!@!@STARTMSG 2221:0 @!@!@
  line 214, col 22 to line 214, col 39 of module Sender: 11
@!@!@ENDMSG 2221 @!@!@
@!@!@STARTMSG 2221:0 @!@!@
  line 215, col 11 to line 215, col 69 of module Sender: 95
@!@!@ENDMSG 2221 @!@!@
@!@!@STARTMSG 2221:0 @!@!@
  line 217, col 11 to line 217, col 27 of module Sender: 2818
@!@!@ENDMSG 2221 @!@!@
@!@!@STARTMSG 2221:0 @!@!@
  |line 217, col 11 to line 217, col 15 of module Sender: 2733
@!@!@ENDMSG 2221 @!@!@
@!@!@STARTMSG 2221:0 @!@!@
  line 218, col 11 to line 227, col 35 of module Sender: 85
@!@!@ENDMSG 2221 @!@!@
@!@!@STARTMSG 2221:0 @!@!@
  line 228, col 11 to line 228, col 28 of module Sender: 85
@!@!@ENDMSG 2221 @!@!@
@!@!@STARTMSG 2221:0 @!@!@
  line 229, col 14 to line 229, col 31 of module Sender: 85
@!@!@ENDMSG 2221 @!@!@
@!@!@STARTMSG 2221:0 @!@!@
  line 230, col 19 to line 230, col 39 of module Sender: 85
@!@!@ENDMSG 2221 @!@!@
@!@!@STARTMSG 2221:0 @!@!@
  line 232, col 22 to line 232, col 39 of module Sender: 0
@!@!@ENDMSG 2221 @!@!@
@!@!@STARTMSG 2221:0 @!@!@
  line 233, col 11 to line 233, col 69 of module Sender: 85
@!@!@ENDMSG 2221 @!@!@
@!@!@STARTMSG 2221:0 @!@!@
  line 235, col 14 to line 235, col 51 of module Sender: 2733
@!@!@ENDMSG 2221 @!@!@
@!@!@STARTMSG 2221:0 @!@!@
  line 247, col 25 to line 247, col 42 of module Sender: 0
@!@!@ENDMSG 2221 @!@!@
@!@!@STARTMSG 2221:0 @!@!@
  line 248, col 14 to line 248, col 72 of module Sender: 0
@!@!@ENDMSG 2221 @!@!@
@!@!@STARTMSG 2221:0 @!@!@
  line 49, col 24 to line 49, col 111 of module Ass3SinclaShau: 2935
@!@!@ENDMSG 2221 @!@!@
@!@!@STARTMSG 2772:0 @!@!@
<receiverChannel line 51, col 1 to line 51, col 15 of module Ass3SinclaShau>: 382:1639
@!@!@ENDMSG 2772 @!@!@
@!@!@STARTMSG 2221:0 @!@!@
  line 31, col 1 to line 31, col 133 of module Ass3SinclaShau: 2141
@!@!@ENDMSG 2221 @!@!@
@!@!@STARTMSG 2221:0 @!@!@
  line 31, col 1 to line 31, col 133 of module Ass3SinclaShau: 1636
@!@!@ENDMSG 2221 @!@!@
@!@!@STARTMSG 2221:0 @!@!@
  line 31, col 1 to line 31, col 133 of module Ass3SinclaShau: 70
@!@!@ENDMSG 2221 @!@!@
@!@!@STARTMSG 2221:0 @!@!@
  line 31, col 75 to line 31, col 90 of module Ass3SinclaShau: 12025
@!@!@ENDMSG 2221 @!@!@
@!@!@STARTMSG 2221:0 @!@!@
  line 31, col 103 to line 31, col 109 of module Ass3SinclaShau: 188
@!@!@ENDMSG 2221 @!@!@
@!@!@STARTMSG 2221:0 @!@!@
  line 31, col 121 to line 31, col 133 of module Ass3SinclaShau: 16986
@!@!@ENDMSG 2221 @!@!@
@!@!@STARTMSG 2221:0 @!@!@
  line 138, col 14 to line 138, col 30 of module Receiver: 4158
@!@!@ENDMSG 2221 @!@!@
@!@!@STARTMSG 2221:0 @!@!@
  |line 138, col 14 to line 138, col 23 of module Receiver: 2722
@!@!@ENDMSG 2221 @!@!@
@!@!@STARTMSG 2221:0 @!@!@
  |line 138, col 27 to line 138, col 30 of module Receiver: 2722
@!@!@ENDMSG 2221 @!@!@
@!@!@STARTMSG 2221:0 @!@!@
  line 138, col 35 to line 138, col 48 of module Receiver: 3072
@!@!@ENDMSG 2221 @!@!@
@!@!@STARTMSG 2221:0 @!@!@
  |line 138, col 35 to line 138, col 39 of module Receiver: 1636
@!@!@ENDMSG 2221 @!@!@
@!@!@STARTMSG 2221:0 @!@!@
  line 139, col 17 to line 139, col 44 of module Receiver: 1436
@!@!@ENDMSG 2221 @!@!@
@!@!@STARTMSG 2221:0 @!@!@
  line 140, col 28 to line 140, col 45 of module Receiver: 832
@!@!@ENDMSG 2221 @!@!@
@!@!@STARTMSG 2221:0 @!@!@
  line 141, col 36 to line 141, col 53 of module Receiver: 10
@!@!@ENDMSG 2221 @!@!@
@!@!@STARTMSG 2221:0 @!@!@
  line 142, col 36 to line 142, col 78 of module Receiver: 10
@!@!@ENDMSG 2221 @!@!@
@!@!@STARTMSG 2221:0 @!@!@
  line 143, col 40 to line 143, col 65 of module Receiver: 822
@!@!@ENDMSG 2221 @!@!@
@!@!@STARTMSG 2221:0 @!@!@
  line 144, col 44 to line 145, col 74 of module Receiver: 188
@!@!@ENDMSG 2221 @!@!@
@!@!@STARTMSG 2221:0 @!@!@
  line 146, col 47 to line 146, col 50 of module Receiver: 634
@!@!@ENDMSG 2221 @!@!@
@!@!@STARTMSG 2221:0 @!@!@
  line 147, col 47 to line 147, col 80 of module Receiver: 634
@!@!@ENDMSG 2221 @!@!@
@!@!@STARTMSG 2221:0 @!@!@
  line 148, col 36 to line 148, col 61 of module Receiver: 822
@!@!@ENDMSG 2221 @!@!@
@!@!@STARTMSG 2221:0 @!@!@
  line 149, col 36 to line 149, col 49 of module Receiver: 822
@!@!@ENDMSG 2221 @!@!@
@!@!@STARTMSG 2221:0 @!@!@
  line 150, col 25 to line 150, col 28 of module Receiver: 604
@!@!@ENDMSG 2221 @!@!@
@!@!@STARTMSG 2221:0 @!@!@
  line 151, col 25 to line 151, col 74 of module Receiver: 604
@!@!@ENDMSG 2221 @!@!@
@!@!@STARTMSG 2221:0 @!@!@
  line 152, col 14 to line 152, col 31 of module Receiver: 1436
@!@!@ENDMSG 2221 @!@!@
@!@!@STARTMSG 2221:0 @!@!@
  line 153, col 14 to line 153, col 29 of module Receiver: 1436
@!@!@ENDMSG 2221 @!@!@
@!@!@STARTMSG 2221:0 @!@!@
  line 155, col 15 to line 155, col 29 of module Receiver: 2727
@!@!@ENDMSG 2221 @!@!@
@!@!@STARTMSG 2221:0 @!@!@
  |line 155, col 15 to line 155, col 19 of module Receiver: 2722
@!@!@ENDMSG 2221 @!@!@
@!@!@STARTMSG 2221:0 @!@!@
  line 155, col 34 to line 155, col 50 of module Receiver: 23
@!@!@ENDMSG 2221 @!@!@
@!@!@STARTMSG 2221:0 @!@!@
  |line 155, col 34 to line 155, col 43 of module Receiver: 18
@!@!@ENDMSG 2221 @!@!@
@!@!@STARTMSG 2221:0 @!@!@
  |line 155, col 47 to line 155, col 50 of module Receiver: 18
@!@!@ENDMSG 2221 @!@!@
@!@!@STARTMSG 2221:0 @!@!@
  line 156, col 18 to line 156, col 42 of module Receiver: 5
@!@!@ENDMSG 2221 @!@!@
@!@!@STARTMSG 2221:0 @!@!@
  line 157, col 29 to line 157, col 66 of module Receiver: 5
@!@!@ENDMSG 2221 @!@!@
@!@!@STARTMSG 2221:0 @!@!@
  |line 157, col 29 to line 157, col 45 of module Receiver: 5
@!@!@ENDMSG 2221 @!@!@
@!@!@STARTMSG 2221:0 @!@!@
  |line 157, col 50 to line 157, col 66 of module Receiver: 3
@!@!@ENDMSG 2221 @!@!@
@!@!@STARTMSG 2221:0 @!@!@
  line 158, col 37 to line 158, col 63 of module Receiver: 3
@!@!@ENDMSG 2221 @!@!@
@!@!@STARTMSG 2221:0 @!@!@
  line 159, col 37 to line 159, col 58 of module Receiver: 3
@!@!@ENDMSG 2221 @!@!@
@!@!@STARTMSG 2221:0 @!@!@
  line 160, col 37 to line 160, col 56 of module Receiver: 3
@!@!@ENDMSG 2221 @!@!@
@!@!@STARTMSG 2221:0 @!@!@
  line 161, col 37 to line 161, col 54 of module Receiver: 2
@!@!@ENDMSG 2221 @!@!@
@!@!@STARTMSG 2221:0 @!@!@
  line 162, col 37 to line 162, col 65 of module Receiver: 2
@!@!@ENDMSG 2221 @!@!@
@!@!@STARTMSG 2221:0 @!@!@
  line 164, col 26 to line 164, col 54 of module Receiver: 0
@!@!@ENDMSG 2221 @!@!@
@!@!@STARTMSG 2221:0 @!@!@
  line 165, col 15 to line 165, col 57 of module Receiver: 5
@!@!@ENDMSG 2221 @!@!@
@!@!@STARTMSG 2221:0 @!@!@
  line 167, col 18 to line 167, col 38 of module Receiver: 2792
@!@!@ENDMSG 2221 @!@!@
@!@!@STARTMSG 2221:0 @!@!@
  |line 167, col 18 to line 167, col 22 of module Receiver: 2722
@!@!@ENDMSG 2221 @!@!@
@!@!@STARTMSG 2221:0 @!@!@
  line 167, col 43 to line 167, col 59 of module Receiver: 183
@!@!@ENDMSG 2221 @!@!@
@!@!@STARTMSG 2221:0 @!@!@
  |line 167, col 43 to line 167, col 52 of module Receiver: 113
@!@!@ENDMSG 2221 @!@!@
@!@!@STARTMSG 2221:0 @!@!@
  |line 167, col 56 to line 167, col 59 of module Receiver: 113
@!@!@ENDMSG 2221 @!@!@
@!@!@STARTMSG 2221:0 @!@!@
  line 168, col 21 to line 168, col 45 of module Receiver: 70
@!@!@ENDMSG 2221 @!@!@
@!@!@STARTMSG 2221:0 @!@!@
  line 169, col 32 to line 169, col 152 of module Receiver: 70
@!@!@ENDMSG 2221 @!@!@
@!@!@STARTMSG 2221:0 @!@!@
  |line 169, col 32 to line 169, col 118 of module Receiver: 70
@!@!@ENDMSG 2221 @!@!@
@!@!@STARTMSG 2221:0 @!@!@
  ||line 169, col 32 to line 169, col 92 of module Receiver: 70
@!@!@ENDMSG 2221 @!@!@
@!@!@STARTMSG 2221:0 @!@!@
  |||line 169, col 32 to line 169, col 71 of module Receiver: 70
@!@!@ENDMSG 2221 @!@!@
@!@!@STARTMSG 2221:0 @!@!@
  ||||line 169, col 32 to line 169, col 50 of module Receiver: 70
@!@!@ENDMSG 2221 @!@!@
@!@!@STARTMSG 2221:0 @!@!@
  ||||line 169, col 55 to line 169, col 71 of module Receiver: 11
@!@!@ENDMSG 2221 @!@!@
@!@!@STARTMSG 2221:0 @!@!@
  |||line 169, col 76 to line 169, col 92 of module Receiver: 11
@!@!@ENDMSG 2221 @!@!@
@!@!@STARTMSG 2221:0 @!@!@
  ||line 169, col 97 to line 169, col 118 of module Receiver: 11
@!@!@ENDMSG 2221 @!@!@
@!@!@STARTMSG 2221:0 @!@!@
  |line 169, col 123 to line 169, col 152 of module Receiver: 11
@!@!@ENDMSG 2221 @!@!@
@!@!@STARTMSG 2221:0 @!@!@
  line 170, col 37 to line 170, col 63 of module Receiver: 11
@!@!@ENDMSG 2221 @!@!@
@!@!@STARTMSG 2221:0 @!@!@
  line 171, col 37 to line 172, col 53 of module Receiver: 59
@!@!@ENDMSG 2221 @!@!@
@!@!@STARTMSG 2221:0 @!@!@
  line 173, col 29 to line 173, col 46 of module Receiver: 70
@!@!@ENDMSG 2221 @!@!@
@!@!@STARTMSG 2221:0 @!@!@
  line 176, col 21 to line 176, col 42 of module Receiver: 70
@!@!@ENDMSG 2221 @!@!@
@!@!@STARTMSG 2221:0 @!@!@
  line 177, col 26 to line 177, col 67 of module Receiver: 59
@!@!@ENDMSG 2221 @!@!@
@!@!@STARTMSG 2221:0 @!@!@
  line 178, col 29 to line 178, col 32 of module Receiver: 11
@!@!@ENDMSG 2221 @!@!@
@!@!@STARTMSG 2221:0 @!@!@
  line 179, col 29 to line 179, col 45 of module Receiver: 11
@!@!@ENDMSG 2221 @!@!@
@!@!@STARTMSG 2221:0 @!@!@
  line 180, col 18 to line 180, col 59 of module Receiver: 70
@!@!@ENDMSG 2221 @!@!@
@!@!@STARTMSG 2221:0 @!@!@
  line 182, col 16 to line 182, col 32 of module Receiver: 2847
@!@!@ENDMSG 2221 @!@!@
@!@!@STARTMSG 2221:0 @!@!@
  |line 182, col 16 to line 182, col 25 of module Receiver: 2722
@!@!@ENDMSG 2221 @!@!@
@!@!@STARTMSG 2221:0 @!@!@
  |line 182, col 29 to line 182, col 32 of module Receiver: 2722
@!@!@ENDMSG 2221 @!@!@
@!@!@STARTMSG 2221:0 @!@!@
  line 182, col 37 to line 182, col 59 of module Receiver: 1761
@!@!@ENDMSG 2221 @!@!@
@!@!@STARTMSG 2221:0 @!@!@
  |line 182, col 37 to line 182, col 41 of module Receiver: 1636
@!@!@ENDMSG 2221 @!@!@
@!@!@STARTMSG 2221:0 @!@!@
  line 183, col 19 to line 183, col 43 of module Receiver: 125
@!@!@ENDMSG 2221 @!@!@
@!@!@STARTMSG 2221:0 @!@!@
  line 184, col 30 to line 184, col 55 of module Receiver: 125
@!@!@ENDMSG 2221 @!@!@
@!@!@STARTMSG 2221:0 @!@!@
  line 185, col 35 to line 185, col 52 of module Receiver: 11
@!@!@ENDMSG 2221 @!@!@
@!@!@STARTMSG 2221:0 @!@!@
  line 186, col 35 to line 187, col 51 of module Receiver: 114
@!@!@ENDMSG 2221 @!@!@
@!@!@STARTMSG 2221:0 @!@!@
  line 190, col 19 to line 190, col 42 of module Receiver: 125
@!@!@ENDMSG 2221 @!@!@
@!@!@STARTMSG 2221:0 @!@!@
  line 191, col 24 to line 192, col 44 of module Receiver: 114
@!@!@ENDMSG 2221 @!@!@
@!@!@STARTMSG 2221:0 @!@!@
  line 193, col 27 to line 193, col 30 of module Receiver: 11
@!@!@ENDMSG 2221 @!@!@
@!@!@STARTMSG 2221:0 @!@!@
  line 194, col 27 to line 194, col 61 of module Receiver: 11
@!@!@ENDMSG 2221 @!@!@
@!@!@STARTMSG 2221:0 @!@!@
  line 195, col 16 to line 195, col 57 of module Receiver: 125
@!@!@ENDMSG 2221 @!@!@
@!@!@STARTMSG 2221:0 @!@!@
  line 197, col 15 to line 197, col 31 of module Receiver: 2722
@!@!@ENDMSG 2221 @!@!@
@!@!@STARTMSG 2221:0 @!@!@
  line 197, col 36 to line 197, col 52 of module Receiver: 1636
@!@!@ENDMSG 2221 @!@!@
@!@!@STARTMSG 2221:0 @!@!@
  line 208, col 26 to line 208, col 42 of module Receiver: 0
@!@!@ENDMSG 2221 @!@!@
@!@!@STARTMSG 2221:0 @!@!@
  line 209, col 15 to line 209, col 68 of module Receiver: 0
@!@!@ENDMSG 2221 @!@!@
@!@!@STARTMSG 2221:0 @!@!@
  line 211, col 15 to line 211, col 31 of module Receiver: 2725
@!@!@ENDMSG 2221 @!@!@
@!@!@STARTMSG 2221:0 @!@!@
  |line 211, col 15 to line 211, col 19 of module Receiver: 2722
@!@!@ENDMSG 2221 @!@!@
@!@!@STARTMSG 2221:0 @!@!@
  line 211, col 36 to line 211, col 51 of module Receiver: 2722
@!@!@ENDMSG 2221 @!@!@
@!@!@STARTMSG 2221:0 @!@!@
  line 212, col 15 to line 212, col 31 of module Receiver: 3
@!@!@ENDMSG 2221 @!@!@
@!@!@STARTMSG 2221:0 @!@!@
  line 213, col 15 to line 213, col 34 of module Receiver: 3
@!@!@ENDMSG 2221 @!@!@
@!@!@STARTMSG 2221:0 @!@!@
  line 214, col 15 to line 214, col 68 of module Receiver: 3
@!@!@ENDMSG 2221 @!@!@
@!@!@STARTMSG 2221:0 @!@!@
  line 52, col 23 to line 52, col 124 of module Ass3SinclaShau: 1639
@!@!@ENDMSG 2221 @!@!@
@!@!@STARTMSG 2202:0 @!@!@
End of statistics.
@!@!@ENDMSG 2202 @!@!@
@!@!@STARTMSG 2200:0 @!@!@
Progress(38) at 2019-06-13 00:25:46: 7,686 states generated (70,535 s/min), 2,866 distinct states found (26,301 ds/min), 204 states left on queue.
@!@!@ENDMSG 2200 @!@!@
@!@!@STARTMSG 2199:0 @!@!@
7686 states generated, 2866 distinct states found, 204 states left on queue.
@!@!@ENDMSG 2199 @!@!@
@!@!@STARTMSG 2186:0 @!@!@
Finished in 6700ms at (2019-06-13 00:25:46)
@!@!@ENDMSG 2186 @!@!@
